2023-12-20 04:48:59,001 [INFO] Activator:176 - 


2023-12-20 04:48:59,012 [INFO] Activator:177 - !SESSION log4j initialized
2023-12-20 04:49:10,489 [INFO] LogOutputStream:77 - [STDOUT_REDIRECT] 
2023-12-20 04:49:13,060 [INFO] ApplicationProperties:184 - Using Application install path: D:\hocviec\download\STM32CubeIDE_1.14.0\STM32CubeIDE\plugins\com.st.stm32cube.common.mx_6.10.0.202311202037
2023-12-20 04:49:13,095 [INFO] DbMcusXml:78 - Set database path to: D:\hocviec\download\STM32CubeIDE_1.14.0\STM32CubeIDE\plugins\com.st.stm32cube.common.mx_6.10.0.202311202037\\db\/mcu/
2023-12-20 04:49:13,096 [INFO] ApiDb:274 - Set plugin database path to: D:\hocviec\download\STM32CubeIDE_1.14.0\STM32CubeIDE\plugins\com.st.stm32cube.common.mx_6.10.0.202311202037\\db\/plugins/boardmanager/
2023-12-20 04:49:13,097 [WARN] ApiDb:259 - Overriding images path with different value:  => D:\hocviec\download\STM32CubeIDE_1.14.0\STM32CubeIDE\plugins\com.st.stm32cube.common.mx_6.10.0.202311202037\\db\/plugins/mcufinder/images/
2023-12-20 04:49:13,113 [INFO] ApiDb:250 - Set database path to: C:\Users\Admin\.stmcufinder\plugins\mcufinder//mcu/
2023-12-20 04:49:13,115 [INFO] DbMcusAds:125 - Set database path to: C:\Users\Admin\.stmcufinder\plugins\mcufinder//mcu/
2023-12-20 04:49:13,120 [INFO] CrossReferenceDbSqlite:203 - Set database path to: C:\Users\Admin\.stmcufinder\plugins\mcufinder//mcu/cs/
2023-12-20 04:49:13,357 [INFO] RulesReader:64 - Compatibility file has been processed (297 Rules)
2023-12-20 04:49:13,534 [INFO] DbMcusXml:78 - Set database path to: D:\hocviec\download\STM32CubeIDE_1.14.0\STM32CubeIDE\plugins\com.st.stm32cube.common.mx_6.10.0.202311202037\\db\/mcu/
2023-12-20 04:49:13,535 [INFO] ApiDb:274 - Set plugin database path to: D:\hocviec\download\STM32CubeIDE_1.14.0\STM32CubeIDE\plugins\com.st.stm32cube.common.mx_6.10.0.202311202037\\db\/plugins/boardmanager/
2023-12-20 04:49:13,535 [INFO] ApiDb:261 - Set plugin images path to: D:\hocviec\download\STM32CubeIDE_1.14.0\STM32CubeIDE\plugins\com.st.stm32cube.common.mx_6.10.0.202311202037\\db\/plugins/mcufinder/images/
2023-12-20 04:49:13,536 [WARN] DbFile:41 - Overriding database path with different value: C:\Users\Admin\.stmcufinder\plugins\mcufinder/ => C:\Users\Admin\.stmcufinder\plugins\mcufinder
2023-12-20 04:49:13,536 [INFO] ApiDb:250 - Set database path to: C:\Users\Admin\.stmcufinder\plugins\mcufinder//mcu/
2023-12-20 04:49:13,536 [WARN] DbFile:41 - Overriding database path with different value: C:\Users\Admin\.stmcufinder\plugins\mcufinder/ => C:\Users\Admin\.stmcufinder\plugins\mcufinder
2023-12-20 04:49:13,537 [INFO] DbMcusAds:125 - Set database path to: C:\Users\Admin\.stmcufinder\plugins\mcufinder//mcu/
2023-12-20 04:49:13,537 [WARN] DbFile:41 - Overriding database path with different value: C:\Users\Admin\.stmcufinder\plugins\mcufinder/ => C:\Users\Admin\.stmcufinder\plugins\mcufinder
2023-12-20 04:49:13,537 [WARN] DbFile:41 - Overriding database path with different value: C:\Users\Admin\.stmcufinder\plugins\mcufinder/ => C:\Users\Admin\.stmcufinder\plugins\mcufinder
2023-12-20 04:49:13,537 [INFO] CrossReferenceDbSqlite:203 - Set database path to: C:\Users\Admin\.stmcufinder\plugins\mcufinder//mcu/cs/
2023-12-20 04:49:13,699 [INFO] MainPanel:264 - HeapMemory: 268435456
2023-12-20 04:49:13,880 [INFO] DbMcusXml:78 - Set database path to: D:\hocviec\download\STM32CubeIDE_1.14.0\STM32CubeIDE\plugins\com.st.stm32cube.common.mx_6.10.0.202311202037\\db\/mcu/
2023-12-20 04:49:13,880 [INFO] ApiDb:274 - Set plugin database path to: D:\hocviec\download\STM32CubeIDE_1.14.0\STM32CubeIDE\plugins\com.st.stm32cube.common.mx_6.10.0.202311202037\\db\/plugins/boardmanager/
2023-12-20 04:49:13,880 [INFO] ApiDb:261 - Set plugin images path to: D:\hocviec\download\STM32CubeIDE_1.14.0\STM32CubeIDE\plugins\com.st.stm32cube.common.mx_6.10.0.202311202037\\db\/plugins/mcufinder/images/
2023-12-20 04:49:13,881 [WARN] DbFile:41 - Overriding database path with different value: C:\Users\Admin\.stmcufinder\plugins\mcufinder/ => C:\Users\Admin\.stmcufinder\plugins\mcufinder
2023-12-20 04:49:13,881 [INFO] ApiDb:250 - Set database path to: C:\Users\Admin\.stmcufinder\plugins\mcufinder//mcu/
2023-12-20 04:49:13,881 [WARN] DbFile:41 - Overriding database path with different value: C:\Users\Admin\.stmcufinder\plugins\mcufinder/ => C:\Users\Admin\.stmcufinder\plugins\mcufinder
2023-12-20 04:49:13,882 [INFO] DbMcusAds:125 - Set database path to: C:\Users\Admin\.stmcufinder\plugins\mcufinder//mcu/
2023-12-20 04:49:13,882 [WARN] DbFile:41 - Overriding database path with different value: C:\Users\Admin\.stmcufinder\plugins\mcufinder/ => C:\Users\Admin\.stmcufinder\plugins\mcufinder
2023-12-20 04:49:13,882 [WARN] DbFile:41 - Overriding database path with different value: C:\Users\Admin\.stmcufinder\plugins\mcufinder/ => C:\Users\Admin\.stmcufinder\plugins\mcufinder
2023-12-20 04:49:13,882 [INFO] CrossReferenceDbSqlite:203 - Set database path to: C:\Users\Admin\.stmcufinder\plugins\mcufinder//mcu/cs/
2023-12-20 04:49:13,917 [INFO] ApplicationProperties:184 - Using Application install path: D:\hocviec\download\STM32CubeIDE_1.14.0\STM32CubeIDE\plugins\com.st.stm32cube.common.mx_6.10.0.202311202037
2023-12-20 04:49:13,921 [INFO] PluginManage:196 - Search for loadable plugins [exclusion list=, ]
2023-12-20 04:49:13,924 [INFO] PluginManage:310 - Check plugin analytics
2023-12-20 04:49:14,297 [INFO] AnalyticsPlugin:253 - Accepted Software Licenses: 
2023-12-20 04:49:14,298 [INFO] AnalyticsPlugin:255 - Accepted CMSIS Pack Licenses: 
2023-12-20 04:49:14,298 [INFO] AnalyticsPlugin:257 - Accepted Firmware Licenses: 
2023-12-20 04:49:14,304 [INFO] PluginManage:359 - Loaded plugin analytics (category:tool,tabindex:-1)
2023-12-20 04:49:14,306 [INFO] PluginManage:310 - Check plugin cadmodel
2023-12-20 04:49:14,319 [INFO] CADModel:105 - Init CAD model plugin
2023-12-20 04:49:14,319 [INFO] PluginManage:359 - Loaded plugin cadmodel (category:power,tabindex:5)
2023-12-20 04:49:14,320 [INFO] PluginManage:310 - Check plugin clock
2023-12-20 04:49:14,342 [INFO] PluginManage:359 - Loaded plugin clock (category:base,tabindex:2)
2023-12-20 04:49:14,343 [INFO] PluginManage:310 - Check plugin ddr
2023-12-20 04:49:14,348 [INFO] PluginManage:359 - Loaded plugin ddr (category:tool,tabindex:6)
2023-12-20 04:49:14,348 [INFO] PluginManage:310 - Check plugin filemanager
2023-12-20 04:49:14,577 [INFO] PluginManage:359 - Loaded plugin filemanager (category:base,tabindex:10)
2023-12-20 04:49:14,577 [INFO] PluginManage:310 - Check plugin ipmanager
2023-12-20 04:49:14,588 [INFO] PluginManage:359 - Loaded plugin ipmanager (category:base,tabindex:5)
2023-12-20 04:49:14,588 [INFO] PluginManage:310 - Check plugin lpbam
2023-12-20 04:49:14,602 [INFO] PluginManage:359 - Loaded plugin lpbam (category:base,tabindex:0)
2023-12-20 04:49:14,602 [INFO] PluginManage:310 - Check plugin memorymap
2023-12-20 04:49:14,623 [INFO] PluginManage:359 - Loaded plugin memorymap (category:base,tabindex:4)
2023-12-20 04:49:14,624 [INFO] PluginManage:310 - Check plugin pinoutandconfiguration
2023-12-20 04:49:14,635 [INFO] PluginManage:359 - Loaded plugin pinoutandconfiguration (category:base,tabindex:1)
2023-12-20 04:49:14,635 [INFO] PluginManage:310 - Check plugin pinoutconfig
2023-12-20 04:49:14,765 [WARN] SupportedApi:132 - Cannot load RTOS API schema: s4s-elt-must-match.1: The content of 'definitions' must match (annotation?, (simpleType | complexType)?, (unique | key | keyref)*)). A problem was found starting at: attribute.
2023-12-20 04:49:14,988 [INFO] PluginManage:359 - Loaded plugin pinoutconfig (category:base,tabindex:0)
2023-12-20 04:49:14,989 [INFO] PluginManage:310 - Check plugin power
2023-12-20 04:49:15,009 [INFO] PluginManage:359 - Loaded plugin power (category:power,tabindex:4)
2023-12-20 04:49:15,010 [INFO] PluginManage:310 - Check plugin projectmanager
2023-12-20 04:49:15,034 [INFO] PluginManage:359 - Loaded plugin projectmanager (category:projectmanager,tabindex:3)
2023-12-20 04:49:15,034 [INFO] PluginManage:310 - Check plugin thirdparty
2023-12-20 04:49:15,267 [INFO] PluginManage:359 - Loaded plugin thirdparty (category:base,tabindex:-1)
2023-12-20 04:49:15,268 [INFO] PluginManage:310 - Check plugin tools
2023-12-20 04:49:15,273 [INFO] PluginManage:359 - Loaded plugin tools (category:base,tabindex:7)
2023-12-20 04:49:15,274 [INFO] PluginManage:310 - Check plugin tutovideos
2023-12-20 04:49:15,275 [WARN] IntegrityCheckThread:84 - waiting for thirdparty lock release [integrity check]
2023-12-20 04:49:15,276 [INFO] IntegrityCheckThread:86 - entering critical section [integrity check]
2023-12-20 04:49:15,281 [INFO] ThirdPartyUpdaterWithRetryManager:70 - Updater plugin not ready yet. [1/15]
2023-12-20 04:49:15,585 [INFO] PluginManage:359 - Loaded plugin tutovideos (category:base,tabindex:-1)
2023-12-20 04:49:15,586 [INFO] PluginManage:310 - Check plugin updater
2023-12-20 04:49:15,611 [INFO] PluginManage:359 - Loaded plugin updater (category:base,tabindex:12)
2023-12-20 04:49:15,611 [INFO] PluginManage:310 - Check plugin userauth
2023-12-20 04:49:15,622 [INFO] UserAuth:114 - Init User Auth plugin
2023-12-20 04:49:15,622 [INFO] PluginManage:359 - Loaded plugin userauth (category:base,tabindex:14)
2023-12-20 04:49:15,623 [INFO] PluginManage:283 - PluginManage : Loaded plugins [17]
2023-12-20 04:49:15,997 [INFO] PinOutPanel:1499 - setPackage(No Configuration,No Configuration)
2023-12-20 04:49:16,116 [INFO] CADModel:165 - CPN selected for project level
2023-12-20 04:49:16,116 [INFO] CADModel:114 - Register for checkConnection events
2023-12-20 04:49:16,141 [INFO] IPUIPlugin:80 - create IPUIPlugin
2023-12-20 04:49:16,141 [INFO] PluginManager:220 - loadIPPluginJar : add adc
2023-12-20 04:49:16,145 [INFO] IPUIPlugin:80 - create IPUIPlugin
2023-12-20 04:49:16,145 [INFO] PluginManager:220 - loadIPPluginJar : add aes
2023-12-20 04:49:16,149 [INFO] IPUIPlugin:80 - create IPUIPlugin
2023-12-20 04:49:16,149 [INFO] PluginManager:220 - loadIPPluginJar : add can
2023-12-20 04:49:16,152 [INFO] IPUIPlugin:80 - create IPUIPlugin
2023-12-20 04:49:16,152 [INFO] PluginManager:220 - loadIPPluginJar : add comp
2023-12-20 04:49:16,157 [INFO] IPUIPlugin:80 - create IPUIPlugin
2023-12-20 04:49:16,157 [INFO] PluginManager:220 - loadIPPluginJar : add cryp
2023-12-20 04:49:16,161 [INFO] IPUIPlugin:80 - create IPUIPlugin
2023-12-20 04:49:16,161 [INFO] PluginManager:220 - loadIPPluginJar : add dfsdm
2023-12-20 04:49:16,170 [INFO] IPUIPlugin:80 - create IPUIPlugin
2023-12-20 04:49:16,171 [INFO] PluginManager:220 - loadIPPluginJar : add dma
2023-12-20 04:49:16,175 [INFO] IPUIPlugin:80 - create IPUIPlugin
2023-12-20 04:49:16,175 [INFO] PluginManager:220 - loadIPPluginJar : add dma3
2023-12-20 04:49:16,178 [INFO] IPUIPlugin:80 - create IPUIPlugin
2023-12-20 04:49:16,178 [INFO] PluginManager:220 - loadIPPluginJar : add fatfs
2023-12-20 04:49:16,185 [INFO] IPUIPlugin:80 - create IPUIPlugin
2023-12-20 04:49:16,185 [INFO] PluginManager:220 - loadIPPluginJar : add fmc
2023-12-20 04:49:16,196 [INFO] IPUIPlugin:80 - create IPUIPlugin
2023-12-20 04:49:16,196 [INFO] PluginManager:220 - loadIPPluginJar : add freertos
2023-12-20 04:49:16,199 [INFO] IPUIPlugin:80 - create IPUIPlugin
2023-12-20 04:49:16,199 [INFO] PluginManager:220 - loadIPPluginJar : add genericplugin
2023-12-20 04:49:16,203 [INFO] IPUIPlugin:80 - create IPUIPlugin
2023-12-20 04:49:16,203 [INFO] PluginManager:220 - loadIPPluginJar : add gfxmmu
2023-12-20 04:49:16,211 [INFO] IPUIPlugin:80 - create IPUIPlugin
2023-12-20 04:49:16,211 [INFO] PluginManager:220 - loadIPPluginJar : add gic
2023-12-20 04:49:16,218 [INFO] IPUIPlugin:80 - create IPUIPlugin
2023-12-20 04:49:16,218 [INFO] PluginManager:220 - loadIPPluginJar : add gpio
2023-12-20 04:49:16,223 [INFO] IPUIPlugin:80 - create IPUIPlugin
2023-12-20 04:49:16,223 [INFO] PluginManager:220 - loadIPPluginJar : add gtzc
2023-12-20 04:49:16,227 [INFO] IPUIPlugin:80 - create IPUIPlugin
2023-12-20 04:49:16,227 [INFO] PluginManager:220 - loadIPPluginJar : add hash
2023-12-20 04:49:16,233 [INFO] IPUIPlugin:80 - create IPUIPlugin
2023-12-20 04:49:16,233 [INFO] PluginManager:220 - loadIPPluginJar : add i2c
2023-12-20 04:49:16,238 [INFO] IPUIPlugin:80 - create IPUIPlugin
2023-12-20 04:49:16,238 [INFO] PluginManager:220 - loadIPPluginJar : add i2s
2023-12-20 04:49:16,244 [INFO] IPUIPlugin:80 - create IPUIPlugin
2023-12-20 04:49:16,244 [INFO] PluginManager:220 - loadIPPluginJar : add i3c
2023-12-20 04:49:16,250 [INFO] IPUIPlugin:80 - create IPUIPlugin
2023-12-20 04:49:16,251 [INFO] PluginManager:220 - loadIPPluginJar : add ipddr
2023-12-20 04:49:16,263 [INFO] IPUIPlugin:80 - create IPUIPlugin
2023-12-20 04:49:16,263 [INFO] PluginManager:220 - loadIPPluginJar : add linkedlist
2023-12-20 04:49:16,268 [INFO] IPUIPlugin:80 - create IPUIPlugin
2023-12-20 04:49:16,269 [INFO] PluginManager:220 - loadIPPluginJar : add lorawan
2023-12-20 04:49:16,274 [INFO] IPUIPlugin:80 - create IPUIPlugin
2023-12-20 04:49:16,274 [INFO] PluginManager:220 - loadIPPluginJar : add ltdc
2023-12-20 04:49:16,284 [INFO] IPUIPlugin:80 - create IPUIPlugin
2023-12-20 04:49:16,285 [INFO] PluginManager:220 - loadIPPluginJar : add mdma
2023-12-20 04:49:16,290 [INFO] IPUIPlugin:80 - create IPUIPlugin
2023-12-20 04:49:16,291 [INFO] PluginManager:220 - loadIPPluginJar : add nvic
2023-12-20 04:49:16,297 [INFO] IPUIPlugin:80 - create IPUIPlugin
2023-12-20 04:49:16,297 [INFO] PluginManager:220 - loadIPPluginJar : add opamp
2023-12-20 04:49:16,302 [INFO] IPUIPlugin:80 - create IPUIPlugin
2023-12-20 04:49:16,303 [INFO] PluginManager:220 - loadIPPluginJar : add openamp
2023-12-20 04:49:16,308 [INFO] IPUIPlugin:80 - create IPUIPlugin
2023-12-20 04:49:16,308 [INFO] PluginManager:220 - loadIPPluginJar : add pdm2pcm
2023-12-20 04:49:16,317 [INFO] IPUIPlugin:80 - create IPUIPlugin
2023-12-20 04:49:16,322 [INFO] PluginManager:220 - loadIPPluginJar : add plateformsettings
2023-12-20 04:49:16,324 [INFO] IPUIPlugin:80 - create IPUIPlugin
2023-12-20 04:49:16,325 [INFO] PluginManager:220 - loadIPPluginJar : add quadspi
2023-12-20 04:49:16,330 [INFO] IPUIPlugin:80 - create IPUIPlugin
2023-12-20 04:49:16,331 [INFO] PluginManager:220 - loadIPPluginJar : add resmgrutility
2023-12-20 04:49:16,336 [INFO] IPUIPlugin:80 - create IPUIPlugin
2023-12-20 04:49:16,336 [INFO] PluginManager:220 - loadIPPluginJar : add sai
2023-12-20 04:49:16,339 [INFO] IPUIPlugin:80 - create IPUIPlugin
2023-12-20 04:49:16,340 [INFO] PluginManager:220 - loadIPPluginJar : add spi
2023-12-20 04:49:16,347 [INFO] IPUIPlugin:80 - create IPUIPlugin
2023-12-20 04:49:16,347 [INFO] PluginManager:220 - loadIPPluginJar : add stm32_wpan
2023-12-20 04:49:16,350 [INFO] IPUIPlugin:80 - create IPUIPlugin
2023-12-20 04:49:16,350 [INFO] PluginManager:220 - loadIPPluginJar : add tim
2023-12-20 04:49:16,355 [INFO] IPUIPlugin:80 - create IPUIPlugin
2023-12-20 04:49:16,355 [INFO] PluginManager:220 - loadIPPluginJar : add touchsensing
2023-12-20 04:49:16,359 [INFO] IPUIPlugin:80 - create IPUIPlugin
2023-12-20 04:49:16,359 [INFO] PluginManager:220 - loadIPPluginJar : add tracer_emb
2023-12-20 04:49:16,362 [INFO] IPUIPlugin:80 - create IPUIPlugin
2023-12-20 04:49:16,362 [INFO] PluginManager:220 - loadIPPluginJar : add ts
2023-12-20 04:49:16,365 [INFO] IPUIPlugin:80 - create IPUIPlugin
2023-12-20 04:49:16,366 [INFO] PluginManager:220 - loadIPPluginJar : add tsc
2023-12-20 04:49:16,369 [INFO] IPUIPlugin:80 - create IPUIPlugin
2023-12-20 04:49:16,369 [INFO] PluginManager:220 - loadIPPluginJar : add ucpd
2023-12-20 04:49:16,374 [INFO] IPUIPlugin:80 - create IPUIPlugin
2023-12-20 04:49:16,375 [INFO] PluginManager:220 - loadIPPluginJar : add usart
2023-12-20 04:49:16,379 [INFO] IPUIPlugin:80 - create IPUIPlugin
2023-12-20 04:49:16,380 [INFO] PluginManager:220 - loadIPPluginJar : add usbx
2023-12-20 04:49:16,572 [INFO] CADModel:165 - CPN selected for project level
2023-12-20 04:49:16,572 [INFO] CADModel:114 - Register for checkConnection events
2023-12-20 04:49:16,572 [FATAL] Updater:308 - Updater called before beeing initialized
2023-12-20 04:49:16,572 [ERROR] CADModel:125 - Updater not yet initialized, retry later 
2023-12-20 04:49:16,786 [INFO] CADModel:165 - CPN selected for project level
2023-12-20 04:49:16,786 [INFO] CADModel:114 - Register for checkConnection events
2023-12-20 04:49:16,786 [FATAL] Updater:308 - Updater called before beeing initialized
2023-12-20 04:49:16,786 [ERROR] CADModel:125 - Updater not yet initialized, retry later 
2023-12-20 04:49:16,790 [FATAL] Updater:308 - Updater called before beeing initialized
2023-12-20 04:49:17,006 [FATAL] Updater:308 - Updater called before beeing initialized
2023-12-20 04:49:17,011 [INFO] DbMcusAds:53 - JSON generation date=Wed Nov 29 17:52:27 ICT 2023 (1701255147349)
2023-12-20 04:49:17,012 [FATAL] Updater:308 - Updater called before beeing initialized
2023-12-20 04:49:17,076 [WARN] DetailPanel:346 - Failed to get advertising image, set to default
2023-12-20 04:49:17,264 [FATAL] Updater:308 - Updater called before beeing initialized
2023-12-20 04:49:17,267 [FATAL] Updater:308 - Updater called before beeing initialized
2023-12-20 04:49:17,267 [FATAL] Updater:308 - Updater called before beeing initialized
2023-12-20 04:49:17,268 [WARN] DetailPanel:346 - Failed to get advertising image, set to default
2023-12-20 04:49:17,269 [FATAL] Updater:308 - Updater called before beeing initialized
2023-12-20 04:49:17,365 [ERROR] Updater:1120 - MainUpdater not yet initialized. External WinMGr cannot be set.
2023-12-20 04:49:17,369 [INFO] Updater:1056 - Updater Version found : 6.10.0
2023-12-20 04:49:17,399 [INFO] ApplicationProperties:184 - Using Application install path: D:\hocviec\download\STM32CubeIDE_1.14.0\STM32CubeIDE\plugins\com.st.stm32cube.common.mx_6.10.0.202311202037
2023-12-20 04:49:18,290 [INFO] ThirdPartyUpdaterWithRetryManager:70 - Updater plugin not ready yet. [2/15]
2023-12-20 04:49:18,958 [INFO] MainUpdater:2873 - connection check result : 10
2023-12-20 04:49:18,960 [INFO] MainUpdater:3567 - Updater definition file requires update
2023-12-20 04:49:18,962 [INFO] MainUpdater:290 - Updater Check For Update Now.
2023-12-20 04:49:18,963 [INFO] MicroXplorer:498 - Change Database Version : DB.6.0.100
2023-12-20 04:49:18,982 [INFO] McuFinderGlobals:63 - Set McuFinder mode to 2 (CubeIDE integrated)
2023-12-20 04:49:19,289 [INFO] UserAuth:404 - Internet connection configuration mode: 1
2023-12-20 04:49:19,311 [INFO] JxBrowserEngine:152 - Initiate JxBrowser Engine with user profile folder
2023-12-20 04:49:20,751 [INFO] WebApp:161 - Instantiating new browser for Auth
2023-12-20 04:49:20,925 [INFO] ServerAccessManage:473 - Download File updaters.zip
2023-12-20 04:49:21,148 [INFO] FileExtend:240 - Unzip File : updaters.zip
2023-12-20 04:49:21,149 [INFO] FileExtend:255 - Standard Zip Deflate
2023-12-20 04:49:21,304 [WARN] MainUpdater:1194 - Updater busy. Cannot search thirdparties
2023-12-20 04:49:21,305 [INFO] ThirdPartyUpdaterWithRetryManager:96 - Updater plugin is busy. [1/15]
2023-12-20 04:49:22,249 [INFO] WebApp:780 - Register for checkConnection events
2023-12-20 04:49:22,249 [INFO] WebApp:414 - Apply proxy settings
2023-12-20 04:49:22,249 [INFO] WebApp:499 - Chromium requires no authentication
2023-12-20 04:49:22,261 [INFO] WebApp:442 - Direct internet connection detected
2023-12-20 04:49:22,527 [INFO] WebApp:192 - Starting web application
2023-12-20 04:49:22,528 [INFO] WebApp:544 - Web application path used D:\hocviec\download\STM32CubeIDE_1.14.0\STM32CubeIDE\plugins\com.st.stm32cube.common.mx_6.10.0.202311202037\db\plugins\mcufinder\reactClient1\index.html
2023-12-20 04:49:22,720 [INFO] ServerAccessManage:473 - Download File PacksControlFlags.xml
2023-12-20 04:49:24,021 [INFO] ServerAccessManage:473 - Download File cubemx.pidx
2023-12-20 04:49:24,216 [INFO] LoadServerUpdatesThread:375 - End of LoadServerUpdate Thread
2023-12-20 04:49:24,309 [WARN] MainUpdater:1194 - Updater busy. Cannot search thirdparties
2023-12-20 04:49:24,310 [INFO] ThirdPartyUpdaterWithRetryManager:96 - Updater plugin is busy. [2/15]
2023-12-20 04:49:24,471 [INFO] CheckServerUpdateThread:120 - End of CheckServer Thread
2023-12-20 04:49:27,747 [WARN] PackLoader:240 - Cannot read IP mode file for STMicroelectronics.X-CUBE-SMBUS.2.1.0
2023-12-20 04:49:27,763 [WARN] PackLoader:240 - Cannot read IP mode file for STMicroelectronics.X-CUBE-TOUCHGFX.4.23.0
2023-12-20 04:49:27,888 [WARN] PackLoader:240 - Cannot read IP mode file for STMicroelectronics.X-CUBE-AZRTOS-F7.1.1.0
2023-12-20 04:49:27,917 [WARN] PackLoader:240 - Cannot read IP mode file for STMicroelectronics.FP-SNS-MOTENV1.4.3.2
2023-12-20 04:49:27,935 [WARN] PackLoader:240 - Cannot read IP mode file for STMicroelectronics.FP-SNS-FLIGHT1.5.0.2
2023-12-20 04:49:27,956 [WARN] PackLoader:240 - Cannot read IP mode file for STMicroelectronics.X-CUBE-DISPLAY.3.0.0
2023-12-20 04:49:28,001 [WARN] PackLoader:240 - Cannot read IP mode file for STMicroelectronics.X-CUBE-BLE1.7.0.0
2023-12-20 04:49:28,015 [WARN] PackLoader:240 - Cannot read IP mode file for emotas.I-CUBE-CANOPEN.1.3.0
2023-12-20 04:49:28,022 [WARN] PackLoader:240 - Cannot read IP mode file for STMicroelectronics.X-CUBE-TOUCHGFX.4.22.1
2023-12-20 04:49:28,033 [WARN] PackLoader:240 - Cannot read IP mode file for STMicroelectronics.FP-SNS-SMARTAG2.1.2.0
2023-12-20 04:49:28,056 [INFO] LogOutputStream:77 - [STDOUT_REDIRECT] 1 : Invalid condition id : UX_CORESTACK_Condition cause : null
2023-12-20 04:49:28,057 [INFO] LogOutputStream:77 - [STDOUT_REDIRECT] 1 : Invalid condition id : UX_CORESTACK_Condition cause : null
2023-12-20 04:49:28,062 [INFO] LogOutputStream:77 - [STDOUT_REDIRECT] 1 : Invalid condition id : UX_CORESTACK_Condition cause : null
2023-12-20 04:49:28,065 [INFO] LogOutputStream:77 - [STDOUT_REDIRECT] 1 : Invalid condition id : UX_CORESTACK_Condition cause : null
2023-12-20 04:49:28,068 [INFO] LogOutputStream:77 - [STDOUT_REDIRECT] 1 : Invalid condition id : UX_CORESTACK_Condition cause : null
2023-12-20 04:49:28,090 [WARN] PackLoader:240 - Cannot read IP mode file for STMicroelectronics.X-CUBE-AZRTOS-WL.2.0.0
2023-12-20 04:49:28,118 [WARN] PackLoader:240 - Cannot read IP mode file for WES.I-CUBE-Cesium.1.3.0
2023-12-20 04:49:28,131 [WARN] PackLoader:240 - Cannot read IP mode file for STMicroelectronics.X-CUBE-BLE2.3.3.0
2023-12-20 04:49:28,148 [WARN] PackLoader:240 - Cannot read IP mode file for STMicroelectronics.X-CUBE-ALGOBUILD.1.3.0
2023-12-20 04:49:28,216 [WARN] PackLoader:240 - Cannot read IP mode file for STMicroelectronics.X-CUBE-AZRTOS-G0.1.1.0
2023-12-20 04:49:28,240 [WARN] PackLoader:240 - Cannot read IP mode file for STMicroelectronics.X-CUBE-NFC4.3.0.0
2023-12-20 04:49:28,270 [WARN] PackLoader:240 - Cannot read IP mode file for STMicroelectronics.X-CUBE-BLEMGR.3.0.0
2023-12-20 04:49:28,285 [WARN] PackLoader:240 - Cannot read IP mode file for STMicroelectronics.FP-ATR-SIGFOX1.3.2.0
2023-12-20 04:49:28,298 [WARN] PackLoader:240 - Cannot read IP mode file for STMicroelectronics.X-CUBE-GNSS1.6.0.0
2023-12-20 04:49:28,350 [WARN] PackLoader:240 - Cannot read IP mode file for STMicroelectronics.X-CUBE-AZRTOS-F4.1.1.0
2023-12-20 04:49:28,369 [WARN] PackLoader:240 - Cannot read IP mode file for wolfSSL.I-CUBE-wolfSSL.5.6.4
2023-12-20 04:49:28,416 [WARN] PackLoader:240 - Cannot read IP mode file for STMicroelectronics.X-CUBE-AZRTOS-L5.2.0.0
2023-12-20 04:49:28,451 [WARN] PackLoader:240 - Cannot read IP mode file for STMicroelectronics.X-CUBE-EEPRMA1.4.2.0
2023-12-20 04:49:28,467 [WARN] PackLoader:240 - Cannot read IP mode file for ITTIA_DB.I-CUBE-ITTIADB.8.8.0
2023-12-20 04:49:28,479 [WARN] PackLoader:240 - Cannot read IP mode file for STMicroelectronics.X-CUBE-NFC7.1.0.1
2023-12-20 04:49:28,499 [WARN] PackLoader:240 - Cannot read IP mode file for STMicroelectronics.X-CUBE-NFC6.3.0.0
2023-12-20 04:49:28,528 [WARN] PackLoader:240 - Cannot read IP mode file for STMicroelectronics.X-CUBE-AI.8.1.0
2023-12-20 04:49:28,596 [WARN] ConditionMgr:438 - getConditionDescription Invalid condition id : LAN8742 Phy interface Condition cause : null
2023-12-20 04:49:28,597 [WARN] PackLoader:240 - Cannot read IP mode file for STMicroelectronics.X-CUBE-AZRTOS-L4.2.0.0
2023-12-20 04:49:28,601 [WARN] ConditionMgr:1039 - genDependencies : Invalid condition id : LAN8742 Phy interface Condition cause : null
2023-12-20 04:49:28,602 [WARN] ConditionMgr:1039 - genDependencies : Invalid condition id : LAN8742 Phy interface Condition cause : null
2023-12-20 04:49:28,604 [WARN] ConditionMgr:1039 - genDependencies : Invalid condition id : LAN8742 Phy interface Condition cause : null
2023-12-20 04:49:28,623 [WARN] PackLoader:240 - Cannot read IP mode file for STMicroelectronics.X-CUBE-SFXS2LP1.4.0.0
2023-12-20 04:49:28,658 [WARN] ConditionMgr:438 - getConditionDescription Invalid condition id : UX DEVICE CLASS RTOS Condition cause : null
2023-12-20 04:49:28,659 [WARN] ConditionMgr:438 - getConditionDescription Invalid condition id : UX DEVICE CLASS RTOS Condition cause : null
2023-12-20 04:49:28,671 [WARN] PackLoader:240 - Cannot read IP mode file for STMicroelectronics.X-CUBE-AZRTOS-WB.2.0.0
2023-12-20 04:49:28,673 [WARN] ConditionMgr:1039 - genDependencies : Invalid condition id : UX DEVICE CLASS RTOS Condition cause : null
2023-12-20 04:49:28,680 [WARN] ConditionMgr:1039 - genDependencies : Invalid condition id : UX DEVICE CLASS RTOS Condition cause : null
2023-12-20 04:49:28,682 [WARN] ConditionMgr:1039 - genDependencies : Invalid condition id : UX DEVICE CLASS RTOS Condition cause : null
2023-12-20 04:49:28,683 [WARN] ConditionMgr:1039 - genDependencies : Invalid condition id : UX DEVICE CLASS RTOS Condition cause : null
2023-12-20 04:49:28,683 [WARN] ConditionMgr:1039 - genDependencies : Invalid condition id : UX DEVICE CLASS RTOS Condition cause : null
2023-12-20 04:49:28,713 [WARN] PackLoader:240 - Cannot read IP mode file for STMicroelectronics.X-CUBE-SUBG2.5.0.0
2023-12-20 04:49:28,765 [WARN] PackLoader:240 - Cannot read IP mode file for STMicroelectronics.X-CUBE-AZRTOS-G4.2.0.0
2023-12-20 04:49:28,798 [WARN] PackLoader:240 - Cannot read IP mode file for Infineon.AIROC-Wi-Fi-Bluetooth-STM32.1.5.1
2023-12-20 04:49:28,821 [WARN] PackLoader:240 - Cannot read IP mode file for STMicroelectronics.FP-SNS-MOTENVWB1.1.3.1
2023-12-20 04:49:28,832 [WARN] PackLoader:240 - Cannot read IP mode file for STMicroelectronics.X-CUBE-ISPU.2.0.0
2023-12-20 04:49:28,949 [WARN] PackLoader:240 - Cannot read IP mode file for STMicroelectronics.X-CUBE-MEMS1.10.0.0
2023-12-20 04:49:29,281 [WARN] PackLoader:240 - Cannot read IP mode file for STMicroelectronics.X-CUBE-FREERTOS.1.1.0
2023-12-20 04:49:29,293 [WARN] PackLoader:240 - Cannot read IP mode file for portGmbH.I-Cube-SoM-uGOAL.1.1.0
2023-12-20 04:49:29,304 [WARN] PackLoader:240 - Cannot read IP mode file for STMicroelectronics.X-CUBE-ALS.1.0.1
2023-12-20 04:49:29,315 [WARN] PackLoader:240 - Cannot read IP mode file for STMicroelectronics.FP-ATR-ASTRA1.2.0.0
2023-12-20 04:49:29,343 [WARN] PackLoader:240 - Cannot read IP mode file for STMicroelectronics.X-CUBE-TOF1.3.4.0
2023-12-20 04:49:29,422 [WARN] PackLoader:240 - Cannot read IP mode file for STMicroelectronics.X-CUBE-AZRTOS-H7.3.2.0
2023-12-20 04:49:29,437 [INFO] ThirdParty:978 - Integrity check success = true
2023-12-20 04:49:29,437 [INFO] IntegrityCheckThread:100 - exiting critical section [integrity check]
2023-12-20 04:49:29,437 [INFO] IntegrityCheckThread:103 - End integrity checks thread
2023-12-20 04:49:44,021 [ERROR] LogOutputStream:75 - [STDERR_REDIRECT] SLF4J: Failed to load class "org.slf4j.impl.StaticLoggerBinder".
2023-12-20 04:49:44,022 [ERROR] LogOutputStream:75 - [STDERR_REDIRECT] SLF4J: Defaulting to no-operation (NOP) logger implementation
2023-12-20 04:49:44,027 [ERROR] LogOutputStream:75 - [STDERR_REDIRECT] SLF4J: See http://www.slf4j.org/codes.html#StaticLoggerBinder for further details.
2023-12-20 07:13:39,689 [ERROR] LogOutputStream:75 - [STDERR_REDIRECT] 
