2024-01-28 00:33:39,683 [INFO] MainUpdater:2873 - connection check result : 10
2024-01-28 00:33:39,906 [INFO] McuFinderGlobals:76 - Set McuFinderConnectedMode to true
2024-01-28 00:33:39,910 [INFO] MultiScanPanel:200 - Auto-refresh data requested => check proxy status ongoing
2024-01-28 00:33:39,910 [INFO] FinderPluginLoader:95 - Searching for filters in installed packs
2024-01-28 00:33:43,145 [INFO] LoadUrlFilesThread:185 - End of LoadServerUrlFiles without Thread
2024-01-28 00:33:43,146 [INFO] DetailPanel:341 - Set advertising image to C:/Users/Admin/STM32Cube/Repository/\en.prom-stm32wl3-mcu-finder.jpg
2024-01-28 00:34:49,222 [INFO] MainUpdater:2873 - connection check result : 10
2024-01-28 00:34:49,223 [INFO] MainUpdater:2873 - connection check result : 10
2024-01-28 00:34:49,247 [ERROR] IocParser:57 - IOException caught: D:\hocviec\trainning\light_up\light_up.ioc (The system cannot find the file specified)
2024-01-28 00:34:49,249 [ERROR] PeripheralListParser:95 - Something went wrong with ioc file reading: D:\hocviec\trainning\light_up\light_up.ioc (The system cannot find the file specified)
2024-01-28 00:34:49,250 [ERROR] RegexParser:59 - Issue caught when parsing regex: D:\hocviec\trainning\light_up\light_up.ioc (The system cannot find the file specified)
2024-01-28 00:34:49,649 [INFO] MicroXplorer:468 - Change Database Path : 
2024-01-28 00:34:49,649 [INFO] MicroXplorer:498 - Change Database Version : DB.6.0.100
2024-01-28 00:34:49,689 [ERROR] ProjectManagerView:394 - 
java.lang.NullPointerException: Cannot invoke "javax.swing.JTextField.getText()" because the return value of "java.util.List.get(int)" is null
	at com.st.microxplorer.plugins.projectmanager.gui.ProjectChoiceTab$10.caretUpdate(ProjectChoiceTab.java:2493) ~[filemanager.jar:?]
	at javax.swing.text.JTextComponent.fireCaretUpdate(JTextComponent.java:412) ~[?:?]
	at javax.swing.text.JTextComponent$MutableCaretEvent.fire(JTextComponent.java:4491) ~[?:?]
	at javax.swing.text.JTextComponent$MutableCaretEvent.stateChanged(JTextComponent.java:4513) ~[?:?]
	at javax.swing.text.DefaultCaret.fireStateChanged(DefaultCaret.java:842) ~[?:?]
	at javax.swing.text.DefaultCaret.changeCaretPosition(DefaultCaret.java:1313) ~[?:?]
	at javax.swing.text.DefaultCaret.handleSetDot(DefaultCaret.java:1212) ~[?:?]
	at javax.swing.text.DefaultCaret.setDot(DefaultCaret.java:1193) ~[?:?]
	at javax.swing.text.DefaultCaret$Handler.insertUpdate(DefaultCaret.java:1789) ~[?:?]
	at javax.swing.text.AbstractDocument.fireInsertUpdate(AbstractDocument.java:226) ~[?:?]
	at javax.swing.text.AbstractDocument.handleInsertString(AbstractDocument.java:780) ~[?:?]
	at javax.swing.text.AbstractDocument.insertString(AbstractDocument.java:739) ~[?:?]
	at javax.swing.text.PlainDocument.insertString(PlainDocument.java:131) ~[?:?]
	at javax.swing.text.AbstractDocument.replace(AbstractDocument.java:698) ~[?:?]
	at javax.swing.text.JTextComponent.setText(JTextComponent.java:1729) ~[?:?]
	at com.st.microxplorer.plugins.projectmanager.gui.ProjectChoiceTab.createHeapStackFields(ProjectChoiceTab.java:933) ~[filemanager.jar:?]
	at com.st.microxplorer.plugins.projectmanager.gui.ProjectChoiceTab.buildLinkSettingsPanel(ProjectChoiceTab.java:3426) ~[filemanager.jar:?]
	at com.st.microxplorer.plugins.projectmanager.gui.ProjectChoiceTab.defineWindowsFields(ProjectChoiceTab.java:1813) ~[filemanager.jar:?]
	at com.st.microxplorer.plugins.projectmanager.gui.ProjectChoiceTab.updateSettings(ProjectChoiceTab.java:533) ~[filemanager.jar:?]
	at com.st.microxplorer.plugins.projectmanager.gui.ProjectSettingsPanel.UpdateDialog(ProjectSettingsPanel.java:244) ~[filemanager.jar:?]
	at com.st.microxplorer.plugins.projectmanager.ProjectManagerView.propertyChange(ProjectManagerView.java:391) ~[filemanager.jar:?]
	at java.beans.PropertyChangeSupport.fire(PropertyChangeSupport.java:343) ~[?:?]
	at java.beans.PropertyChangeSupport.firePropertyChange(PropertyChangeSupport.java:335) ~[?:?]
	at java.beans.PropertyChangeSupport.firePropertyChange(PropertyChangeSupport.java:268) ~[?:?]
	at com.st.microxplorer.util.MXPropertyChangeSupport.firePropertyChange(MXPropertyChangeSupport.java:54) ~[STM32CubeMX.jar:?]
	at com.st.microxplorer.mxsystem.MxSystem.closeConfig(MxSystem.java:900) ~[STM32CubeMX.jar:?]
	at com.st.microxplorer.maingui.MainPanel.closeConfig(MainPanel.java:776) ~[STM32CubeMX.jar:?]
	at com.st.microxplorer.plugins.filemanager.engine.OpenFileManager.loadConfigurationFile(OpenFileManager.java:245) ~[filemanager.jar:?]
	at com.st.microxplorer.plugins.filemanager.engine.MainFileManager.userLoadConfig(MainFileManager.java:290) ~[filemanager.jar:?]
	at com.st.microxplorer.plugins.filemanager.FileManagerView.getSpecificTask(FileManagerView.java:247) ~[filemanager.jar:?]
	at com.st.stm32cube.common.mx.editor.CubeMxEditor.getMxTabbedPaneInstance(CubeMxEditor.java:1184) ~[com.st.stm32cube.common.mx_6.10.0.202311202037/:?]
	at com.st.stm32cube.common.mx.editor.CubeMxEditor$12$1.createSwingComponent(CubeMxEditor.java:1065) ~[com.st.stm32cube.common.mx_6.10.0.202311202037/:?]
	at com.st.stm32cube.common.mx.oss.core.awtswtbridge.EmbeddedSwingComposite.doComponentCreation(EmbeddedSwingComposite.java:492) ~[com.st.stm32cube.common.mx.oss_6.10.0.202311202037/:?]
	at com.st.stm32cube.common.mx.oss.core.awtswtbridge.EmbeddedSwingComposite$4.run(EmbeddedSwingComposite.java:291) ~[com.st.stm32cube.common.mx.oss_6.10.0.202311202037/:?]
	at com.st.stm32cube.common.mx.oss.core.awtswtbridge.AwtEnvironment$2.run(AwtEnvironment.java:166) ~[com.st.stm32cube.common.mx.oss_6.10.0.202311202037/:?]
	at java.awt.event.InvocationEvent.dispatch(InvocationEvent.java:318) ~[?:?]
	at java.awt.EventQueue.dispatchEventImpl(EventQueue.java:773) ~[?:?]
	at java.awt.EventQueue$4.run(EventQueue.java:720) ~[?:?]
	at java.awt.EventQueue$4.run(EventQueue.java:714) ~[?:?]
	at java.security.AccessController.doPrivileged(AccessController.java:399) ~[?:?]
	at java.security.ProtectionDomain$JavaSecurityAccessImpl.doIntersectionPrivilege(ProtectionDomain.java:86) ~[?:?]
	at java.awt.EventQueue.dispatchEvent(EventQueue.java:742) ~[?:?]
	at java.awt.EventDispatchThread.pumpOneEventForFilters(EventDispatchThread.java:203) ~[?:?]
	at java.awt.EventDispatchThread.pumpEventsForFilter(EventDispatchThread.java:124) ~[?:?]
	at java.awt.EventDispatchThread.pumpEventsForHierarchy(EventDispatchThread.java:113) ~[?:?]
	at java.awt.EventDispatchThread.pumpEvents(EventDispatchThread.java:109) ~[?:?]
	at java.awt.EventDispatchThread.pumpEvents(EventDispatchThread.java:101) ~[?:?]
	at java.awt.EventDispatchThread.run(EventDispatchThread.java:90) ~[?:?]
2024-01-28 00:34:49,709 [WARN] ThirdParty:871 - waiting for thirdparty lock release [close project]
2024-01-28 00:34:49,710 [INFO] ThirdParty:873 - entering critical section [close project]
2024-01-28 00:34:49,710 [INFO] ThirdParty:883 - exiting critical section [close project]
2024-01-28 00:34:49,714 [INFO] PinOutPanel:1499 - setPackage(No Configuration,No Configuration)
2024-01-28 00:34:49,751 [WARN] IpParametersView:151 - Warning: This peripheral hasn't parameters
2024-01-28 00:34:49,793 [WARN] MainPanel:272 - <html><b><center>Warning: This peripheral has no parameters to be configured<br></b></html>
2024-01-28 00:34:49,839 [INFO] UtilMem:75 - Begin LoadConfig() Used Memory: 598467648 Bytes (1073741824)
2024-01-28 00:34:49,840 [INFO] MicroXplorer:468 - Change Database Path : 
2024-01-28 00:34:49,840 [INFO] MicroXplorer:498 - Change Database Version : DB.6.0.100
2024-01-28 00:34:49,840 [INFO] OpenFileManager:312 - Change cursor
2024-01-28 00:34:49,877 [INFO] RulesReader:64 - Compatibility file has been processed (297 Rules)
2024-01-28 00:34:49,890 [INFO] Mcu:2016 - Initializing MCU STM32F429ZITx STM32F429ZITx STM32F429ZIT6
2024-01-28 00:34:54,392 [INFO] Context:659 - Trying to add GPIOservice into a context  which must be forbidden
2024-01-28 00:34:55,273 [INFO] ImportTextPane:194 - (OptionalMessage_ERROR) Unable to find key (Mcu.ThirdPartyNb) in loaded IOC file
2024-01-28 00:34:55,273 [INFO] ImportTextPane:194 - (OptionalMessage_ERROR) Unable to find key (Mcu.PinsNb) in loaded IOC file
2024-01-28 00:34:55,273 [INFO] ImportTextPane:194 - (OptionalMessage_ERROR) Unable to find key (Mcu.IPNb) in loaded IOC file
2024-01-28 00:34:55,348 [INFO] RtosManager:555 - Registered RTOS mode: class=CMSIS, group=RTOS, mode=CMSIS_V1, owner=FREERTOS
2024-01-28 00:34:55,348 [INFO] RtosManager:555 - Registered RTOS mode: class=CMSIS, group=RTOS2, mode=CMSIS_V2, owner=FREERTOS
2024-01-28 00:34:55,348 [INFO] RtosManager:555 - Registered RTOS mode: class=RTOS, group=Core, mode=CMSIS_V1, owner=FREERTOS
2024-01-28 00:34:55,348 [INFO] RtosManager:555 - Registered RTOS mode: class=RTOS, group=Core, mode=CMSIS_V2, owner=FREERTOS
2024-01-28 00:34:55,349 [WARN] ModelIntegratedComponent:184 - Missing modes for component STMicroelectronics:FreeRTOS:0.0.1:STMicroelectronics:RTOS:FreeRTOS:Core:::10.2.0:
2024-01-28 00:34:55,369 [WARN] ModelIntegratedComponent:63 - No mode defined for component null
2024-01-28 00:34:55,369 [WARN] ModelIntegratedComponent:63 - No mode defined for component null
2024-01-28 00:34:55,369 [WARN] ModelIntegratedComponent:63 - No mode defined for component null
2024-01-28 00:34:55,370 [WARN] ModelIntegratedComponent:63 - No mode defined for component null
2024-01-28 00:34:55,370 [WARN] ModelIntegratedComponent:63 - No mode defined for component null
2024-01-28 00:34:55,370 [WARN] ModelIntegratedComponent:63 - No mode defined for component null
2024-01-28 00:34:55,370 [WARN] ModelIntegratedComponent:63 - No mode defined for component null
2024-01-28 00:34:55,370 [WARN] ModelIntegratedComponent:63 - No mode defined for component null
2024-01-28 00:34:55,370 [WARN] ModelIntegratedComponent:63 - No mode defined for component null
2024-01-28 00:34:55,370 [WARN] ModelIntegratedComponent:63 - No mode defined for component null
2024-01-28 00:34:55,370 [WARN] ModelIntegratedComponent:63 - No mode defined for component null
2024-01-28 00:34:55,370 [WARN] ModelIntegratedComponent:63 - No mode defined for component null
2024-01-28 00:34:55,370 [WARN] ModelIntegratedComponent:63 - No mode defined for component null
2024-01-28 00:34:55,370 [WARN] ModelIntegratedComponent:63 - No mode defined for component null
2024-01-28 00:34:55,370 [WARN] ModelIntegratedComponent:63 - No mode defined for component null
2024-01-28 00:34:55,371 [WARN] ModelIntegratedComponent:63 - No mode defined for component null
2024-01-28 00:34:55,371 [WARN] ModelIntegratedComponent:63 - No mode defined for component null
2024-01-28 00:34:55,371 [WARN] ModelIntegratedComponent:63 - No mode defined for component null
2024-01-28 00:34:55,371 [WARN] ModelIntegratedComponent:63 - No mode defined for component null
2024-01-28 00:34:55,371 [WARN] ModelIntegratedComponent:63 - No mode defined for component null
2024-01-28 00:34:55,371 [WARN] ModelIntegratedComponent:63 - No mode defined for component null
2024-01-28 00:34:55,371 [WARN] ModelIntegratedComponent:63 - No mode defined for component null
2024-01-28 00:34:55,371 [WARN] ModelIntegratedComponent:63 - No mode defined for component null
2024-01-28 00:34:55,371 [WARN] ModelIntegratedComponent:63 - No mode defined for component null
2024-01-28 00:34:55,371 [WARN] ModelIntegratedComponent:63 - No mode defined for component null
2024-01-28 00:34:55,371 [WARN] ModelIntegratedComponent:63 - No mode defined for component null
2024-01-28 00:34:55,372 [WARN] ModelIntegratedComponent:63 - No mode defined for component null
2024-01-28 00:34:55,372 [WARN] ModelIntegratedComponent:63 - No mode defined for component null
2024-01-28 00:34:55,372 [WARN] ModelIntegratedComponent:63 - No mode defined for component null
2024-01-28 00:34:55,372 [WARN] ModelIntegratedComponent:63 - No mode defined for component null
2024-01-28 00:34:55,372 [WARN] ModelIntegratedComponent:63 - No mode defined for component null
2024-01-28 00:34:55,372 [WARN] ModelIntegratedComponent:63 - No mode defined for component null
2024-01-28 00:34:55,372 [WARN] ModelIntegratedComponent:63 - No mode defined for component null
2024-01-28 00:34:55,684 [INFO] ThirdPartyModel:298 - Start build external matchings
2024-01-28 00:34:56,636 [INFO] ThirdPartyModel:316 - End build external matchings
2024-01-28 00:34:57,596 [INFO] UtilMem:75 - End LoadConfig() Used Memory: 738797336 Bytes (1073741824)
2024-01-28 00:34:57,656 [INFO] MicroXplorer:468 - Change Database Path : 
2024-01-28 00:34:57,656 [INFO] MicroXplorer:498 - Change Database Version : DB.6.0.100
2024-01-28 00:34:57,674 [WARN] ThirdParty:833 - waiting for thirdparty lock release [change project]
2024-01-28 00:34:57,674 [INFO] ThirdParty:835 - entering critical section [change project]
2024-01-28 00:34:57,674 [INFO] ThirdParty:1030 - CMSIS Pack Vendor :STMicroelectronics USBPD 4.1
2024-01-28 00:34:57,674 [INFO] ThirdParty:1030 - CMSIS Pack Vendor :STMicroelectronics X-CUBE-GNSS1 6.0.0
2024-01-28 00:34:57,674 [INFO] ThirdParty:1030 - CMSIS Pack Vendor :STMicroelectronics USB_HOST 2.0.0
2024-01-28 00:34:57,674 [INFO] ThirdParty:1030 - CMSIS Pack Vendor :STMicroelectronics X-CUBE-AZRTOS-F4 1.1.0
2024-01-28 00:34:57,674 [INFO] ThirdParty:1030 - CMSIS Pack Vendor :STMicroelectronics LIBJPEG 8.0.0
2024-01-28 00:34:57,674 [INFO] ThirdParty:1030 - CMSIS Pack Vendor :wolfSSL I-CUBE-wolfSSL 5.6.4
2024-01-28 00:34:57,674 [INFO] ThirdParty:1030 - CMSIS Pack Vendor :STMicroelectronics X-CUBE-SMBUS 2.1.0
2024-01-28 00:34:57,674 [INFO] ThirdParty:1030 - CMSIS Pack Vendor :STMicroelectronics USB_DEVICE 3.0.0
2024-01-28 00:34:57,674 [INFO] ThirdParty:1030 - CMSIS Pack Vendor :STMicroelectronics X-CUBE-AZRTOS-WB 2.0.0
2024-01-28 00:34:57,675 [INFO] ThirdParty:1030 - CMSIS Pack Vendor :STMicroelectronics X-CUBE-TOUCHGFX 4.23.0
2024-01-28 00:34:57,675 [INFO] ThirdParty:1030 - CMSIS Pack Vendor :STMicroelectronics X-CUBE-AZRTOS-F7 1.1.0
2024-01-28 00:34:57,675 [INFO] ThirdParty:1030 - CMSIS Pack Vendor :STMicroelectronics X-CUBE-AZRTOS-L5 2.0.0
2024-01-28 00:34:57,675 [INFO] ThirdParty:1030 - CMSIS Pack Vendor :STMicroelectronics USB_DEVICE 2.0.0
2024-01-28 00:34:57,675 [INFO] ThirdParty:1030 - CMSIS Pack Vendor :STMicroelectronics X-CUBE-EEPRMA1 4.2.0
2024-01-28 00:34:57,675 [INFO] ThirdParty:1030 - CMSIS Pack Vendor :ITTIA_DB I-CUBE-ITTIADB 8.8.0
2024-01-28 00:34:57,675 [INFO] ThirdParty:1030 - CMSIS Pack Vendor :STMicroelectronics FP-SNS-MOTENV1 4.3.2
2024-01-28 00:34:57,675 [INFO] ThirdParty:1030 - CMSIS Pack Vendor :STMicroelectronics X-CUBE-ALGOBUILD 1.3.0
2024-01-28 00:34:57,675 [INFO] ThirdParty:1030 - CMSIS Pack Vendor :STMicroelectronics FreeRTOS 0.0.1
2024-01-28 00:34:57,675 [INFO] ThirdParty:1030 - CMSIS Pack Vendor :STMicroelectronics X-CUBE-AZRTOS-G0 1.1.0
2024-01-28 00:34:57,675 [INFO] ThirdParty:1030 - CMSIS Pack Vendor :STMicroelectronics X-CUBE-NFC4 3.0.0
2024-01-28 00:34:57,675 [INFO] ThirdParty:1030 - CMSIS Pack Vendor :STMicroelectronics X-CUBE-SUBG2 5.0.0
2024-01-28 00:34:57,675 [INFO] ThirdParty:1030 - CMSIS Pack Vendor :STMicroelectronics STM32_WPAN 1.0.0
2024-01-28 00:34:57,675 [INFO] ThirdParty:1030 - CMSIS Pack Vendor :STMicroelectronics lwIP 2.0.3
2024-01-28 00:34:57,676 [INFO] ThirdParty:1030 - CMSIS Pack Vendor :STMicroelectronics FP-SNS-FLIGHT1 5.0.2
2024-01-28 00:34:57,676 [INFO] ThirdParty:1030 - CMSIS Pack Vendor :STMicroelectronics USB_HOST 1.0.0
2024-01-28 00:34:57,676 [INFO] ThirdParty:1030 - CMSIS Pack Vendor :STMicroelectronics X-CUBE-AZRTOS-G4 2.0.0
2024-01-28 00:34:57,676 [INFO] ThirdParty:1030 - CMSIS Pack Vendor :STMicroelectronics PDM2PCM 3.1.0
2024-01-28 00:34:57,676 [INFO] ThirdParty:1030 - CMSIS Pack Vendor :Infineon AIROC-Wi-Fi-Bluetooth-STM32 1.5.1
2024-01-28 00:34:57,676 [INFO] ThirdParty:1030 - CMSIS Pack Vendor :STMicroelectronics X-CUBE-BLEMGR 3.0.0
2024-01-28 00:34:57,676 [INFO] ThirdParty:1030 - CMSIS Pack Vendor :STMicroelectronics PDM2PCM 3.3.0
2024-01-28 00:34:57,676 [INFO] ThirdParty:1030 - CMSIS Pack Vendor :STMicroelectronics X-CUBE-DISPLAY 3.0.0
2024-01-28 00:34:57,676 [INFO] ThirdParty:1030 - CMSIS Pack Vendor :STMicroelectronics FP-SNS-MOTENVWB1 1.3.1
2024-01-28 00:34:57,676 [INFO] ThirdParty:1030 - CMSIS Pack Vendor :STMicroelectronics X-CUBE-BLE1 7.0.0
2024-01-28 00:34:57,676 [INFO] ThirdParty:1030 - CMSIS Pack Vendor :STMicroelectronics FP-ATR-SIGFOX1 3.2.0
2024-01-28 00:34:57,676 [INFO] ThirdParty:1030 - CMSIS Pack Vendor :STMicroelectronics X-CUBE-ISPU 2.0.0
2024-01-28 00:34:57,676 [INFO] ThirdParty:1030 - CMSIS Pack Vendor :STMicroelectronics X-CUBE-EEPRMA1 5.1.0
2024-01-28 00:34:57,677 [INFO] ThirdParty:1030 - CMSIS Pack Vendor :STMicroelectronics HAL Drivers 0.0.0
2024-01-28 00:34:57,677 [INFO] ThirdParty:1030 - CMSIS Pack Vendor :STMicroelectronics MBEDTLS 2.16.2
2024-01-28 00:34:57,677 [INFO] ThirdParty:1030 - CMSIS Pack Vendor :emotas I-CUBE-CANOPEN 1.3.0
2024-01-28 00:34:57,677 [INFO] ThirdParty:1030 - CMSIS Pack Vendor :STMicroelectronics X-CUBE-MEMS1 10.0.0
2024-01-28 00:34:57,677 [INFO] ThirdParty:1030 - CMSIS Pack Vendor :STMicroelectronics X-CUBE-FREERTOS 1.1.0
2024-01-28 00:34:57,677 [INFO] ThirdParty:1030 - CMSIS Pack Vendor :STMicroelectronics X-CUBE-NFC7 1.0.1
2024-01-28 00:34:57,677 [INFO] ThirdParty:1030 - CMSIS Pack Vendor :STMicroelectronics MBEDTLS 2.14.1
2024-01-28 00:34:57,677 [INFO] ThirdParty:1030 - CMSIS Pack Vendor :STMicroelectronics X-CUBE-TOUCHGFX 4.22.1
2024-01-28 00:34:57,677 [INFO] ThirdParty:1030 - CMSIS Pack Vendor :STMicroelectronics X-CUBE-NFC6 3.0.0
2024-01-28 00:34:57,677 [INFO] ThirdParty:1030 - CMSIS Pack Vendor :portGmbH I-Cube-SoM-uGOAL 1.1.0
2024-01-28 00:34:57,677 [INFO] ThirdParty:1030 - CMSIS Pack Vendor :STMicroelectronics X-CUBE-ALS 1.0.1
2024-01-28 00:34:57,677 [INFO] ThirdParty:1030 - CMSIS Pack Vendor :STMicroelectronics ThreadX 1.0.0
2024-01-28 00:34:57,677 [INFO] ThirdParty:1030 - CMSIS Pack Vendor :STMicroelectronics FP-SNS-SMARTAG2 1.2.0
2024-01-28 00:34:57,677 [INFO] ThirdParty:1030 - CMSIS Pack Vendor :STMicroelectronics X-CUBE-AZRTOS-WL 2.0.0
2024-01-28 00:34:57,678 [INFO] ThirdParty:1030 - CMSIS Pack Vendor :SEGGER I-CUBE-embOS 1.3.1
2024-01-28 00:34:57,678 [INFO] ThirdParty:1030 - CMSIS Pack Vendor :STMicroelectronics USB_DEVICE 1.0.0
2024-01-28 00:34:57,678 [INFO] ThirdParty:1030 - CMSIS Pack Vendor :STMicroelectronics X-CUBE-AI 8.1.0
2024-01-28 00:34:57,678 [INFO] ThirdParty:1030 - CMSIS Pack Vendor :STMicroelectronics X-CUBE-AZRTOS-L4 2.0.0
2024-01-28 00:34:57,678 [INFO] ThirdParty:1030 - CMSIS Pack Vendor :STMicroelectronics ThreadX 0.0.2
2024-01-28 00:34:57,678 [INFO] ThirdParty:1030 - CMSIS Pack Vendor :WES I-CUBE-Cesium 1.3.0
2024-01-28 00:34:57,678 [INFO] ThirdParty:1030 - CMSIS Pack Vendor :STMicroelectronics FP-ATR-ASTRA1 2.0.0
2024-01-28 00:34:57,678 [INFO] ThirdParty:1030 - CMSIS Pack Vendor :STMicroelectronics lwIP 2.1.2
2024-01-28 00:34:57,678 [INFO] ThirdParty:1030 - CMSIS Pack Vendor :STMicroelectronics X-CUBE-SFXS2LP1 4.0.0
2024-01-28 00:34:57,678 [INFO] ThirdParty:1030 - CMSIS Pack Vendor :STMicroelectronics X-CUBE-BLE2 3.3.0
2024-01-28 00:34:57,678 [INFO] ThirdParty:1030 - CMSIS Pack Vendor :STMicroelectronics X-CUBE-TOF1 3.4.0
2024-01-28 00:34:57,678 [INFO] ThirdParty:1030 - CMSIS Pack Vendor :STMicroelectronics X-CUBE-AZRTOS-H7 3.2.0
2024-01-28 00:34:57,678 [INFO] ThirdParty:1030 - CMSIS Pack Vendor :STMicroelectronics PDM2PCM 3.2.0
2024-01-28 00:34:57,679 [INFO] ThirdParty:841 - exiting critical section [change project]
2024-01-28 00:34:58,404 [INFO] PinOutPanel:1499 - setPackage(No Configuration,No Configuration)
2024-01-28 00:34:58,406 [INFO] PinOutPanel:1499 - setPackage(STM32F429ZITx,LQFP144)
2024-01-28 00:34:58,995 [INFO] UtilMem:75 - Before build in PCC Used Memory: 630040912 Bytes (1073741824)
2024-01-28 00:34:59,622 [INFO] UtilMem:75 - After build in PCC Used Memory: 637196704 Bytes (1073741824)
2024-01-28 00:34:59,697 [INFO] IPUIPlugin:80 - create IPUIPlugin
2024-01-28 00:34:59,697 [INFO] IPUIPlugin:80 - create IPUIPlugin
2024-01-28 00:34:59,697 [INFO] IPUIPlugin:80 - create IPUIPlugin
2024-01-28 00:34:59,698 [INFO] IPUIPlugin:80 - create IPUIPlugin
2024-01-28 00:34:59,698 [INFO] IPUIPlugin:80 - create IPUIPlugin
2024-01-28 00:34:59,698 [INFO] IPUIPlugin:80 - create IPUIPlugin
2024-01-28 00:34:59,699 [INFO] IPUIPlugin:80 - create IPUIPlugin
2024-01-28 00:34:59,699 [INFO] IPUIPlugin:80 - create IPUIPlugin
2024-01-28 00:34:59,700 [INFO] IPUIPlugin:80 - create IPUIPlugin
2024-01-28 00:34:59,700 [INFO] IPUIPlugin:80 - create IPUIPlugin
2024-01-28 00:34:59,701 [INFO] IPUIPlugin:80 - create IPUIPlugin
2024-01-28 00:34:59,701 [INFO] IPUIPlugin:80 - create IPUIPlugin
2024-01-28 00:34:59,701 [INFO] IPUIPlugin:80 - create IPUIPlugin
2024-01-28 00:34:59,701 [INFO] IPUIPlugin:80 - create IPUIPlugin
2024-01-28 00:34:59,701 [INFO] IPUIPlugin:80 - create IPUIPlugin
2024-01-28 00:34:59,702 [INFO] IPUIPlugin:80 - create IPUIPlugin
2024-01-28 00:34:59,702 [INFO] IPUIPlugin:80 - create IPUIPlugin
2024-01-28 00:34:59,702 [INFO] IPUIPlugin:80 - create IPUIPlugin
2024-01-28 00:34:59,702 [INFO] IPUIPlugin:80 - create IPUIPlugin
2024-01-28 00:34:59,703 [INFO] IPUIPlugin:80 - create IPUIPlugin
2024-01-28 00:34:59,703 [INFO] IPUIPlugin:80 - create IPUIPlugin
2024-01-28 00:34:59,704 [INFO] IPUIPlugin:80 - create IPUIPlugin
2024-01-28 00:34:59,704 [INFO] IPUIPlugin:80 - create IPUIPlugin
2024-01-28 00:34:59,705 [INFO] IPUIPlugin:80 - create IPUIPlugin
2024-01-28 00:34:59,705 [INFO] IPUIPlugin:80 - create IPUIPlugin
2024-01-28 00:34:59,706 [INFO] IPUIPlugin:80 - create IPUIPlugin
2024-01-28 00:34:59,706 [INFO] IPUIPlugin:80 - create IPUIPlugin
2024-01-28 00:34:59,707 [INFO] IPUIPlugin:80 - create IPUIPlugin
2024-01-28 00:34:59,708 [INFO] IPUIPlugin:80 - create IPUIPlugin
2024-01-28 00:34:59,708 [INFO] IPUIPlugin:80 - create IPUIPlugin
2024-01-28 00:34:59,709 [INFO] IPUIPlugin:80 - create IPUIPlugin
2024-01-28 00:34:59,709 [INFO] IPUIPlugin:80 - create IPUIPlugin
2024-01-28 00:34:59,710 [INFO] IPUIPlugin:80 - create IPUIPlugin
2024-01-28 00:34:59,711 [INFO] IPUIPlugin:80 - create IPUIPlugin
2024-01-28 00:34:59,711 [INFO] IPUIPlugin:80 - create IPUIPlugin
2024-01-28 00:34:59,712 [INFO] IPUIPlugin:80 - create IPUIPlugin
2024-01-28 00:34:59,713 [INFO] IPUIPlugin:80 - create IPUIPlugin
2024-01-28 00:34:59,713 [INFO] IPUIPlugin:80 - create IPUIPlugin
2024-01-28 00:34:59,714 [INFO] IPUIPlugin:80 - create IPUIPlugin
2024-01-28 00:34:59,715 [INFO] IPUIPlugin:80 - create IPUIPlugin
2024-01-28 00:34:59,715 [INFO] IPUIPlugin:80 - create IPUIPlugin
2024-01-28 00:34:59,716 [INFO] IPUIPlugin:80 - create IPUIPlugin
2024-01-28 00:34:59,717 [INFO] IPUIPlugin:80 - create IPUIPlugin
2024-01-28 00:34:59,718 [INFO] IPUIPlugin:80 - create IPUIPlugin
2024-01-28 00:34:59,719 [INFO] IPUIPlugin:80 - create IPUIPlugin
2024-01-28 00:34:59,720 [INFO] IPUIPlugin:80 - create IPUIPlugin
2024-01-28 00:34:59,720 [INFO] IPUIPlugin:80 - create IPUIPlugin
2024-01-28 00:34:59,721 [INFO] IPUIPlugin:80 - create IPUIPlugin
2024-01-28 00:34:59,722 [INFO] IPUIPlugin:80 - create IPUIPlugin
2024-01-28 00:34:59,722 [INFO] IPUIPlugin:80 - create IPUIPlugin
2024-01-28 00:34:59,723 [INFO] IPUIPlugin:80 - create IPUIPlugin
2024-01-28 00:34:59,724 [INFO] IPUIPlugin:80 - create IPUIPlugin
2024-01-28 00:34:59,725 [INFO] IPUIPlugin:80 - create IPUIPlugin
2024-01-28 00:34:59,726 [INFO] IPUIPlugin:80 - create IPUIPlugin
2024-01-28 00:34:59,727 [INFO] IPUIPlugin:80 - create IPUIPlugin
2024-01-28 00:34:59,728 [INFO] IPUIPlugin:80 - create IPUIPlugin
2024-01-28 00:34:59,728 [INFO] IPUIPlugin:80 - create IPUIPlugin
2024-01-28 00:34:59,729 [INFO] IPUIPlugin:80 - create IPUIPlugin
2024-01-28 00:34:59,730 [INFO] IPUIPlugin:80 - create IPUIPlugin
2024-01-28 00:34:59,731 [INFO] IPUIPlugin:80 - create IPUIPlugin
2024-01-28 00:34:59,732 [INFO] IPUIPlugin:80 - create IPUIPlugin
2024-01-28 00:34:59,733 [INFO] IPUIPlugin:80 - create IPUIPlugin
2024-01-28 00:34:59,735 [INFO] IPUIPlugin:80 - create IPUIPlugin
2024-01-28 00:34:59,737 [INFO] IPUIPlugin:80 - create IPUIPlugin
2024-01-28 00:34:59,738 [INFO] IPUIPlugin:80 - create IPUIPlugin
2024-01-28 00:34:59,739 [INFO] IPUIPlugin:80 - create IPUIPlugin
2024-01-28 00:34:59,747 [INFO] ApiDbMcu:508 - Load IP Config File for PDM2PCM
2024-01-28 00:34:59,821 [INFO] CADModel:165 - CPN selected for project levelSTM32F429ZIT6
2024-01-28 00:34:59,822 [INFO] CADModel:114 - Register for checkConnection events
2024-01-28 00:34:59,881 [INFO] OpenFileManager:343 - Restore cursor
2024-01-28 00:35:00,598 [INFO] UtilMem:75 - End SaveConfig() Used Memory: 752136544 Bytes (1073741824)
2024-01-28 00:35:00,778 [INFO] UtilMem:75 - End SaveConfig() Used Memory: 779399520 Bytes (1073741824)
2024-01-28 00:35:01,246 [INFO] BlockDiagram:2759 - set Specific Code input for plugin: RCC
2024-01-28 00:35:01,246 [INFO] BlockDiagram:2759 - set Specific Code input for plugin: NVIC
2024-01-28 00:35:01,248 [INFO] CodeGenerator:807 - code generatio: config db path: D:\hocviec\download\STM32CubeIDE_1.14.0\STM32CubeIDE\plugins\com.st.stm32cube.common.mx_6.10.0.202311202037\\db\
2024-01-28 00:35:01,617 [INFO] CodeEngine:255 - oldGeneratedFile, D:\hocviec\trainning\demo2\MXTmpFiles\license.tmp_save
2024-01-28 00:35:02,031 [INFO] CodeEngine:279 - Generated code: D:\hocviec\trainning\demo2\MXTmpFiles\license.tmp
2024-01-28 00:35:02,052 [INFO] CodeEngine:255 - oldGeneratedFile, D:\hocviec\trainning\demo2\Core\Src\stm32f4xx_it.c_save
2024-01-28 00:35:02,793 [INFO] CodeEngine:279 - Generated code: D:\hocviec\trainning\demo2\Core\Src\stm32f4xx_it.c
2024-01-28 00:35:02,799 [INFO] CodeEngine:255 - oldGeneratedFile, D:\hocviec\trainning\demo2\Core\Inc\stm32f4xx_it.h_save
2024-01-28 00:35:03,004 [INFO] CodeEngine:279 - Generated code: D:\hocviec\trainning\demo2\Core\Inc\stm32f4xx_it.h
2024-01-28 00:35:03,087 [INFO] CodeEngine:255 - oldGeneratedFile, D:\hocviec\trainning\demo2\Core\Src\stm32f4xx_hal_msp.c_save
2024-01-28 00:35:03,480 [INFO] CodeEngine:279 - Generated code: D:\hocviec\trainning\demo2\Core\Src\stm32f4xx_hal_msp.c
2024-01-28 00:35:03,486 [INFO] CodeEngine:255 - oldGeneratedFile, D:\hocviec\trainning\demo2\MXTmpFiles\system.tmp_save
2024-01-28 00:35:03,802 [INFO] CodeEngine:279 - Generated code: D:\hocviec\trainning\demo2\MXTmpFiles\system.tmp
2024-01-28 00:35:03,814 [INFO] CodeEngine:311 - oldGeneratedFile, D:\hocviec\trainning\demo2\Core\Inc\stm32f4xx_hal_conf.h_save
2024-01-28 00:35:03,990 [INFO] CodeEngine:335 - Generated code: D:\hocviec\trainning\demo2\Core\Inc\stm32f4xx_hal_conf.h
2024-01-28 00:35:04,046 [INFO] CodeEngine:255 - oldGeneratedFile, D:\hocviec\trainning\demo2\Core\Inc\main.h_save
2024-01-28 00:35:04,228 [INFO] CodeEngine:279 - Generated code: D:\hocviec\trainning\demo2\Core\Inc\main.h
2024-01-28 00:35:04,233 [INFO] CodeEngine:255 - oldGeneratedFile, D:\hocviec\trainning\demo2\Core\Src\main.c_save
2024-01-28 00:35:04,446 [INFO] CodeEngine:279 - Generated code: D:\hocviec\trainning\demo2\Core\Src\main.c
2024-01-28 00:35:05,687 [INFO] ProjectBuilder:3076 - Time for Copy HAL[1] : 279mS.
2024-01-28 00:35:05,694 [INFO] ProjectBuilder:4485 - Project Generator version: 4.2.0-B44
2024-01-28 00:35:06,336 [INFO] ConfigFileManager:1495 - The Die is : DIE419
2024-01-28 00:35:06,342 [INFO] ApiDbMcu:508 - Load IP Config File for FATFS
2024-01-28 00:35:06,435 [INFO] ApiDbMcu:508 - Load IP Config File for FREERTOS
2024-01-28 00:35:06,438 [INFO] ApiDbMcu:508 - Load IP Config File for LIBJPEG
2024-01-28 00:35:06,454 [INFO] ApiDbMcu:508 - Load IP Config File for LWIP
2024-01-28 00:35:06,464 [INFO] ApiDbMcu:508 - Load IP Config File for MBEDTLS
2024-01-28 00:35:06,483 [INFO] ApiDbMcu:508 - Load IP Config File for USB_DEVICE
2024-01-28 00:35:06,500 [INFO] ApiDbMcu:508 - Load IP Config File for USB_HOST
2024-01-28 00:35:11,447 [INFO] ProjectBuilder:4747 - Time for Generating toolchain IDE Files: 5753mS.
2024-01-28 00:35:11,448 [INFO] ProjectBuilder:2947 - Time for Copy CMSIS : 0mS.
2024-01-28 00:35:11,451 [INFO] ProjectBuilder:2947 - Time for Copy CMSIS : 0mS.
2024-01-28 00:35:15,180 [INFO] McuFinderGlobals:76 - Set McuFinderConnectedMode to true
2024-01-28 00:35:15,182 [INFO] ApiDb:448 - Save user favorites file C:\Users\Admin/.stm32cubeide/favorites.mcus.txt: 1 item(s)
2024-01-28 00:35:15,182 [INFO] ApiDb:452 - User favorites MCUs=[STM32F429ZIT6]
