2024-01-19 12:41:52,897 [INFO] Activator:176 - 


2024-01-19 12:41:52,907 [INFO] Activator:177 - !SESSION log4j initialized
2024-01-19 12:42:04,555 [INFO] LogOutputStream:77 - [STDOUT_REDIRECT] 
2024-01-19 12:42:06,395 [INFO] ApplicationProperties:184 - Using Application install path: D:\hocviec\download\STM32CubeIDE_1.14.0\STM32CubeIDE\plugins\com.st.stm32cube.common.mx_6.10.0.202311202037
2024-01-19 12:42:06,433 [INFO] DbMcusXml:78 - Set database path to: D:\hocviec\download\STM32CubeIDE_1.14.0\STM32CubeIDE\plugins\com.st.stm32cube.common.mx_6.10.0.202311202037\\db\/mcu/
2024-01-19 12:42:06,434 [INFO] ApiDb:274 - Set plugin database path to: D:\hocviec\download\STM32CubeIDE_1.14.0\STM32CubeIDE\plugins\com.st.stm32cube.common.mx_6.10.0.202311202037\\db\/plugins/boardmanager/
2024-01-19 12:42:06,435 [WARN] ApiDb:259 - Overriding images path with different value:  => D:\hocviec\download\STM32CubeIDE_1.14.0\STM32CubeIDE\plugins\com.st.stm32cube.common.mx_6.10.0.202311202037\\db\/plugins/mcufinder/images/
2024-01-19 12:42:06,453 [INFO] ApiDb:250 - Set database path to: C:\Users\Admin\.stmcufinder\plugins\mcufinder//mcu/
2024-01-19 12:42:06,455 [INFO] DbMcusAds:125 - Set database path to: C:\Users\Admin\.stmcufinder\plugins\mcufinder//mcu/
2024-01-19 12:42:06,460 [INFO] CrossReferenceDbSqlite:203 - Set database path to: C:\Users\Admin\.stmcufinder\plugins\mcufinder//mcu/cs/
2024-01-19 12:42:06,798 [INFO] RulesReader:64 - Compatibility file has been processed (297 Rules)
2024-01-19 12:42:07,018 [INFO] DbMcusXml:78 - Set database path to: D:\hocviec\download\STM32CubeIDE_1.14.0\STM32CubeIDE\plugins\com.st.stm32cube.common.mx_6.10.0.202311202037\\db\/mcu/
2024-01-19 12:42:07,018 [INFO] ApiDb:274 - Set plugin database path to: D:\hocviec\download\STM32CubeIDE_1.14.0\STM32CubeIDE\plugins\com.st.stm32cube.common.mx_6.10.0.202311202037\\db\/plugins/boardmanager/
2024-01-19 12:42:07,019 [INFO] ApiDb:261 - Set plugin images path to: D:\hocviec\download\STM32CubeIDE_1.14.0\STM32CubeIDE\plugins\com.st.stm32cube.common.mx_6.10.0.202311202037\\db\/plugins/mcufinder/images/
2024-01-19 12:42:07,019 [WARN] DbFile:41 - Overriding database path with different value: C:\Users\Admin\.stmcufinder\plugins\mcufinder/ => C:\Users\Admin\.stmcufinder\plugins\mcufinder
2024-01-19 12:42:07,020 [INFO] ApiDb:250 - Set database path to: C:\Users\Admin\.stmcufinder\plugins\mcufinder//mcu/
2024-01-19 12:42:07,020 [WARN] DbFile:41 - Overriding database path with different value: C:\Users\Admin\.stmcufinder\plugins\mcufinder/ => C:\Users\Admin\.stmcufinder\plugins\mcufinder
2024-01-19 12:42:07,021 [INFO] DbMcusAds:125 - Set database path to: C:\Users\Admin\.stmcufinder\plugins\mcufinder//mcu/
2024-01-19 12:42:07,021 [WARN] DbFile:41 - Overriding database path with different value: C:\Users\Admin\.stmcufinder\plugins\mcufinder/ => C:\Users\Admin\.stmcufinder\plugins\mcufinder
2024-01-19 12:42:07,021 [WARN] DbFile:41 - Overriding database path with different value: C:\Users\Admin\.stmcufinder\plugins\mcufinder/ => C:\Users\Admin\.stmcufinder\plugins\mcufinder
2024-01-19 12:42:07,022 [INFO] CrossReferenceDbSqlite:203 - Set database path to: C:\Users\Admin\.stmcufinder\plugins\mcufinder//mcu/cs/
2024-01-19 12:42:07,197 [INFO] MainPanel:264 - HeapMemory: 268435456
2024-01-19 12:42:07,386 [INFO] DbMcusXml:78 - Set database path to: D:\hocviec\download\STM32CubeIDE_1.14.0\STM32CubeIDE\plugins\com.st.stm32cube.common.mx_6.10.0.202311202037\\db\/mcu/
2024-01-19 12:42:07,386 [INFO] ApiDb:274 - Set plugin database path to: D:\hocviec\download\STM32CubeIDE_1.14.0\STM32CubeIDE\plugins\com.st.stm32cube.common.mx_6.10.0.202311202037\\db\/plugins/boardmanager/
2024-01-19 12:42:07,386 [INFO] ApiDb:261 - Set plugin images path to: D:\hocviec\download\STM32CubeIDE_1.14.0\STM32CubeIDE\plugins\com.st.stm32cube.common.mx_6.10.0.202311202037\\db\/plugins/mcufinder/images/
2024-01-19 12:42:07,387 [WARN] DbFile:41 - Overriding database path with different value: C:\Users\Admin\.stmcufinder\plugins\mcufinder/ => C:\Users\Admin\.stmcufinder\plugins\mcufinder
2024-01-19 12:42:07,387 [INFO] ApiDb:250 - Set database path to: C:\Users\Admin\.stmcufinder\plugins\mcufinder//mcu/
2024-01-19 12:42:07,388 [WARN] DbFile:41 - Overriding database path with different value: C:\Users\Admin\.stmcufinder\plugins\mcufinder/ => C:\Users\Admin\.stmcufinder\plugins\mcufinder
2024-01-19 12:42:07,388 [INFO] DbMcusAds:125 - Set database path to: C:\Users\Admin\.stmcufinder\plugins\mcufinder//mcu/
2024-01-19 12:42:07,388 [WARN] DbFile:41 - Overriding database path with different value: C:\Users\Admin\.stmcufinder\plugins\mcufinder/ => C:\Users\Admin\.stmcufinder\plugins\mcufinder
2024-01-19 12:42:07,388 [WARN] DbFile:41 - Overriding database path with different value: C:\Users\Admin\.stmcufinder\plugins\mcufinder/ => C:\Users\Admin\.stmcufinder\plugins\mcufinder
2024-01-19 12:42:07,388 [INFO] CrossReferenceDbSqlite:203 - Set database path to: C:\Users\Admin\.stmcufinder\plugins\mcufinder//mcu/cs/
2024-01-19 12:42:07,431 [INFO] ApplicationProperties:184 - Using Application install path: D:\hocviec\download\STM32CubeIDE_1.14.0\STM32CubeIDE\plugins\com.st.stm32cube.common.mx_6.10.0.202311202037
2024-01-19 12:42:07,434 [INFO] PluginManage:196 - Search for loadable plugins [exclusion list=, ]
2024-01-19 12:42:07,437 [INFO] PluginManage:310 - Check plugin analytics
2024-01-19 12:42:07,754 [INFO] AnalyticsPlugin:253 - Accepted Software Licenses: 
2024-01-19 12:42:07,754 [INFO] AnalyticsPlugin:255 - Accepted CMSIS Pack Licenses: 
2024-01-19 12:42:07,755 [INFO] AnalyticsPlugin:257 - Accepted Firmware Licenses: FW.F4.1.28.0
2024-01-19 12:42:07,765 [INFO] PluginManage:359 - Loaded plugin analytics (category:tool,tabindex:-1)
2024-01-19 12:42:07,766 [INFO] PluginManage:310 - Check plugin cadmodel
2024-01-19 12:42:07,775 [INFO] CADModel:105 - Init CAD model plugin
2024-01-19 12:42:07,776 [INFO] PluginManage:359 - Loaded plugin cadmodel (category:power,tabindex:5)
2024-01-19 12:42:07,776 [INFO] PluginManage:310 - Check plugin clock
2024-01-19 12:42:07,812 [INFO] PluginManage:359 - Loaded plugin clock (category:base,tabindex:2)
2024-01-19 12:42:07,813 [INFO] PluginManage:310 - Check plugin ddr
2024-01-19 12:42:07,817 [INFO] PluginManage:359 - Loaded plugin ddr (category:tool,tabindex:6)
2024-01-19 12:42:07,818 [INFO] PluginManage:310 - Check plugin filemanager
2024-01-19 12:42:08,084 [INFO] PluginManage:359 - Loaded plugin filemanager (category:base,tabindex:10)
2024-01-19 12:42:08,084 [INFO] PluginManage:310 - Check plugin ipmanager
2024-01-19 12:42:08,094 [INFO] PluginManage:359 - Loaded plugin ipmanager (category:base,tabindex:5)
2024-01-19 12:42:08,095 [INFO] PluginManage:310 - Check plugin lpbam
2024-01-19 12:42:08,107 [INFO] PluginManage:359 - Loaded plugin lpbam (category:base,tabindex:0)
2024-01-19 12:42:08,107 [INFO] PluginManage:310 - Check plugin memorymap
2024-01-19 12:42:08,143 [INFO] PluginManage:359 - Loaded plugin memorymap (category:base,tabindex:4)
2024-01-19 12:42:08,143 [INFO] PluginManage:310 - Check plugin pinoutandconfiguration
2024-01-19 12:42:08,160 [INFO] PluginManage:359 - Loaded plugin pinoutandconfiguration (category:base,tabindex:1)
2024-01-19 12:42:08,160 [INFO] PluginManage:310 - Check plugin pinoutconfig
2024-01-19 12:42:08,314 [WARN] SupportedApi:132 - Cannot load RTOS API schema: s4s-elt-must-match.1: The content of 'definitions' must match (annotation?, (simpleType | complexType)?, (unique | key | keyref)*)). A problem was found starting at: attribute.
2024-01-19 12:42:08,589 [INFO] PluginManage:359 - Loaded plugin pinoutconfig (category:base,tabindex:0)
2024-01-19 12:42:08,589 [INFO] PluginManage:310 - Check plugin power
2024-01-19 12:42:08,612 [INFO] PluginManage:359 - Loaded plugin power (category:power,tabindex:4)
2024-01-19 12:42:08,613 [INFO] PluginManage:310 - Check plugin projectmanager
2024-01-19 12:42:08,648 [INFO] PluginManage:359 - Loaded plugin projectmanager (category:projectmanager,tabindex:3)
2024-01-19 12:42:08,648 [INFO] PluginManage:310 - Check plugin thirdparty
2024-01-19 12:42:08,928 [INFO] PluginManage:359 - Loaded plugin thirdparty (category:base,tabindex:-1)
2024-01-19 12:42:08,928 [WARN] IntegrityCheckThread:84 - waiting for thirdparty lock release [integrity check]
2024-01-19 12:42:08,928 [INFO] PluginManage:310 - Check plugin tools
2024-01-19 12:42:08,928 [INFO] IntegrityCheckThread:86 - entering critical section [integrity check]
2024-01-19 12:42:08,930 [INFO] ThirdPartyUpdaterWithRetryManager:70 - Updater plugin not ready yet. [1/15]
2024-01-19 12:42:08,934 [INFO] PluginManage:359 - Loaded plugin tools (category:base,tabindex:7)
2024-01-19 12:42:08,935 [INFO] PluginManage:310 - Check plugin tutovideos
2024-01-19 12:42:09,239 [INFO] PluginManage:359 - Loaded plugin tutovideos (category:base,tabindex:-1)
2024-01-19 12:42:09,240 [INFO] PluginManage:310 - Check plugin updater
2024-01-19 12:42:09,256 [INFO] PluginManage:359 - Loaded plugin updater (category:base,tabindex:12)
2024-01-19 12:42:09,257 [INFO] PluginManage:310 - Check plugin userauth
2024-01-19 12:42:09,265 [INFO] UserAuth:114 - Init User Auth plugin
2024-01-19 12:42:09,265 [INFO] PluginManage:359 - Loaded plugin userauth (category:base,tabindex:14)
2024-01-19 12:42:09,266 [INFO] PluginManage:283 - PluginManage : Loaded plugins [17]
2024-01-19 12:42:09,684 [INFO] PinOutPanel:1499 - setPackage(No Configuration,No Configuration)
2024-01-19 12:42:09,810 [INFO] CADModel:165 - CPN selected for project level
2024-01-19 12:42:09,811 [INFO] CADModel:114 - Register for checkConnection events
2024-01-19 12:42:09,839 [INFO] IPUIPlugin:80 - create IPUIPlugin
2024-01-19 12:42:09,839 [INFO] PluginManager:220 - loadIPPluginJar : add adc
2024-01-19 12:42:09,844 [INFO] IPUIPlugin:80 - create IPUIPlugin
2024-01-19 12:42:09,844 [INFO] PluginManager:220 - loadIPPluginJar : add aes
2024-01-19 12:42:09,849 [INFO] IPUIPlugin:80 - create IPUIPlugin
2024-01-19 12:42:09,850 [INFO] PluginManager:220 - loadIPPluginJar : add can
2024-01-19 12:42:09,853 [INFO] IPUIPlugin:80 - create IPUIPlugin
2024-01-19 12:42:09,853 [INFO] PluginManager:220 - loadIPPluginJar : add comp
2024-01-19 12:42:09,857 [INFO] IPUIPlugin:80 - create IPUIPlugin
2024-01-19 12:42:09,858 [INFO] PluginManager:220 - loadIPPluginJar : add cryp
2024-01-19 12:42:09,863 [INFO] IPUIPlugin:80 - create IPUIPlugin
2024-01-19 12:42:09,863 [INFO] PluginManager:220 - loadIPPluginJar : add dfsdm
2024-01-19 12:42:09,874 [INFO] IPUIPlugin:80 - create IPUIPlugin
2024-01-19 12:42:09,875 [INFO] PluginManager:220 - loadIPPluginJar : add dma
2024-01-19 12:42:09,880 [INFO] IPUIPlugin:80 - create IPUIPlugin
2024-01-19 12:42:09,880 [INFO] PluginManager:220 - loadIPPluginJar : add dma3
2024-01-19 12:42:09,884 [INFO] IPUIPlugin:80 - create IPUIPlugin
2024-01-19 12:42:09,884 [INFO] PluginManager:220 - loadIPPluginJar : add fatfs
2024-01-19 12:42:09,891 [INFO] IPUIPlugin:80 - create IPUIPlugin
2024-01-19 12:42:09,891 [INFO] PluginManager:220 - loadIPPluginJar : add fmc
2024-01-19 12:42:09,902 [INFO] IPUIPlugin:80 - create IPUIPlugin
2024-01-19 12:42:09,903 [INFO] PluginManager:220 - loadIPPluginJar : add freertos
2024-01-19 12:42:09,905 [INFO] IPUIPlugin:80 - create IPUIPlugin
2024-01-19 12:42:09,906 [INFO] PluginManager:220 - loadIPPluginJar : add genericplugin
2024-01-19 12:42:09,910 [INFO] IPUIPlugin:80 - create IPUIPlugin
2024-01-19 12:42:09,911 [INFO] PluginManager:220 - loadIPPluginJar : add gfxmmu
2024-01-19 12:42:09,920 [INFO] IPUIPlugin:80 - create IPUIPlugin
2024-01-19 12:42:09,920 [INFO] PluginManager:220 - loadIPPluginJar : add gic
2024-01-19 12:42:09,929 [INFO] IPUIPlugin:80 - create IPUIPlugin
2024-01-19 12:42:09,929 [INFO] PluginManager:220 - loadIPPluginJar : add gpio
2024-01-19 12:42:09,936 [INFO] IPUIPlugin:80 - create IPUIPlugin
2024-01-19 12:42:09,936 [INFO] PluginManager:220 - loadIPPluginJar : add gtzc
2024-01-19 12:42:09,941 [INFO] IPUIPlugin:80 - create IPUIPlugin
2024-01-19 12:42:09,941 [INFO] PluginManager:220 - loadIPPluginJar : add hash
2024-01-19 12:42:09,946 [INFO] IPUIPlugin:80 - create IPUIPlugin
2024-01-19 12:42:09,947 [INFO] PluginManager:220 - loadIPPluginJar : add i2c
2024-01-19 12:42:09,951 [INFO] IPUIPlugin:80 - create IPUIPlugin
2024-01-19 12:42:09,952 [INFO] PluginManager:220 - loadIPPluginJar : add i2s
2024-01-19 12:42:09,957 [INFO] IPUIPlugin:80 - create IPUIPlugin
2024-01-19 12:42:09,958 [INFO] PluginManager:220 - loadIPPluginJar : add i3c
2024-01-19 12:42:09,964 [INFO] IPUIPlugin:80 - create IPUIPlugin
2024-01-19 12:42:09,964 [INFO] PluginManager:220 - loadIPPluginJar : add ipddr
2024-01-19 12:42:09,976 [INFO] IPUIPlugin:80 - create IPUIPlugin
2024-01-19 12:42:09,976 [INFO] PluginManager:220 - loadIPPluginJar : add linkedlist
2024-01-19 12:42:09,981 [INFO] IPUIPlugin:80 - create IPUIPlugin
2024-01-19 12:42:09,981 [INFO] PluginManager:220 - loadIPPluginJar : add lorawan
2024-01-19 12:42:09,984 [INFO] IPUIPlugin:80 - create IPUIPlugin
2024-01-19 12:42:09,985 [INFO] PluginManager:220 - loadIPPluginJar : add ltdc
2024-01-19 12:42:09,996 [INFO] IPUIPlugin:80 - create IPUIPlugin
2024-01-19 12:42:09,997 [INFO] PluginManager:220 - loadIPPluginJar : add mdma
2024-01-19 12:42:10,004 [INFO] IPUIPlugin:80 - create IPUIPlugin
2024-01-19 12:42:10,004 [INFO] PluginManager:220 - loadIPPluginJar : add nvic
2024-01-19 12:42:10,009 [INFO] IPUIPlugin:80 - create IPUIPlugin
2024-01-19 12:42:10,009 [INFO] PluginManager:220 - loadIPPluginJar : add opamp
2024-01-19 12:42:10,015 [INFO] IPUIPlugin:80 - create IPUIPlugin
2024-01-19 12:42:10,015 [INFO] PluginManager:220 - loadIPPluginJar : add openamp
2024-01-19 12:42:10,022 [INFO] IPUIPlugin:80 - create IPUIPlugin
2024-01-19 12:42:10,022 [INFO] PluginManager:220 - loadIPPluginJar : add pdm2pcm
2024-01-19 12:42:10,033 [INFO] IPUIPlugin:80 - create IPUIPlugin
2024-01-19 12:42:10,039 [INFO] PluginManager:220 - loadIPPluginJar : add plateformsettings
2024-01-19 12:42:10,043 [INFO] IPUIPlugin:80 - create IPUIPlugin
2024-01-19 12:42:10,043 [INFO] PluginManager:220 - loadIPPluginJar : add quadspi
2024-01-19 12:42:10,050 [INFO] IPUIPlugin:80 - create IPUIPlugin
2024-01-19 12:42:10,050 [INFO] PluginManager:220 - loadIPPluginJar : add resmgrutility
2024-01-19 12:42:10,061 [INFO] IPUIPlugin:80 - create IPUIPlugin
2024-01-19 12:42:10,061 [INFO] PluginManager:220 - loadIPPluginJar : add sai
2024-01-19 12:42:10,065 [INFO] IPUIPlugin:80 - create IPUIPlugin
2024-01-19 12:42:10,066 [INFO] PluginManager:220 - loadIPPluginJar : add spi
2024-01-19 12:42:10,075 [INFO] IPUIPlugin:80 - create IPUIPlugin
2024-01-19 12:42:10,075 [INFO] PluginManager:220 - loadIPPluginJar : add stm32_wpan
2024-01-19 12:42:10,079 [INFO] IPUIPlugin:80 - create IPUIPlugin
2024-01-19 12:42:10,079 [INFO] PluginManager:220 - loadIPPluginJar : add tim
2024-01-19 12:42:10,086 [INFO] IPUIPlugin:80 - create IPUIPlugin
2024-01-19 12:42:10,086 [INFO] PluginManager:220 - loadIPPluginJar : add touchsensing
2024-01-19 12:42:10,090 [INFO] IPUIPlugin:80 - create IPUIPlugin
2024-01-19 12:42:10,090 [INFO] PluginManager:220 - loadIPPluginJar : add tracer_emb
2024-01-19 12:42:10,094 [INFO] IPUIPlugin:80 - create IPUIPlugin
2024-01-19 12:42:10,095 [INFO] PluginManager:220 - loadIPPluginJar : add ts
2024-01-19 12:42:10,098 [INFO] IPUIPlugin:80 - create IPUIPlugin
2024-01-19 12:42:10,099 [INFO] PluginManager:220 - loadIPPluginJar : add tsc
2024-01-19 12:42:10,102 [INFO] IPUIPlugin:80 - create IPUIPlugin
2024-01-19 12:42:10,103 [INFO] PluginManager:220 - loadIPPluginJar : add ucpd
2024-01-19 12:42:10,108 [INFO] IPUIPlugin:80 - create IPUIPlugin
2024-01-19 12:42:10,108 [INFO] PluginManager:220 - loadIPPluginJar : add usart
2024-01-19 12:42:10,114 [INFO] IPUIPlugin:80 - create IPUIPlugin
2024-01-19 12:42:10,114 [INFO] PluginManager:220 - loadIPPluginJar : add usbx
2024-01-19 12:42:10,313 [INFO] CADModel:165 - CPN selected for project level
2024-01-19 12:42:10,313 [INFO] CADModel:114 - Register for checkConnection events
2024-01-19 12:42:10,314 [FATAL] Updater:308 - Updater called before beeing initialized
2024-01-19 12:42:10,314 [ERROR] CADModel:125 - Updater not yet initialized, retry later 
2024-01-19 12:42:10,520 [INFO] CADModel:165 - CPN selected for project level
2024-01-19 12:42:10,521 [INFO] CADModel:114 - Register for checkConnection events
2024-01-19 12:42:10,521 [FATAL] Updater:308 - Updater called before beeing initialized
2024-01-19 12:42:10,521 [ERROR] CADModel:125 - Updater not yet initialized, retry later 
2024-01-19 12:42:10,525 [FATAL] Updater:308 - Updater called before beeing initialized
2024-01-19 12:42:10,734 [FATAL] Updater:308 - Updater called before beeing initialized
2024-01-19 12:42:10,742 [INFO] DbMcusAds:53 - JSON generation date=Wed Nov 29 17:52:27 ICT 2023 (1701255147200)
2024-01-19 12:42:10,742 [FATAL] Updater:308 - Updater called before beeing initialized
2024-01-19 12:42:10,806 [WARN] DetailPanel:346 - Failed to get advertising image, set to default
2024-01-19 12:42:10,967 [FATAL] Updater:308 - Updater called before beeing initialized
2024-01-19 12:42:10,971 [FATAL] Updater:308 - Updater called before beeing initialized
2024-01-19 12:42:10,971 [FATAL] Updater:308 - Updater called before beeing initialized
2024-01-19 12:42:10,971 [WARN] DetailPanel:346 - Failed to get advertising image, set to default
2024-01-19 12:42:10,973 [FATAL] Updater:308 - Updater called before beeing initialized
2024-01-19 12:42:11,069 [ERROR] Updater:1120 - MainUpdater not yet initialized. External WinMGr cannot be set.
2024-01-19 12:42:11,072 [INFO] Updater:1056 - Updater Version found : 6.10.0
2024-01-19 12:42:11,113 [INFO] ApplicationProperties:184 - Using Application install path: D:\hocviec\download\STM32CubeIDE_1.14.0\STM32CubeIDE\plugins\com.st.stm32cube.common.mx_6.10.0.202311202037
2024-01-19 12:42:11,627 [INFO] MainUpdater:2873 - connection check result : 10
2024-01-19 12:42:11,628 [INFO] MainUpdater:3567 - Updater definition file requires update
2024-01-19 12:42:11,629 [INFO] MainUpdater:290 - Updater Check For Update Now.
2024-01-19 12:42:11,629 [INFO] MicroXplorer:498 - Change Database Version : DB.6.0.100
2024-01-19 12:42:11,638 [INFO] McuFinderGlobals:63 - Set McuFinder mode to 2 (CubeIDE integrated)
2024-01-19 12:42:11,696 [INFO] ServerAccessManage:473 - Download File updaters.zip
2024-01-19 12:42:11,843 [INFO] FileExtend:240 - Unzip File : updaters.zip
2024-01-19 12:42:11,844 [INFO] FileExtend:255 - Standard Zip Deflate
2024-01-19 12:42:11,945 [WARN] MainUpdater:1194 - Updater busy. Cannot search thirdparties
2024-01-19 12:42:11,945 [INFO] ThirdPartyUpdaterWithRetryManager:96 - Updater plugin is busy. [1/15]
2024-01-19 12:42:12,000 [INFO] UserAuth:404 - Internet connection configuration mode: 1
2024-01-19 12:42:12,064 [INFO] JxBrowserEngine:152 - Initiate JxBrowser Engine with user profile folder
2024-01-19 12:42:12,694 [INFO] ServerAccessManage:473 - Download File PacksControlFlags.xml
2024-01-19 12:42:12,827 [INFO] ServerAccessManage:473 - Download File cubemx.pidx
2024-01-19 12:42:13,067 [INFO] LoadServerUpdatesThread:375 - End of LoadServerUpdate Thread
2024-01-19 12:42:13,410 [INFO] CheckServerUpdateThread:120 - End of CheckServer Thread
2024-01-19 12:42:14,187 [INFO] WebApp:161 - Instantiating new browser for Auth
2024-01-19 12:42:15,694 [WARN] PackLoader:240 - Cannot read IP mode file for STMicroelectronics.X-CUBE-SMBUS.2.1.0
2024-01-19 12:42:15,750 [WARN] PackLoader:240 - Cannot read IP mode file for STMicroelectronics.X-CUBE-TOUCHGFX.4.23.0
2024-01-19 12:42:15,918 [WARN] PackLoader:240 - Cannot read IP mode file for STMicroelectronics.X-CUBE-AZRTOS-F7.1.1.0
2024-01-19 12:42:15,962 [WARN] PackLoader:240 - Cannot read IP mode file for STMicroelectronics.FP-SNS-MOTENV1.4.3.2
2024-01-19 12:42:15,981 [WARN] PackLoader:240 - Cannot read IP mode file for STMicroelectronics.FP-SNS-FLIGHT1.5.0.2
2024-01-19 12:42:16,004 [WARN] PackLoader:240 - Cannot read IP mode file for STMicroelectronics.X-CUBE-DISPLAY.3.0.0
2024-01-19 12:42:16,036 [WARN] PackLoader:240 - Cannot read IP mode file for STMicroelectronics.X-CUBE-BLE1.7.0.0
2024-01-19 12:42:16,086 [WARN] PackLoader:240 - Cannot read IP mode file for emotas.I-CUBE-CANOPEN.1.3.0
2024-01-19 12:42:16,095 [WARN] PackLoader:240 - Cannot read IP mode file for STMicroelectronics.X-CUBE-TOUCHGFX.4.22.1
2024-01-19 12:42:16,108 [WARN] PackLoader:240 - Cannot read IP mode file for STMicroelectronics.FP-SNS-SMARTAG2.1.2.0
2024-01-19 12:42:16,137 [INFO] LogOutputStream:77 - [STDOUT_REDIRECT] 1 : Invalid condition id : UX_CORESTACK_Condition cause : null
2024-01-19 12:42:16,142 [INFO] LogOutputStream:77 - [STDOUT_REDIRECT] 1 : Invalid condition id : UX_CORESTACK_Condition cause : null
2024-01-19 12:42:16,145 [INFO] LogOutputStream:77 - [STDOUT_REDIRECT] 1 : Invalid condition id : UX_CORESTACK_Condition cause : null
2024-01-19 12:42:16,156 [INFO] LogOutputStream:77 - [STDOUT_REDIRECT] 1 : Invalid condition id : UX_CORESTACK_Condition cause : null
2024-01-19 12:42:16,160 [INFO] LogOutputStream:77 - [STDOUT_REDIRECT] 1 : Invalid condition id : UX_CORESTACK_Condition cause : null
2024-01-19 12:42:16,200 [WARN] PackLoader:240 - Cannot read IP mode file for STMicroelectronics.X-CUBE-AZRTOS-WL.2.0.0
2024-01-19 12:42:16,266 [WARN] PackLoader:240 - Cannot read IP mode file for WES.I-CUBE-Cesium.1.3.0
2024-01-19 12:42:16,297 [WARN] PackLoader:240 - Cannot read IP mode file for STMicroelectronics.X-CUBE-BLE2.3.3.0
2024-01-19 12:42:16,428 [WARN] PackLoader:240 - Cannot read IP mode file for STMicroelectronics.X-CUBE-ALGOBUILD.1.3.0
2024-01-19 12:42:16,478 [WARN] PackLoader:240 - Cannot read IP mode file for STMicroelectronics.X-CUBE-AZRTOS-G0.1.1.0
2024-01-19 12:42:16,505 [WARN] PackLoader:240 - Cannot read IP mode file for STMicroelectronics.X-CUBE-NFC4.3.0.0
2024-01-19 12:42:16,562 [WARN] PackLoader:240 - Cannot read IP mode file for STMicroelectronics.X-CUBE-BLEMGR.3.0.0
2024-01-19 12:42:16,592 [WARN] PackLoader:240 - Cannot read IP mode file for STMicroelectronics.FP-ATR-SIGFOX1.3.2.0
2024-01-19 12:42:16,689 [WARN] PackLoader:240 - Cannot read IP mode file for STMicroelectronics.X-CUBE-GNSS1.6.0.0
2024-01-19 12:42:16,748 [WARN] PackLoader:240 - Cannot read IP mode file for STMicroelectronics.X-CUBE-AZRTOS-F4.1.1.0
2024-01-19 12:42:16,787 [WARN] PackLoader:240 - Cannot read IP mode file for wolfSSL.I-CUBE-wolfSSL.5.6.4
2024-01-19 12:42:16,828 [WARN] PackLoader:240 - Cannot read IP mode file for STMicroelectronics.X-CUBE-AZRTOS-L5.2.0.0
2024-01-19 12:42:16,847 [WARN] PackLoader:240 - Cannot read IP mode file for STMicroelectronics.X-CUBE-EEPRMA1.4.2.0
2024-01-19 12:42:16,861 [WARN] PackLoader:240 - Cannot read IP mode file for ITTIA_DB.I-CUBE-ITTIADB.8.8.0
2024-01-19 12:42:16,872 [WARN] PackLoader:240 - Cannot read IP mode file for STMicroelectronics.X-CUBE-NFC7.1.0.1
2024-01-19 12:42:16,889 [INFO] WebApp:780 - Register for checkConnection events
2024-01-19 12:42:16,890 [INFO] WebApp:414 - Apply proxy settings
2024-01-19 12:42:16,890 [INFO] WebApp:499 - Chromium requires no authentication
2024-01-19 12:42:16,922 [WARN] PackLoader:240 - Cannot read IP mode file for STMicroelectronics.X-CUBE-NFC6.3.0.0
2024-01-19 12:42:16,935 [WARN] PackLoader:240 - Cannot read IP mode file for STMicroelectronics.X-CUBE-AI.8.1.0
2024-01-19 12:42:16,979 [WARN] ConditionMgr:438 - getConditionDescription Invalid condition id : LAN8742 Phy interface Condition cause : null
2024-01-19 12:42:16,981 [WARN] PackLoader:240 - Cannot read IP mode file for STMicroelectronics.X-CUBE-AZRTOS-L4.2.0.0
2024-01-19 12:42:16,985 [WARN] ConditionMgr:1039 - genDependencies : Invalid condition id : LAN8742 Phy interface Condition cause : null
2024-01-19 12:42:16,985 [WARN] ConditionMgr:1039 - genDependencies : Invalid condition id : LAN8742 Phy interface Condition cause : null
2024-01-19 12:42:16,987 [WARN] ConditionMgr:1039 - genDependencies : Invalid condition id : LAN8742 Phy interface Condition cause : null
2024-01-19 12:42:17,033 [WARN] PackLoader:240 - Cannot read IP mode file for STMicroelectronics.X-CUBE-SFXS2LP1.4.0.0
2024-01-19 12:42:17,064 [WARN] ConditionMgr:438 - getConditionDescription Invalid condition id : UX DEVICE CLASS RTOS Condition cause : null
2024-01-19 12:42:17,065 [WARN] ConditionMgr:438 - getConditionDescription Invalid condition id : UX DEVICE CLASS RTOS Condition cause : null
2024-01-19 12:42:17,071 [WARN] PackLoader:240 - Cannot read IP mode file for STMicroelectronics.X-CUBE-AZRTOS-WB.2.0.0
2024-01-19 12:42:17,072 [WARN] ConditionMgr:1039 - genDependencies : Invalid condition id : UX DEVICE CLASS RTOS Condition cause : null
2024-01-19 12:42:17,073 [WARN] ConditionMgr:1039 - genDependencies : Invalid condition id : UX DEVICE CLASS RTOS Condition cause : null
2024-01-19 12:42:17,074 [WARN] ConditionMgr:1039 - genDependencies : Invalid condition id : UX DEVICE CLASS RTOS Condition cause : null
2024-01-19 12:42:17,075 [WARN] ConditionMgr:1039 - genDependencies : Invalid condition id : UX DEVICE CLASS RTOS Condition cause : null
2024-01-19 12:42:17,075 [WARN] ConditionMgr:1039 - genDependencies : Invalid condition id : UX DEVICE CLASS RTOS Condition cause : null
2024-01-19 12:42:17,100 [WARN] PackLoader:240 - Cannot read IP mode file for STMicroelectronics.X-CUBE-SUBG2.5.0.0
2024-01-19 12:42:17,174 [WARN] PackLoader:240 - Cannot read IP mode file for STMicroelectronics.X-CUBE-AZRTOS-G4.2.0.0
2024-01-19 12:42:17,242 [WARN] PackLoader:240 - Cannot read IP mode file for Infineon.AIROC-Wi-Fi-Bluetooth-STM32.1.5.1
2024-01-19 12:42:17,306 [WARN] PackLoader:240 - Cannot read IP mode file for STMicroelectronics.FP-SNS-MOTENVWB1.1.3.1
2024-01-19 12:42:17,323 [WARN] PackLoader:240 - Cannot read IP mode file for STMicroelectronics.X-CUBE-ISPU.2.0.0
2024-01-19 12:42:17,417 [INFO] WebApp:442 - Direct internet connection detected
2024-01-19 12:42:17,634 [WARN] PackLoader:240 - Cannot read IP mode file for STMicroelectronics.X-CUBE-MEMS1.10.0.0
2024-01-19 12:42:18,714 [WARN] PackLoader:240 - Cannot read IP mode file for STMicroelectronics.X-CUBE-FREERTOS.1.1.0
2024-01-19 12:42:18,732 [WARN] PackLoader:240 - Cannot read IP mode file for portGmbH.I-Cube-SoM-uGOAL.1.1.0
2024-01-19 12:42:18,745 [WARN] PackLoader:240 - Cannot read IP mode file for STMicroelectronics.X-CUBE-ALS.1.0.1
2024-01-19 12:42:18,754 [WARN] PackLoader:240 - Cannot read IP mode file for STMicroelectronics.FP-ATR-ASTRA1.2.0.0
2024-01-19 12:42:18,816 [WARN] PackLoader:240 - Cannot read IP mode file for STMicroelectronics.X-CUBE-TOF1.3.4.0
2024-01-19 12:42:18,894 [WARN] PackLoader:240 - Cannot read IP mode file for STMicroelectronics.X-CUBE-AZRTOS-H7.3.2.0
2024-01-19 12:42:18,946 [INFO] ThirdParty:978 - Integrity check success = true
2024-01-19 12:42:18,946 [INFO] IntegrityCheckThread:100 - exiting critical section [integrity check]
2024-01-19 12:42:18,946 [INFO] IntegrityCheckThread:103 - End integrity checks thread
2024-01-19 12:42:19,442 [INFO] WebApp:192 - Starting web application
2024-01-19 12:42:19,443 [INFO] WebApp:544 - Web application path used D:\hocviec\download\STM32CubeIDE_1.14.0\STM32CubeIDE\plugins\com.st.stm32cube.common.mx_6.10.0.202311202037\db\plugins\mcufinder\reactClient1\index.html
2024-01-19 12:42:28,467 [INFO] McuFinderGlobals:63 - Set McuFinder mode to 2 (CubeIDE integrated)
2024-01-19 12:42:28,476 [INFO] MainUpdater:2873 - connection check result : 10
2024-01-19 12:42:28,478 [INFO] MainUpdater:2873 - connection check result : 10
2024-01-19 12:42:28,550 [INFO] MicroXplorer:468 - Change Database Path : 
2024-01-19 12:42:28,551 [INFO] MicroXplorer:498 - Change Database Version : DB.6.0.100
2024-01-19 12:42:28,557 [WARN] ThirdParty:871 - waiting for thirdparty lock release [close project]
2024-01-19 12:42:28,557 [INFO] ThirdParty:873 - entering critical section [close project]
2024-01-19 12:42:28,559 [INFO] ThirdParty:883 - exiting critical section [close project]
2024-01-19 12:42:28,564 [INFO] PinOutPanel:1499 - setPackage(No Configuration,No Configuration)
2024-01-19 12:42:28,572 [INFO] UtilMem:75 - Begin LoadConfig() Used Memory: 341210624 Bytes (593494016)
2024-01-19 12:42:28,574 [INFO] MicroXplorer:468 - Change Database Path : 
2024-01-19 12:42:28,575 [INFO] MicroXplorer:498 - Change Database Version : DB.6.0.100
2024-01-19 12:42:28,575 [INFO] OpenFileManager:312 - Change cursor
2024-01-19 12:42:28,677 [INFO] Mcu:2016 - Initializing MCU STM32F429ZITx STM32F429ZITx STM32F429ZIT6
2024-01-19 12:42:36,424 [INFO] Context:659 - Trying to add GPIOservice into a context  which must be forbidden
2024-01-19 12:42:38,205 [INFO] RtosManager:555 - Registered RTOS mode: class=CMSIS, group=RTOS, mode=CMSIS_V1, owner=FREERTOS
2024-01-19 12:42:38,205 [INFO] RtosManager:555 - Registered RTOS mode: class=CMSIS, group=RTOS2, mode=CMSIS_V2, owner=FREERTOS
2024-01-19 12:42:38,206 [INFO] RtosManager:555 - Registered RTOS mode: class=RTOS, group=Core, mode=CMSIS_V1, owner=FREERTOS
2024-01-19 12:42:38,206 [INFO] RtosManager:555 - Registered RTOS mode: class=RTOS, group=Core, mode=CMSIS_V2, owner=FREERTOS
2024-01-19 12:42:38,207 [WARN] ModelIntegratedComponent:184 - Missing modes for component STMicroelectronics:FreeRTOS:0.0.1:STMicroelectronics:RTOS:FreeRTOS:Core:::10.2.0:
2024-01-19 12:42:38,250 [WARN] ModelIntegratedComponent:63 - No mode defined for component null
2024-01-19 12:42:38,250 [WARN] ModelIntegratedComponent:63 - No mode defined for component null
2024-01-19 12:42:38,250 [WARN] ModelIntegratedComponent:63 - No mode defined for component null
2024-01-19 12:42:38,250 [WARN] ModelIntegratedComponent:63 - No mode defined for component null
2024-01-19 12:42:38,250 [WARN] ModelIntegratedComponent:63 - No mode defined for component null
2024-01-19 12:42:38,251 [WARN] ModelIntegratedComponent:63 - No mode defined for component null
2024-01-19 12:42:38,251 [WARN] ModelIntegratedComponent:63 - No mode defined for component null
2024-01-19 12:42:38,251 [WARN] ModelIntegratedComponent:63 - No mode defined for component null
2024-01-19 12:42:38,251 [WARN] ModelIntegratedComponent:63 - No mode defined for component null
2024-01-19 12:42:38,251 [WARN] ModelIntegratedComponent:63 - No mode defined for component null
2024-01-19 12:42:38,251 [WARN] ModelIntegratedComponent:63 - No mode defined for component null
2024-01-19 12:42:38,251 [WARN] ModelIntegratedComponent:63 - No mode defined for component null
2024-01-19 12:42:38,251 [WARN] ModelIntegratedComponent:63 - No mode defined for component null
2024-01-19 12:42:38,252 [WARN] ModelIntegratedComponent:63 - No mode defined for component null
2024-01-19 12:42:38,252 [WARN] ModelIntegratedComponent:63 - No mode defined for component null
2024-01-19 12:42:38,252 [WARN] ModelIntegratedComponent:63 - No mode defined for component null
2024-01-19 12:42:38,252 [WARN] ModelIntegratedComponent:63 - No mode defined for component null
2024-01-19 12:42:38,252 [WARN] ModelIntegratedComponent:63 - No mode defined for component null
2024-01-19 12:42:38,252 [WARN] ModelIntegratedComponent:63 - No mode defined for component null
2024-01-19 12:42:38,253 [WARN] ModelIntegratedComponent:63 - No mode defined for component null
2024-01-19 12:42:38,253 [WARN] ModelIntegratedComponent:63 - No mode defined for component null
2024-01-19 12:42:38,253 [WARN] ModelIntegratedComponent:63 - No mode defined for component null
2024-01-19 12:42:38,253 [WARN] ModelIntegratedComponent:63 - No mode defined for component null
2024-01-19 12:42:38,253 [WARN] ModelIntegratedComponent:63 - No mode defined for component null
2024-01-19 12:42:38,253 [WARN] ModelIntegratedComponent:63 - No mode defined for component null
2024-01-19 12:42:38,253 [WARN] ModelIntegratedComponent:63 - No mode defined for component null
2024-01-19 12:42:38,254 [WARN] ModelIntegratedComponent:63 - No mode defined for component null
2024-01-19 12:42:38,254 [WARN] ModelIntegratedComponent:63 - No mode defined for component null
2024-01-19 12:42:38,254 [WARN] ModelIntegratedComponent:63 - No mode defined for component null
2024-01-19 12:42:38,255 [WARN] ModelIntegratedComponent:63 - No mode defined for component null
2024-01-19 12:42:38,255 [WARN] ModelIntegratedComponent:63 - No mode defined for component null
2024-01-19 12:42:38,255 [WARN] ModelIntegratedComponent:63 - No mode defined for component null
2024-01-19 12:42:38,255 [WARN] ModelIntegratedComponent:63 - No mode defined for component null
2024-01-19 12:42:38,498 [INFO] ThirdPartyModel:298 - Start build external matchings
2024-01-19 12:42:38,935 [INFO] ThirdPartyModel:316 - End build external matchings
2024-01-19 12:42:39,925 [INFO] UtilMem:75 - End LoadConfig() Used Memory: 478252000 Bytes (593494016)
2024-01-19 12:42:40,474 [INFO] ApiDb:581 - Connected to CubeFinder SQLite database (C:\Users\Admin\.stmcufinder\plugins\mcufinder\mcu\cube-finder-db.db)
2024-01-19 12:42:41,348 [INFO] ApiDb:668 - CubeFinder database Data Model version=2.1
2024-01-19 12:42:41,348 [INFO] ApiDb:669 - CubeFinder database Configuration version=3.0.39
2024-01-19 12:42:41,348 [INFO] ApiDb:670 - CubeFinder database generation date=2023-12-08 (1702028721)
2024-01-19 12:42:41,348 [INFO] ApiDb:671 - CubeFinder database FW Pack versions=[FP-ATR-ASTRA1_V2.0.0, FP-SNS-FLIGHT1_V5.0.1, FP-SNS-FLIGHT1_V5.0.2, FP-SNS-MOTENV1_V4.3.1, FP-SNS-MOTENV1_V4.3.2, FP-SNS-MOTENVWB1_V1.3.1, FP-SNS-SMARTAG2_V1.2.0, STM32Cube_FW_C0_V1.1.0, STM32Cube_FW_F4_V1.28.0, STM32Cube_FW_F7_V1.17.0, STM32Cube_FW_G0_V1.6.1, STM32Cube_FW_G4_V1.5.1, STM32Cube_FW_H5_V0.5.1, STM32Cube_FW_H5_V1.1.1, STM32Cube_FW_H5_V1.2.0RC2, STM32Cube_FW_H7_V1.11.0, STM32Cube_FW_L0_V1.12.2, STM32Cube_FW_L5_V1.5.0, STM32Cube_FW_U5_V1.3.0RC4, STM32Cube_FW_U5_V1.4.0, STM32Cube_FW_WBA_V1.0.0RC1, STM32Cube_FW_WBA_V1.1.0RC1, STM32Cube_FW_WBA_V1.2.0, STM32Cube_FW_WBA_V1.2.0RC2, STM32Cube_FW_WB_V1.15.0RC1, STM32Cube_FW_WB_V1.16.0, STM32Cube_FW_WB_V1.16.0RC2, STM32Cube_FW_WB_V1.18.0, STM32Cube_FW_WL_V1.3.0, X-CUBE-ALGOBUILD_V1.3.0, X-CUBE-ALS_V1.0.1, X-CUBE-AZRTOS-F4_V1.1.0, X-CUBE-AZRTOS-F7_V1.1.0, X-CUBE-AZRTOS-G0_V1.1.0, X-CUBE-AZRTOS-G4_V2.0.0, X-CUBE-AZRTOS-H7_V3.1.0, X-CUBE-AZRTOS-L4_V1.0.0, X-CUBE-AZRTOS-L4_V2.0.0, X-CUBE-AZRTOS-L5_V1.1.0, X-CUBE-AZRTOS-WB_V2.0.0, X-CUBE-AZRTOS-WL_V2.0.0, X-CUBE-BLE1_V7.0.0, X-CUBE-BLE2_V3.3.0, X-CUBE-BLEMGR_V3.0.0, X-CUBE-EEPRMA1_V4.1.0, X-CUBE-EEPRMA1_V4.2.0, X-CUBE-FREERTOS_V1.1.0, X-CUBE-GNSS1_V6.0.0, X-CUBE-MEMS1_V10.0.0, X-CUBE-MEMS1_V9.1.0, X-CUBE-MEMS1_V9.4.0, X-CUBE-MEMS1_V9.6.0, X-CUBE-NFC4_V3.0.0, X-CUBE-NFC7_V1.0.1, X-CUBE-SFXS2LP1_V4.0.0, X-CUBE-SUBG2_V5.0.0, X-CUBE-TOF1_V3.4.0]
2024-01-19 12:42:44,431 [ERROR] LogOutputStream:75 - [STDERR_REDIRECT] SLF4J: Failed to load class "org.slf4j.impl.StaticLoggerBinder".
2024-01-19 12:42:44,432 [ERROR] LogOutputStream:75 - [STDERR_REDIRECT] SLF4J: Defaulting to no-operation (NOP) logger implementation
2024-01-19 12:42:44,434 [ERROR] LogOutputStream:75 - [STDERR_REDIRECT] SLF4J: See http://www.slf4j.org/codes.html#StaticLoggerBinder for further details.
2024-01-19 12:42:57,483 [INFO] ApiDb:240 - Found 371 in-development CPN: [B-G473E-ZEST1S, B-WB1M-WPAN1, B-WL5M-SUBG1, NUCLEO-C031C6, NUCLEO-H503RB, NUCLEO-H563ZI, NUCLEO-U545RE-Q, NUCLEO-U5A5ZJ-Q, NUCLEO-WBA52CG, NUCLEO-WBA55CG, STEVAL-MKBOXPRO, STEVAL-PROTEUS1, STEVAL-STWINBX1, STM320518-EVAL, STM32C0116-DK, STM32C011D6Y3TR, STM32C011D6Y6TR, STM32C011F4P3, STM32C011F4P6, STM32C011F4U3, STM32C011F4U6TR, STM32C011F6P3, STM32C011F6P6, STM32C011F6U3, STM32C011F6U6TR, STM32C011J4M3, STM32C011J4M6, STM32C011J6M3, STM32C011J6M6, STM32C0316-DK, STM32C031C4T3, STM32C031C4T6, STM32C031C4U3, STM32C031C4U6, STM32C031C6T3, STM32C031C6T6, STM32C031C6U3, STM32C031C6U6, STM32C031F4P3, STM32C031F4P6, STM32C031F6P3, STM32C031F6P6, STM32C031G4U3, STM32C031G4U6, STM32C031G6U3, STM32C031G6U6, STM32C031K4T3, STM32C031K4T6, STM32C031K4U3, STM32C031K4U6, STM32C031K6T3, STM32C031K6T6, STM32C031K6U3, STM32C031K6U6, STM32G071K8TXN, STM32G071K8UXN, STM32G081GBU6N, STM32G081KBT6N, STM32G081KBUXN, STM32G0B1CCT6N, STM32G0B1KCT6, STM32G0B1NEY6TR, STM32G0B1RCT6N, STM32G0C1CCT6, STM32G0C1CCT6N, STM32G0C1CCU6N, STM32G0C1CET6N, STM32G0C1CEU6N, STM32G0C1KCT6, STM32G0C1NEY6TR, STM32G0C1RCI6N, STM32G0C1RCT6N, STM32G0C1REI6N, STM32G0C1RET6N, STM32G0C1VCI6, STM32G0C1VEI6, STM32G471CCT6, STM32G471CCU6, STM32G471CET3, STM32G471CET6, STM32G471CEU3, STM32G471CEU6, STM32G471MCT6, STM32G471MET3, STM32G471MET6, STM32G471MEY6TR, STM32G471QCT6, STM32G471QET3, STM32G471RCT6, STM32G471RET3, STM32G471RET6, STM32G471VCH6, STM32G471VCI6, STM32G471VCT6, STM32G471VEH3, STM32G471VEH6, STM32G471VEI3, STM32G471VEI6, STM32G471VET3, STM32G471VET6, STM32G474CCT6, STM32H503CBT6, STM32H503CBU6, STM32H503EBY6TR, STM32H503KBU6, STM32H503RBT6, STM32H562AGI6, STM32H562AII6, STM32H562IGK6, STM32H562IGT6, STM32H562IIK6, STM32H562IIT6, STM32H562RGT6, STM32H562RGV6, STM32H562RIT6, STM32H562RIV6, STM32H562VGT6, STM32H562VIT6, STM32H562ZGT6, STM32H562ZIT6, STM32H563AGI6, STM32H563AII3Q, STM32H563AII6, STM32H563IGK6, STM32H563IGT6, STM32H563IIK3Q, STM32H563IIK6, STM32H563IIT3Q, STM32H563IIT6, STM32H563MIY3QTR, STM32H563RGT6, STM32H563RGV6, STM32H563RIT6, STM32H563RIV6, STM32H563VGT6, STM32H563VIT3Q, STM32H563VIT6, STM32H563ZGT6, STM32H563ZIT3Q, STM32H563ZIT6, STM32H573AII3Q, STM32H573AII6, STM32H573I-DK, STM32H573IIK3Q, STM32H573IIK6, STM32H573IIT3Q, STM32H573IIT6, STM32H573MIY3QTR, STM32H573RIT6, STM32H573RIV6, STM32H573VIT3Q, STM32H573VIT6, STM32H573ZIT3Q, STM32H573ZIT6, STM32L4R5QGI6STR, STM32MP131AAE3, STM32MP131AAF3, STM32MP131AAG3, STM32MP131CAE3, STM32MP131CAF3, STM32MP131CAG3, STM32MP131DAE7, STM32MP131DAF7, STM32MP131DAG7, STM32MP131FAE7, STM32MP131FAF7, STM32MP131FAG7, STM32MP133AAE3, STM32MP133AAF3, STM32MP133AAG3, STM32MP133CAE3, STM32MP133CAF3, STM32MP133CAG3, STM32MP133DAE7, STM32MP133DAF7, STM32MP133DAG7, STM32MP133FAE7, STM32MP133FAF7, STM32MP133FAG7, STM32MP135AAE3, STM32MP135AAF3, STM32MP135AAG3, STM32MP135CAE3, STM32MP135CAF3, STM32MP135CAG3, STM32MP135DAE7, STM32MP135DAF7, STM32MP135DAG7, STM32MP135F-DK, STM32MP135FAE7, STM32MP135FAF7, STM32MP135FAF7T, STM32MP135FAF7U, STM32MP135FAG7, STM32U535CBT6, STM32U535CBT6Q, STM32U535CBU6, STM32U535CBU6Q, STM32U535CCT6, STM32U535CCT6Q, STM32U535CCU6, STM32U535CCU6Q, STM32U535CET6, STM32U535CET6Q, STM32U535CEU6, STM32U535CEU6Q, STM32U535JEY6QTR, STM32U535NCY6QTR, STM32U535NEY6QTR, STM32U535RBI6, STM32U535RBI6Q, STM32U535RBT6, STM32U535RBT6Q, STM32U535RCI6, STM32U535RCI6Q, STM32U535RCT6, STM32U535RCT6Q, STM32U535REI6, STM32U535REI6Q, STM32U535RET6, STM32U535RET6Q, STM32U535VCI6, STM32U535VCI6Q, STM32U535VCT6, STM32U535VCT6Q, STM32U535VEI6, STM32U535VEI6Q, STM32U535VET6, STM32U535VET6Q, STM32U545CET6, STM32U545CET6Q, STM32U545CEU6, STM32U545CEU6Q, STM32U545JEY6QTR, STM32U545NEY6QTR, STM32U545REI6, STM32U545REI6Q, STM32U545RET6, STM32U545RET6Q, STM32U545VEI6, STM32U545VEI6Q, STM32U545VET6, STM32U545VET6Q, STM32U595AIH6, STM32U595AIH6Q, STM32U595AJH6, STM32U595AJH6Q, STM32U595QII6, STM32U595QII6Q, STM32U595QJI6, STM32U595QJI6Q, STM32U595RIT6, STM32U595RIT6Q, STM32U595RJT6, STM32U595RJT6Q, STM32U595VIT6, STM32U595VIT6Q, STM32U595VJT6, STM32U595VJT6Q, STM32U595ZIT6, STM32U595ZIT6Q, STM32U595ZIY6QTR, STM32U595ZJT6, STM32U595ZJT6Q, STM32U595ZJY6QTR, STM32U599BJY6QTR, STM32U599NIH6Q, STM32U599NJH6Q, STM32U599VIT6Q, STM32U599VJT6, STM32U599VJT6Q, STM32U599ZIT6Q, STM32U599ZIY6QTR, STM32U599ZJT6Q, STM32U599ZJY6QTR, STM32U5A5AJH6, STM32U5A5AJH6Q, STM32U5A5QJI6, STM32U5A5QJI6Q, STM32U5A5RJT6, STM32U5A5RJT6Q, STM32U5A5VJT6, STM32U5A5VJT6Q, STM32U5A5ZJT6, STM32U5A5ZJT6Q, STM32U5A5ZJY6QTR, STM32U5A9BJY6QTR, STM32U5A9J-DK, STM32U5A9NJH6Q, STM32U5A9VJT6Q, STM32U5A9ZJT6Q, STM32U5A9ZJY6QTR, STM32U5F7VIT6, STM32U5F7VIT6Q, STM32U5F7VJT6, STM32U5F7VJT6Q, STM32U5F9BJY6QTR, STM32U5F9NJH6Q, STM32U5F9VIT6Q, STM32U5F9VJT6Q, STM32U5F9ZIJ6QTR, STM32U5F9ZIT6Q, STM32U5F9ZJJ6QTR, STM32U5F9ZJT6Q, STM32U5G7VJT6, STM32U5G7VJT6Q, STM32U5G9BJY6QTR, STM32U5G9J-DK1, STM32U5G9J-DK2, STM32U5G9NJH6Q, STM32U5G9VJT6Q, STM32U5G9ZJJ6QTR, STM32U5G9ZJT6Q, STM32WB1MMCH6, STM32WBA50KEU6, STM32WBA50KEU6TR, STM32WBA50KGU6, STM32WBA50KGU6TR, STM32WBA52CEU6, STM32WBA52CEU6TR, STM32WBA52CEU7, STM32WBA52CEU7TR, STM32WBA52CGU6, STM32WBA52CGU6TR, STM32WBA52CGU6U, STM32WBA52CGU7, STM32WBA52CGU7TR, STM32WBA52KEU6, STM32WBA52KEU6TR, STM32WBA52KGU6, STM32WBA52KGU6TR, STM32WBA54CEU6, STM32WBA54CEU6TR, STM32WBA54CEU7, STM32WBA54CEU7TR, STM32WBA54CGU6, STM32WBA54CGU6TR, STM32WBA54CGU7, STM32WBA54CGU7TR, STM32WBA54KEU6, STM32WBA54KEU6TR, STM32WBA54KEU7, STM32WBA54KEU7TR, STM32WBA54KGU6, STM32WBA54KGU6TR, STM32WBA54KGU7, STM32WBA54KGU7TR, STM32WBA55CEU6, STM32WBA55CEU6TR, STM32WBA55CEU7, STM32WBA55CEU7TR, STM32WBA55CGU6, STM32WBA55CGU6TR, STM32WBA55CGU6U, STM32WBA55CGU7, STM32WBA55CGU7TR, STM32WBA55G-DK1, STM32WBA55HEF6, STM32WBA55HEF7, STM32WBA55HGF6, STM32WBA55HGF7, STM32WBA55UEI6, STM32WBA55UEI6TR, STM32WBA55UEI7, STM32WBA55UEI7TR, STM32WBA55UGI6, STM32WBA55UGI6TR, STM32WBA55UGI7, STM32WBA55UGI7TR, STM32WL5MOCH6, STM32WL5MOCH6TR]
2024-01-19 12:42:57,496 [INFO] DbMcus:218 - Found 3930 MCUs, 3930 are supported
2024-01-19 12:42:57,498 [INFO] ApiDb:423 - Load user favorites file C:\Users\Admin/.stm32cubeide/favorites.mcus.txt: 1 item(s)
2024-01-19 12:42:57,499 [INFO] ApiDb:427 - User favorites MCUs=[STM32F429ZIT6]
2024-01-19 12:42:57,499 [INFO] DbMcus:224 - Set 1 / 1 favorites MCUs
2024-01-19 12:42:58,616 [INFO] MicroXplorer:468 - Change Database Path : 
2024-01-19 12:42:58,616 [INFO] MicroXplorer:498 - Change Database Version : DB.6.0.100
2024-01-19 12:42:58,617 [WARN] ThirdParty:833 - waiting for thirdparty lock release [change project]
2024-01-19 12:42:58,617 [INFO] ThirdParty:835 - entering critical section [change project]
2024-01-19 12:42:58,618 [INFO] ThirdParty:1030 - CMSIS Pack Vendor :STMicroelectronics USBPD 4.1
2024-01-19 12:42:58,618 [INFO] ThirdParty:1030 - CMSIS Pack Vendor :STMicroelectronics X-CUBE-GNSS1 6.0.0
2024-01-19 12:42:58,618 [INFO] ThirdParty:1030 - CMSIS Pack Vendor :STMicroelectronics USB_HOST 2.0.0
2024-01-19 12:42:58,618 [INFO] ThirdParty:1030 - CMSIS Pack Vendor :STMicroelectronics X-CUBE-AZRTOS-F4 1.1.0
2024-01-19 12:42:58,618 [INFO] ThirdParty:1030 - CMSIS Pack Vendor :STMicroelectronics LIBJPEG 8.0.0
2024-01-19 12:42:58,618 [INFO] ThirdParty:1030 - CMSIS Pack Vendor :wolfSSL I-CUBE-wolfSSL 5.6.4
2024-01-19 12:42:58,619 [INFO] ThirdParty:1030 - CMSIS Pack Vendor :STMicroelectronics X-CUBE-SMBUS 2.1.0
2024-01-19 12:42:58,619 [INFO] ThirdParty:1030 - CMSIS Pack Vendor :STMicroelectronics USB_DEVICE 3.0.0
2024-01-19 12:42:58,619 [INFO] ThirdParty:1030 - CMSIS Pack Vendor :STMicroelectronics X-CUBE-AZRTOS-WB 2.0.0
2024-01-19 12:42:58,619 [INFO] ThirdParty:1030 - CMSIS Pack Vendor :STMicroelectronics X-CUBE-TOUCHGFX 4.23.0
2024-01-19 12:42:58,619 [INFO] ThirdParty:1030 - CMSIS Pack Vendor :STMicroelectronics X-CUBE-AZRTOS-F7 1.1.0
2024-01-19 12:42:58,619 [INFO] ThirdParty:1030 - CMSIS Pack Vendor :STMicroelectronics X-CUBE-AZRTOS-L5 2.0.0
2024-01-19 12:42:58,619 [INFO] ThirdParty:1030 - CMSIS Pack Vendor :STMicroelectronics USB_DEVICE 2.0.0
2024-01-19 12:42:58,619 [INFO] ThirdParty:1030 - CMSIS Pack Vendor :STMicroelectronics X-CUBE-EEPRMA1 4.2.0
2024-01-19 12:42:58,619 [INFO] ThirdParty:1030 - CMSIS Pack Vendor :ITTIA_DB I-CUBE-ITTIADB 8.8.0
2024-01-19 12:42:58,619 [INFO] ThirdParty:1030 - CMSIS Pack Vendor :STMicroelectronics FP-SNS-MOTENV1 4.3.2
2024-01-19 12:42:58,620 [INFO] ThirdParty:1030 - CMSIS Pack Vendor :STMicroelectronics X-CUBE-ALGOBUILD 1.3.0
2024-01-19 12:42:58,620 [INFO] ThirdParty:1030 - CMSIS Pack Vendor :STMicroelectronics FreeRTOS 0.0.1
2024-01-19 12:42:58,620 [INFO] ThirdParty:1030 - CMSIS Pack Vendor :STMicroelectronics X-CUBE-AZRTOS-G0 1.1.0
2024-01-19 12:42:58,620 [INFO] ThirdParty:1030 - CMSIS Pack Vendor :STMicroelectronics X-CUBE-NFC4 3.0.0
2024-01-19 12:42:58,620 [INFO] ThirdParty:1030 - CMSIS Pack Vendor :STMicroelectronics X-CUBE-SUBG2 5.0.0
2024-01-19 12:42:58,620 [INFO] ThirdParty:1030 - CMSIS Pack Vendor :STMicroelectronics STM32_WPAN 1.0.0
2024-01-19 12:42:58,620 [INFO] ThirdParty:1030 - CMSIS Pack Vendor :STMicroelectronics lwIP 2.0.3
2024-01-19 12:42:58,620 [INFO] ThirdParty:1030 - CMSIS Pack Vendor :STMicroelectronics FP-SNS-FLIGHT1 5.0.2
2024-01-19 12:42:58,620 [INFO] ThirdParty:1030 - CMSIS Pack Vendor :STMicroelectronics USB_HOST 1.0.0
2024-01-19 12:42:58,621 [INFO] ThirdParty:1030 - CMSIS Pack Vendor :STMicroelectronics X-CUBE-AZRTOS-G4 2.0.0
2024-01-19 12:42:58,621 [INFO] ThirdParty:1030 - CMSIS Pack Vendor :STMicroelectronics PDM2PCM 3.1.0
2024-01-19 12:42:58,621 [INFO] ThirdParty:1030 - CMSIS Pack Vendor :Infineon AIROC-Wi-Fi-Bluetooth-STM32 1.5.1
2024-01-19 12:42:58,621 [INFO] ThirdParty:1030 - CMSIS Pack Vendor :STMicroelectronics X-CUBE-BLEMGR 3.0.0
2024-01-19 12:42:58,621 [INFO] ThirdParty:1030 - CMSIS Pack Vendor :STMicroelectronics PDM2PCM 3.3.0
2024-01-19 12:42:58,621 [INFO] ThirdParty:1030 - CMSIS Pack Vendor :STMicroelectronics X-CUBE-DISPLAY 3.0.0
2024-01-19 12:42:58,621 [INFO] ThirdParty:1030 - CMSIS Pack Vendor :STMicroelectronics FP-SNS-MOTENVWB1 1.3.1
2024-01-19 12:42:58,621 [INFO] ThirdParty:1030 - CMSIS Pack Vendor :STMicroelectronics X-CUBE-BLE1 7.0.0
2024-01-19 12:42:58,621 [INFO] ThirdParty:1030 - CMSIS Pack Vendor :STMicroelectronics FP-ATR-SIGFOX1 3.2.0
2024-01-19 12:42:58,621 [INFO] ThirdParty:1030 - CMSIS Pack Vendor :STMicroelectronics X-CUBE-ISPU 2.0.0
2024-01-19 12:42:58,621 [INFO] ThirdParty:1030 - CMSIS Pack Vendor :STMicroelectronics HAL Drivers 0.0.0
2024-01-19 12:42:58,622 [INFO] ThirdParty:1030 - CMSIS Pack Vendor :STMicroelectronics MBEDTLS 2.16.2
2024-01-19 12:42:58,622 [INFO] ThirdParty:1030 - CMSIS Pack Vendor :emotas I-CUBE-CANOPEN 1.3.0
2024-01-19 12:42:58,622 [INFO] ThirdParty:1030 - CMSIS Pack Vendor :STMicroelectronics X-CUBE-MEMS1 10.0.0
2024-01-19 12:42:58,622 [INFO] ThirdParty:1030 - CMSIS Pack Vendor :STMicroelectronics X-CUBE-FREERTOS 1.1.0
2024-01-19 12:42:58,622 [INFO] ThirdParty:1030 - CMSIS Pack Vendor :STMicroelectronics X-CUBE-NFC7 1.0.1
2024-01-19 12:42:58,622 [INFO] ThirdParty:1030 - CMSIS Pack Vendor :STMicroelectronics MBEDTLS 2.14.1
2024-01-19 12:42:58,622 [INFO] ThirdParty:1030 - CMSIS Pack Vendor :STMicroelectronics X-CUBE-TOUCHGFX 4.22.1
2024-01-19 12:42:58,622 [INFO] ThirdParty:1030 - CMSIS Pack Vendor :STMicroelectronics X-CUBE-NFC6 3.0.0
2024-01-19 12:42:58,623 [INFO] ThirdParty:1030 - CMSIS Pack Vendor :portGmbH I-Cube-SoM-uGOAL 1.1.0
2024-01-19 12:42:58,623 [INFO] ThirdParty:1030 - CMSIS Pack Vendor :STMicroelectronics X-CUBE-ALS 1.0.1
2024-01-19 12:42:58,623 [INFO] ThirdParty:1030 - CMSIS Pack Vendor :STMicroelectronics ThreadX 1.0.0
2024-01-19 12:42:58,623 [INFO] ThirdParty:1030 - CMSIS Pack Vendor :STMicroelectronics FP-SNS-SMARTAG2 1.2.0
2024-01-19 12:42:58,623 [INFO] ThirdParty:1030 - CMSIS Pack Vendor :STMicroelectronics X-CUBE-AZRTOS-WL 2.0.0
2024-01-19 12:42:58,624 [INFO] ThirdParty:1030 - CMSIS Pack Vendor :STMicroelectronics USB_DEVICE 1.0.0
2024-01-19 12:42:58,624 [INFO] ThirdParty:1030 - CMSIS Pack Vendor :STMicroelectronics X-CUBE-AI 8.1.0
2024-01-19 12:42:58,624 [INFO] ThirdParty:1030 - CMSIS Pack Vendor :STMicroelectronics X-CUBE-AZRTOS-L4 2.0.0
2024-01-19 12:42:58,624 [INFO] ThirdParty:1030 - CMSIS Pack Vendor :STMicroelectronics ThreadX 0.0.2
2024-01-19 12:42:58,624 [INFO] ThirdParty:1030 - CMSIS Pack Vendor :WES I-CUBE-Cesium 1.3.0
2024-01-19 12:42:58,624 [INFO] ThirdParty:1030 - CMSIS Pack Vendor :STMicroelectronics FP-ATR-ASTRA1 2.0.0
2024-01-19 12:42:58,624 [INFO] ThirdParty:1030 - CMSIS Pack Vendor :STMicroelectronics lwIP 2.1.2
2024-01-19 12:42:58,624 [INFO] ThirdParty:1030 - CMSIS Pack Vendor :STMicroelectronics X-CUBE-SFXS2LP1 4.0.0
2024-01-19 12:42:58,625 [INFO] ThirdParty:1030 - CMSIS Pack Vendor :STMicroelectronics X-CUBE-BLE2 3.3.0
2024-01-19 12:42:58,625 [INFO] ThirdParty:1030 - CMSIS Pack Vendor :STMicroelectronics X-CUBE-TOF1 3.4.0
2024-01-19 12:42:58,625 [INFO] ThirdParty:1030 - CMSIS Pack Vendor :STMicroelectronics X-CUBE-AZRTOS-H7 3.2.0
2024-01-19 12:42:58,625 [INFO] ThirdParty:1030 - CMSIS Pack Vendor :STMicroelectronics PDM2PCM 3.2.0
2024-01-19 12:42:58,625 [INFO] ThirdParty:841 - exiting critical section [change project]
2024-01-19 12:43:00,549 [INFO] PinOutPanel:1499 - setPackage(No Configuration,No Configuration)
2024-01-19 12:43:00,557 [INFO] PinOutPanel:1499 - setPackage(STM32F429ZITx,LQFP144)
2024-01-19 12:43:02,144 [INFO] UtilMem:75 - Before build in PCC Used Memory: 253931520 Bytes (593494016)
2024-01-19 12:43:06,279 [INFO] UtilMem:75 - After build in PCC Used Memory: 425183688 Bytes (593494016)
2024-01-19 12:43:06,380 [INFO] IPUIPlugin:80 - create IPUIPlugin
2024-01-19 12:43:06,381 [INFO] IPUIPlugin:80 - create IPUIPlugin
2024-01-19 12:43:06,381 [INFO] IPUIPlugin:80 - create IPUIPlugin
2024-01-19 12:43:06,381 [INFO] IPUIPlugin:80 - create IPUIPlugin
2024-01-19 12:43:06,381 [INFO] IPUIPlugin:80 - create IPUIPlugin
2024-01-19 12:43:06,382 [INFO] IPUIPlugin:80 - create IPUIPlugin
2024-01-19 12:43:06,382 [INFO] IPUIPlugin:80 - create IPUIPlugin
2024-01-19 12:43:06,383 [INFO] IPUIPlugin:80 - create IPUIPlugin
2024-01-19 12:43:06,384 [INFO] IPUIPlugin:80 - create IPUIPlugin
2024-01-19 12:43:06,384 [INFO] IPUIPlugin:80 - create IPUIPlugin
2024-01-19 12:43:06,385 [INFO] IPUIPlugin:80 - create IPUIPlugin
2024-01-19 12:43:06,385 [INFO] IPUIPlugin:80 - create IPUIPlugin
2024-01-19 12:43:06,385 [INFO] IPUIPlugin:80 - create IPUIPlugin
2024-01-19 12:43:06,387 [INFO] IPUIPlugin:80 - create IPUIPlugin
2024-01-19 12:43:06,388 [INFO] IPUIPlugin:80 - create IPUIPlugin
2024-01-19 12:43:06,388 [INFO] IPUIPlugin:80 - create IPUIPlugin
2024-01-19 12:43:06,388 [INFO] IPUIPlugin:80 - create IPUIPlugin
2024-01-19 12:43:06,389 [INFO] IPUIPlugin:80 - create IPUIPlugin
2024-01-19 12:43:06,392 [INFO] IPUIPlugin:80 - create IPUIPlugin
2024-01-19 12:43:06,393 [INFO] IPUIPlugin:80 - create IPUIPlugin
2024-01-19 12:43:06,393 [INFO] IPUIPlugin:80 - create IPUIPlugin
2024-01-19 12:43:06,394 [INFO] IPUIPlugin:80 - create IPUIPlugin
2024-01-19 12:43:06,394 [INFO] IPUIPlugin:80 - create IPUIPlugin
2024-01-19 12:43:06,394 [INFO] IPUIPlugin:80 - create IPUIPlugin
2024-01-19 12:43:06,396 [INFO] IPUIPlugin:80 - create IPUIPlugin
2024-01-19 12:43:06,396 [INFO] IPUIPlugin:80 - create IPUIPlugin
2024-01-19 12:43:06,397 [INFO] IPUIPlugin:80 - create IPUIPlugin
2024-01-19 12:43:06,398 [INFO] IPUIPlugin:80 - create IPUIPlugin
2024-01-19 12:43:06,400 [INFO] IPUIPlugin:80 - create IPUIPlugin
2024-01-19 12:43:06,400 [INFO] IPUIPlugin:80 - create IPUIPlugin
2024-01-19 12:43:06,401 [INFO] IPUIPlugin:80 - create IPUIPlugin
2024-01-19 12:43:06,401 [INFO] IPUIPlugin:80 - create IPUIPlugin
2024-01-19 12:43:06,402 [INFO] IPUIPlugin:80 - create IPUIPlugin
2024-01-19 12:43:06,402 [INFO] IPUIPlugin:80 - create IPUIPlugin
2024-01-19 12:43:06,403 [INFO] IPUIPlugin:80 - create IPUIPlugin
2024-01-19 12:43:06,403 [INFO] IPUIPlugin:80 - create IPUIPlugin
2024-01-19 12:43:06,404 [INFO] IPUIPlugin:80 - create IPUIPlugin
2024-01-19 12:43:06,404 [INFO] IPUIPlugin:80 - create IPUIPlugin
2024-01-19 12:43:06,405 [INFO] IPUIPlugin:80 - create IPUIPlugin
2024-01-19 12:43:06,405 [INFO] IPUIPlugin:80 - create IPUIPlugin
2024-01-19 12:43:06,407 [INFO] IPUIPlugin:80 - create IPUIPlugin
2024-01-19 12:43:06,407 [INFO] IPUIPlugin:80 - create IPUIPlugin
2024-01-19 12:43:06,408 [INFO] IPUIPlugin:80 - create IPUIPlugin
2024-01-19 12:43:06,409 [INFO] IPUIPlugin:80 - create IPUIPlugin
2024-01-19 12:43:06,409 [INFO] IPUIPlugin:80 - create IPUIPlugin
2024-01-19 12:43:06,410 [INFO] IPUIPlugin:80 - create IPUIPlugin
2024-01-19 12:43:06,411 [INFO] IPUIPlugin:80 - create IPUIPlugin
2024-01-19 12:43:06,411 [INFO] IPUIPlugin:80 - create IPUIPlugin
2024-01-19 12:43:06,412 [INFO] IPUIPlugin:80 - create IPUIPlugin
2024-01-19 12:43:06,413 [INFO] IPUIPlugin:80 - create IPUIPlugin
2024-01-19 12:43:06,413 [INFO] IPUIPlugin:80 - create IPUIPlugin
2024-01-19 12:43:06,414 [INFO] IPUIPlugin:80 - create IPUIPlugin
2024-01-19 12:43:06,415 [INFO] IPUIPlugin:80 - create IPUIPlugin
2024-01-19 12:43:06,416 [INFO] IPUIPlugin:80 - create IPUIPlugin
2024-01-19 12:43:06,417 [INFO] IPUIPlugin:80 - create IPUIPlugin
2024-01-19 12:43:06,417 [INFO] IPUIPlugin:80 - create IPUIPlugin
2024-01-19 12:43:06,418 [INFO] IPUIPlugin:80 - create IPUIPlugin
2024-01-19 12:43:06,419 [INFO] IPUIPlugin:80 - create IPUIPlugin
2024-01-19 12:43:06,419 [INFO] IPUIPlugin:80 - create IPUIPlugin
2024-01-19 12:43:06,420 [INFO] IPUIPlugin:80 - create IPUIPlugin
2024-01-19 12:43:06,422 [INFO] IPUIPlugin:80 - create IPUIPlugin
2024-01-19 12:43:06,424 [INFO] IPUIPlugin:80 - create IPUIPlugin
2024-01-19 12:43:06,425 [INFO] IPUIPlugin:80 - create IPUIPlugin
2024-01-19 12:43:06,426 [INFO] IPUIPlugin:80 - create IPUIPlugin
2024-01-19 12:43:06,427 [INFO] IPUIPlugin:80 - create IPUIPlugin
2024-01-19 12:43:06,431 [INFO] IPUIPlugin:80 - create IPUIPlugin
2024-01-19 12:43:06,577 [INFO] ApiDbMcu:508 - Load IP Config File for PDM2PCM
2024-01-19 12:43:07,199 [INFO] CADModel:165 - CPN selected for project levelSTM32F429ZIT6
2024-01-19 12:43:07,199 [INFO] CADModel:114 - Register for checkConnection events
2024-01-19 12:43:07,244 [INFO] OpenFileManager:343 - Restore cursor
2024-01-19 12:43:07,639 [ERROR] LogOutputStream:75 - [STDERR_REDIRECT] Exception in thread "AWT-EventQueue-0" java.lang.NullPointerException: Cannot invoke "com.st.stm32cube.common.mx.oss.core.awtswtbridge.EmbeddedSwingComposite$AwtContext.setContentPane(java.awt.Container)" because "this.awtContext" is null
2024-01-19 12:43:07,648 [ERROR] LogOutputStream:75 - [STDERR_REDIRECT] 	at com.st.stm32cube.common.mx.oss.core.awtswtbridge.EmbeddedSwingComposite.doComponentCreation(EmbeddedSwingComposite.java:494)
2024-01-19 12:43:07,653 [ERROR] LogOutputStream:75 - [STDERR_REDIRECT] 	at com.st.stm32cube.common.mx.oss.core.awtswtbridge.EmbeddedSwingComposite$4.run(EmbeddedSwingComposite.java:291)
2024-01-19 12:43:07,657 [ERROR] LogOutputStream:75 - [STDERR_REDIRECT] 	at com.st.stm32cube.common.mx.oss.core.awtswtbridge.AwtEnvironment$2.run(AwtEnvironment.java:166)
2024-01-19 12:43:07,661 [ERROR] LogOutputStream:75 - [STDERR_REDIRECT] 	at java.desktop/java.awt.event.InvocationEvent.dispatch(InvocationEvent.java:318)
2024-01-19 12:43:07,665 [ERROR] LogOutputStream:75 - [STDERR_REDIRECT] 	at java.desktop/java.awt.EventQueue.dispatchEventImpl(EventQueue.java:773)
2024-01-19 12:43:07,668 [ERROR] LogOutputStream:75 - [STDERR_REDIRECT] 	at java.desktop/java.awt.EventQueue$4.run(EventQueue.java:720)
2024-01-19 12:43:07,670 [ERROR] LogOutputStream:75 - [STDERR_REDIRECT] 	at java.desktop/java.awt.EventQueue$4.run(EventQueue.java:714)
2024-01-19 12:43:07,673 [ERROR] LogOutputStream:75 - [STDERR_REDIRECT] 	at java.base/java.security.AccessController.doPrivileged(AccessController.java:399)
2024-01-19 12:43:07,678 [ERROR] LogOutputStream:75 - [STDERR_REDIRECT] 	at java.base/java.security.ProtectionDomain$JavaSecurityAccessImpl.doIntersectionPrivilege(ProtectionDomain.java:86)
2024-01-19 12:43:07,681 [ERROR] LogOutputStream:75 - [STDERR_REDIRECT] 	at java.desktop/java.awt.EventQueue.dispatchEvent(EventQueue.java:742)
2024-01-19 12:43:07,688 [ERROR] LogOutputStream:75 - [STDERR_REDIRECT] 	at java.desktop/java.awt.EventDispatchThread.pumpOneEventForFilters(EventDispatchThread.java:203)
2024-01-19 12:43:07,692 [ERROR] LogOutputStream:75 - [STDERR_REDIRECT] 	at java.desktop/java.awt.EventDispatchThread.pumpEventsForFilter(EventDispatchThread.java:124)
2024-01-19 12:43:07,695 [ERROR] LogOutputStream:75 - [STDERR_REDIRECT] 	at java.desktop/java.awt.EventDispatchThread.pumpEventsForHierarchy(EventDispatchThread.java:113)
2024-01-19 12:43:07,699 [ERROR] LogOutputStream:75 - [STDERR_REDIRECT] 	at java.desktop/java.awt.EventDispatchThread.pumpEvents(EventDispatchThread.java:109)
2024-01-19 12:43:07,703 [ERROR] LogOutputStream:75 - [STDERR_REDIRECT] 	at java.desktop/java.awt.EventDispatchThread.pumpEvents(EventDispatchThread.java:101)
2024-01-19 12:43:07,707 [ERROR] LogOutputStream:75 - [STDERR_REDIRECT] 	at java.desktop/java.awt.EventDispatchThread.run(EventDispatchThread.java:90)
2024-01-19 15:46:50,915 [INFO] MainUpdater:2873 - connection check result : 10
2024-01-19 15:46:51,253 [INFO] ApiDb:668 - CubeFinder database Data Model version=2.1
2024-01-19 15:46:51,253 [INFO] ApiDb:669 - CubeFinder database Configuration version=3.0.39
2024-01-19 15:46:51,253 [INFO] ApiDb:670 - CubeFinder database generation date=2023-12-08 (1702028721)
2024-01-19 15:46:51,253 [INFO] ApiDb:671 - CubeFinder database FW Pack versions=[FP-ATR-ASTRA1_V2.0.0, FP-SNS-FLIGHT1_V5.0.1, FP-SNS-FLIGHT1_V5.0.2, FP-SNS-MOTENV1_V4.3.1, FP-SNS-MOTENV1_V4.3.2, FP-SNS-MOTENVWB1_V1.3.1, FP-SNS-SMARTAG2_V1.2.0, STM32Cube_FW_C0_V1.1.0, STM32Cube_FW_F4_V1.28.0, STM32Cube_FW_F7_V1.17.0, STM32Cube_FW_G0_V1.6.1, STM32Cube_FW_G4_V1.5.1, STM32Cube_FW_H5_V0.5.1, STM32Cube_FW_H5_V1.1.1, STM32Cube_FW_H5_V1.2.0RC2, STM32Cube_FW_H7_V1.11.0, STM32Cube_FW_L0_V1.12.2, STM32Cube_FW_L5_V1.5.0, STM32Cube_FW_U5_V1.3.0RC4, STM32Cube_FW_U5_V1.4.0, STM32Cube_FW_WBA_V1.0.0RC1, STM32Cube_FW_WBA_V1.1.0RC1, STM32Cube_FW_WBA_V1.2.0, STM32Cube_FW_WBA_V1.2.0RC2, STM32Cube_FW_WB_V1.15.0RC1, STM32Cube_FW_WB_V1.16.0, STM32Cube_FW_WB_V1.16.0RC2, STM32Cube_FW_WB_V1.18.0, STM32Cube_FW_WL_V1.3.0, X-CUBE-ALGOBUILD_V1.3.0, X-CUBE-ALS_V1.0.1, X-CUBE-AZRTOS-F4_V1.1.0, X-CUBE-AZRTOS-F7_V1.1.0, X-CUBE-AZRTOS-G0_V1.1.0, X-CUBE-AZRTOS-G4_V2.0.0, X-CUBE-AZRTOS-H7_V3.1.0, X-CUBE-AZRTOS-L4_V1.0.0, X-CUBE-AZRTOS-L4_V2.0.0, X-CUBE-AZRTOS-L5_V1.1.0, X-CUBE-AZRTOS-WB_V2.0.0, X-CUBE-AZRTOS-WL_V2.0.0, X-CUBE-BLE1_V7.0.0, X-CUBE-BLE2_V3.3.0, X-CUBE-BLEMGR_V3.0.0, X-CUBE-EEPRMA1_V4.1.0, X-CUBE-EEPRMA1_V4.2.0, X-CUBE-FREERTOS_V1.1.0, X-CUBE-GNSS1_V6.0.0, X-CUBE-MEMS1_V10.0.0, X-CUBE-MEMS1_V9.1.0, X-CUBE-MEMS1_V9.4.0, X-CUBE-MEMS1_V9.6.0, X-CUBE-NFC4_V3.0.0, X-CUBE-NFC7_V1.0.1, X-CUBE-SFXS2LP1_V4.0.0, X-CUBE-SUBG2_V5.0.0, X-CUBE-TOF1_V3.4.0]
2024-01-19 15:46:51,528 [INFO] DbBoardsSqlite:226 - include board P-NUCLEO-WB55-NUCLEO as a kit item of type 'Nucleo-64'
2024-01-19 15:46:51,528 [INFO] DbBoardsSqlite:226 - include board P-NUCLEO-WB55-USBDONGLE as a kit item of type 'Nucleo USB Dongle'
2024-01-19 15:46:51,530 [INFO] DbBoardsSqlite:226 - include board STEVAL-IDP005V1 as a kit item of type 'Evaluation Board'
2024-01-19 15:46:51,532 [INFO] DbBoardsSqlite:226 - include board STEVAL-IDP005V2 as a kit item of type 'Evaluation Board'
2024-01-19 15:46:52,406 [INFO] ApiDb:240 - Found 371 in-development CPN: [B-G473E-ZEST1S, B-WB1M-WPAN1, B-WL5M-SUBG1, NUCLEO-C031C6, NUCLEO-H503RB, NUCLEO-H563ZI, NUCLEO-U545RE-Q, NUCLEO-U5A5ZJ-Q, NUCLEO-WBA52CG, NUCLEO-WBA55CG, STEVAL-MKBOXPRO, STEVAL-PROTEUS1, STEVAL-STWINBX1, STM320518-EVAL, STM32C0116-DK, STM32C011D6Y3TR, STM32C011D6Y6TR, STM32C011F4P3, STM32C011F4P6, STM32C011F4U3, STM32C011F4U6TR, STM32C011F6P3, STM32C011F6P6, STM32C011F6U3, STM32C011F6U6TR, STM32C011J4M3, STM32C011J4M6, STM32C011J6M3, STM32C011J6M6, STM32C0316-DK, STM32C031C4T3, STM32C031C4T6, STM32C031C4U3, STM32C031C4U6, STM32C031C6T3, STM32C031C6T6, STM32C031C6U3, STM32C031C6U6, STM32C031F4P3, STM32C031F4P6, STM32C031F6P3, STM32C031F6P6, STM32C031G4U3, STM32C031G4U6, STM32C031G6U3, STM32C031G6U6, STM32C031K4T3, STM32C031K4T6, STM32C031K4U3, STM32C031K4U6, STM32C031K6T3, STM32C031K6T6, STM32C031K6U3, STM32C031K6U6, STM32G071K8TXN, STM32G071K8UXN, STM32G081GBU6N, STM32G081KBT6N, STM32G081KBUXN, STM32G0B1CCT6N, STM32G0B1KCT6, STM32G0B1NEY6TR, STM32G0B1RCT6N, STM32G0C1CCT6, STM32G0C1CCT6N, STM32G0C1CCU6N, STM32G0C1CET6N, STM32G0C1CEU6N, STM32G0C1KCT6, STM32G0C1NEY6TR, STM32G0C1RCI6N, STM32G0C1RCT6N, STM32G0C1REI6N, STM32G0C1RET6N, STM32G0C1VCI6, STM32G0C1VEI6, STM32G471CCT6, STM32G471CCU6, STM32G471CET3, STM32G471CET6, STM32G471CEU3, STM32G471CEU6, STM32G471MCT6, STM32G471MET3, STM32G471MET6, STM32G471MEY6TR, STM32G471QCT6, STM32G471QET3, STM32G471RCT6, STM32G471RET3, STM32G471RET6, STM32G471VCH6, STM32G471VCI6, STM32G471VCT6, STM32G471VEH3, STM32G471VEH6, STM32G471VEI3, STM32G471VEI6, STM32G471VET3, STM32G471VET6, STM32G474CCT6, STM32H503CBT6, STM32H503CBU6, STM32H503EBY6TR, STM32H503KBU6, STM32H503RBT6, STM32H562AGI6, STM32H562AII6, STM32H562IGK6, STM32H562IGT6, STM32H562IIK6, STM32H562IIT6, STM32H562RGT6, STM32H562RGV6, STM32H562RIT6, STM32H562RIV6, STM32H562VGT6, STM32H562VIT6, STM32H562ZGT6, STM32H562ZIT6, STM32H563AGI6, STM32H563AII3Q, STM32H563AII6, STM32H563IGK6, STM32H563IGT6, STM32H563IIK3Q, STM32H563IIK6, STM32H563IIT3Q, STM32H563IIT6, STM32H563MIY3QTR, STM32H563RGT6, STM32H563RGV6, STM32H563RIT6, STM32H563RIV6, STM32H563VGT6, STM32H563VIT3Q, STM32H563VIT6, STM32H563ZGT6, STM32H563ZIT3Q, STM32H563ZIT6, STM32H573AII3Q, STM32H573AII6, STM32H573I-DK, STM32H573IIK3Q, STM32H573IIK6, STM32H573IIT3Q, STM32H573IIT6, STM32H573MIY3QTR, STM32H573RIT6, STM32H573RIV6, STM32H573VIT3Q, STM32H573VIT6, STM32H573ZIT3Q, STM32H573ZIT6, STM32L4R5QGI6STR, STM32MP131AAE3, STM32MP131AAF3, STM32MP131AAG3, STM32MP131CAE3, STM32MP131CAF3, STM32MP131CAG3, STM32MP131DAE7, STM32MP131DAF7, STM32MP131DAG7, STM32MP131FAE7, STM32MP131FAF7, STM32MP131FAG7, STM32MP133AAE3, STM32MP133AAF3, STM32MP133AAG3, STM32MP133CAE3, STM32MP133CAF3, STM32MP133CAG3, STM32MP133DAE7, STM32MP133DAF7, STM32MP133DAG7, STM32MP133FAE7, STM32MP133FAF7, STM32MP133FAG7, STM32MP135AAE3, STM32MP135AAF3, STM32MP135AAG3, STM32MP135CAE3, STM32MP135CAF3, STM32MP135CAG3, STM32MP135DAE7, STM32MP135DAF7, STM32MP135DAG7, STM32MP135F-DK, STM32MP135FAE7, STM32MP135FAF7, STM32MP135FAF7T, STM32MP135FAF7U, STM32MP135FAG7, STM32U535CBT6, STM32U535CBT6Q, STM32U535CBU6, STM32U535CBU6Q, STM32U535CCT6, STM32U535CCT6Q, STM32U535CCU6, STM32U535CCU6Q, STM32U535CET6, STM32U535CET6Q, STM32U535CEU6, STM32U535CEU6Q, STM32U535JEY6QTR, STM32U535NCY6QTR, STM32U535NEY6QTR, STM32U535RBI6, STM32U535RBI6Q, STM32U535RBT6, STM32U535RBT6Q, STM32U535RCI6, STM32U535RCI6Q, STM32U535RCT6, STM32U535RCT6Q, STM32U535REI6, STM32U535REI6Q, STM32U535RET6, STM32U535RET6Q, STM32U535VCI6, STM32U535VCI6Q, STM32U535VCT6, STM32U535VCT6Q, STM32U535VEI6, STM32U535VEI6Q, STM32U535VET6, STM32U535VET6Q, STM32U545CET6, STM32U545CET6Q, STM32U545CEU6, STM32U545CEU6Q, STM32U545JEY6QTR, STM32U545NEY6QTR, STM32U545REI6, STM32U545REI6Q, STM32U545RET6, STM32U545RET6Q, STM32U545VEI6, STM32U545VEI6Q, STM32U545VET6, STM32U545VET6Q, STM32U595AIH6, STM32U595AIH6Q, STM32U595AJH6, STM32U595AJH6Q, STM32U595QII6, STM32U595QII6Q, STM32U595QJI6, STM32U595QJI6Q, STM32U595RIT6, STM32U595RIT6Q, STM32U595RJT6, STM32U595RJT6Q, STM32U595VIT6, STM32U595VIT6Q, STM32U595VJT6, STM32U595VJT6Q, STM32U595ZIT6, STM32U595ZIT6Q, STM32U595ZIY6QTR, STM32U595ZJT6, STM32U595ZJT6Q, STM32U595ZJY6QTR, STM32U599BJY6QTR, STM32U599NIH6Q, STM32U599NJH6Q, STM32U599VIT6Q, STM32U599VJT6, STM32U599VJT6Q, STM32U599ZIT6Q, STM32U599ZIY6QTR, STM32U599ZJT6Q, STM32U599ZJY6QTR, STM32U5A5AJH6, STM32U5A5AJH6Q, STM32U5A5QJI6, STM32U5A5QJI6Q, STM32U5A5RJT6, STM32U5A5RJT6Q, STM32U5A5VJT6, STM32U5A5VJT6Q, STM32U5A5ZJT6, STM32U5A5ZJT6Q, STM32U5A5ZJY6QTR, STM32U5A9BJY6QTR, STM32U5A9J-DK, STM32U5A9NJH6Q, STM32U5A9VJT6Q, STM32U5A9ZJT6Q, STM32U5A9ZJY6QTR, STM32U5F7VIT6, STM32U5F7VIT6Q, STM32U5F7VJT6, STM32U5F7VJT6Q, STM32U5F9BJY6QTR, STM32U5F9NJH6Q, STM32U5F9VIT6Q, STM32U5F9VJT6Q, STM32U5F9ZIJ6QTR, STM32U5F9ZIT6Q, STM32U5F9ZJJ6QTR, STM32U5F9ZJT6Q, STM32U5G7VJT6, STM32U5G7VJT6Q, STM32U5G9BJY6QTR, STM32U5G9J-DK1, STM32U5G9J-DK2, STM32U5G9NJH6Q, STM32U5G9VJT6Q, STM32U5G9ZJJ6QTR, STM32U5G9ZJT6Q, STM32WB1MMCH6, STM32WBA50KEU6, STM32WBA50KEU6TR, STM32WBA50KGU6, STM32WBA50KGU6TR, STM32WBA52CEU6, STM32WBA52CEU6TR, STM32WBA52CEU7, STM32WBA52CEU7TR, STM32WBA52CGU6, STM32WBA52CGU6TR, STM32WBA52CGU6U, STM32WBA52CGU7, STM32WBA52CGU7TR, STM32WBA52KEU6, STM32WBA52KEU6TR, STM32WBA52KGU6, STM32WBA52KGU6TR, STM32WBA54CEU6, STM32WBA54CEU6TR, STM32WBA54CEU7, STM32WBA54CEU7TR, STM32WBA54CGU6, STM32WBA54CGU6TR, STM32WBA54CGU7, STM32WBA54CGU7TR, STM32WBA54KEU6, STM32WBA54KEU6TR, STM32WBA54KEU7, STM32WBA54KEU7TR, STM32WBA54KGU6, STM32WBA54KGU6TR, STM32WBA54KGU7, STM32WBA54KGU7TR, STM32WBA55CEU6, STM32WBA55CEU6TR, STM32WBA55CEU7, STM32WBA55CEU7TR, STM32WBA55CGU6, STM32WBA55CGU6TR, STM32WBA55CGU6U, STM32WBA55CGU7, STM32WBA55CGU7TR, STM32WBA55G-DK1, STM32WBA55HEF6, STM32WBA55HEF7, STM32WBA55HGF6, STM32WBA55HGF7, STM32WBA55UEI6, STM32WBA55UEI6TR, STM32WBA55UEI7, STM32WBA55UEI7TR, STM32WBA55UGI6, STM32WBA55UGI6TR, STM32WBA55UGI7, STM32WBA55UGI7TR, STM32WL5MOCH6, STM32WL5MOCH6TR]
2024-01-19 15:46:52,565 [INFO] BoardInfo:889 - No configuration file found for board P-NUCLEO-WB55
2024-01-19 15:46:52,565 [INFO] DbBoards:161 - Kit is not supported: P-NUCLEO-WB55
2024-01-19 15:46:52,570 [INFO] BoardInfo:889 - No configuration file found for board STEVAL-BFA001V1B
2024-01-19 15:46:52,570 [INFO] DbBoards:161 - Kit is not supported: STEVAL-BFA001V1B
2024-01-19 15:46:52,572 [INFO] BoardInfo:889 - No configuration file found for board STEVAL-BFA001V2B
2024-01-19 15:46:52,572 [INFO] DbBoards:161 - Kit is not supported: STEVAL-BFA001V2B
2024-01-19 15:46:52,775 [INFO] DbBoards:168 - Found 193 boards, 190 are supported
2024-01-19 15:46:52,776 [INFO] DbBoards:169 - Found 193 boards, 3 of them is supported for  Bsp
2024-01-19 15:46:52,781 [INFO] ApiDb:423 - Load user favorites file C:\Users\Admin/.stm32cubeide/favorites.boards.txt: 0 item(s)
2024-01-19 15:46:52,782 [INFO] ApiDb:427 - User favorites Boards=[]
2024-01-19 15:46:52,782 [INFO] DbBoards:198 - Set 0 / 0 favorites Boards
2024-01-19 15:46:52,783 [INFO] McuFinderGlobals:76 - Set McuFinderConnectedMode to true
2024-01-19 15:46:52,801 [INFO] MultiScanPanel:200 - Auto-refresh data requested => check proxy status ongoing
2024-01-19 15:46:52,810 [INFO] FinderPluginLoader:95 - Searching for filters in installed packs
2024-01-19 15:46:55,445 [INFO] LoadUrlFilesThread:185 - End of LoadServerUrlFiles without Thread
2024-01-19 15:46:55,506 [INFO] DetailPanel:341 - Set advertising image to C:/Users/Admin/STM32Cube/Repository/\en.prom-stm32wl3-mcu-finder.jpg
2024-01-19 15:48:14,783 [INFO] McuAction:142 - Datasheet
2024-01-19 15:48:16,008 [INFO] McuAction:78 - Docs & Resources
2024-01-19 15:48:17,460 [INFO] ServerAccessManage:473 - Download File DS9405.pdf
2024-01-19 15:48:17,465 [ERROR] ServerAccessManage:651 - User Cancel Download : DS9405.pdf.
2024-01-19 15:48:17,566 [INFO] LoadUrlFilesThread:156 - End of LoadUrlFiles Thread
2024-01-19 15:48:22,400 [INFO] DocPanel:101 - Download all resources for selected product
2024-01-19 15:48:22,401 [INFO] WebUtils:942 - prepare download of 128 documents
2024-01-19 15:48:22,770 [INFO] ServerAccessManage:473 - Download File AN1181.pdf
2024-01-19 15:48:23,079 [INFO] ServerAccessManage:473 - Download File AN1709.pdf
2024-01-19 15:48:23,302 [INFO] ServerAccessManage:473 - Download File AN2606.pdf
2024-01-19 15:48:33,628 [INFO] ServerAccessManage:473 - Download File AN2639.pdf
2024-01-19 15:48:34,049 [INFO] ServerAccessManage:473 - Download File AN2834.pdf
2024-01-19 15:48:34,461 [INFO] ServerAccessManage:473 - Download File AN2867.pdf
2024-01-19 15:48:38,501 [INFO] ServerAccessManage:473 - Download File AN2945.pdf
2024-01-19 15:48:44,356 [INFO] ServerAccessManage:473 - Download File AN3070.pdf
2024-01-19 15:48:44,578 [INFO] ServerAccessManage:473 - Download File AN3126.pdf
2024-01-19 15:48:45,058 [INFO] ServerAccessManage:473 - Download File AN3154.pdf
2024-01-19 15:48:45,361 [INFO] ServerAccessManage:473 - Download File AN3155.pdf
2024-01-19 15:48:45,670 [INFO] ServerAccessManage:473 - Download File AN3156.pdf
2024-01-19 15:48:46,127 [INFO] ServerAccessManage:473 - Download File AN3364.pdf
2024-01-19 15:48:47,251 [INFO] ServerAccessManage:473 - Download File AN3997.pdf
2024-01-19 15:48:47,511 [INFO] ServerAccessManage:473 - Download File AN3998.pdf
2024-01-19 15:48:49,328 [INFO] ServerAccessManage:473 - Download File AN4013.pdf
2024-01-19 15:48:57,819 [INFO] ServerAccessManage:473 - Download File AN4031.pdf
2024-01-19 15:49:07,641 [INFO] ServerAccessManage:473 - Download File AN4073.pdf
2024-01-19 15:49:07,983 [INFO] ServerAccessManage:473 - Download File AN4221.pdf
2024-01-19 15:49:16,623 [INFO] ServerAccessManage:473 - Download File AN4229.pdf
2024-01-19 15:49:30,659 [INFO] ServerAccessManage:473 - Download File AN4230.pdf
2024-01-19 15:49:31,347 [INFO] ServerAccessManage:473 - Download File AN4277.pdf
2024-01-19 15:49:39,774 [INFO] ServerAccessManage:473 - Download File AN4286.pdf
2024-01-19 15:49:53,530 [INFO] ServerAccessManage:473 - Download File AN4488.pdf
2024-01-19 15:50:03,946 [INFO] ServerAccessManage:473 - Download File AN4547.pdf
2024-01-19 15:50:04,364 [INFO] ServerAccessManage:473 - Download File AN4566.pdf
2024-01-19 15:50:17,001 [INFO] ServerAccessManage:473 - Download File AN4640.pdf
2024-01-19 15:50:24,873 [INFO] McuFinderGlobals:76 - Set McuFinderConnectedMode to true
2024-01-19 15:50:24,882 [INFO] ApiDb:448 - Save user favorites file C:\Users\Admin/.stm32cubeide/favorites.mcus.txt: 1 item(s)
2024-01-19 15:50:24,883 [INFO] ApiDb:452 - User favorites MCUs=[STM32F429ZIT6]
2024-01-19 15:50:26,449 [INFO] ServerAccessManage:473 - Download File AN4655.pdf
2024-01-19 15:50:26,949 [INFO] ServerAccessManage:473 - Download File AN4658.pdf
2024-01-19 15:50:35,977 [INFO] ServerAccessManage:473 - Download File AN4660.pdf
2024-01-19 15:50:46,049 [INFO] ServerAccessManage:473 - Download File AN4675.pdf
2024-01-19 15:50:46,604 [INFO] ServerAccessManage:473 - Download File AN4739.pdf
2024-01-19 15:50:47,312 [INFO] ServerAccessManage:473 - Download File AN4750.pdf
2024-01-19 15:50:47,750 [INFO] ServerAccessManage:473 - Download File AN4759.pdf
2024-01-19 15:50:48,556 [INFO] ServerAccessManage:473 - Download File AN4776.pdf
2024-01-19 15:50:49,595 [INFO] ServerAccessManage:473 - Download File AN4803.pdf
2024-01-19 15:51:01,300 [INFO] ServerAccessManage:473 - Download File AN4838.pdf
2024-01-19 15:51:02,070 [INFO] ServerAccessManage:473 - Download File AN4850.pdf
2024-01-19 15:51:02,641 [INFO] ServerAccessManage:473 - Download File AN4861.pdf
2024-01-19 15:51:03,148 [INFO] ServerAccessManage:473 - Download File AN4879.pdf
2024-01-19 15:51:03,617 [INFO] ServerAccessManage:473 - Download File AN4899.pdf
2024-01-19 15:51:11,131 [INFO] ServerAccessManage:473 - Download File AN4908.pdf
2024-01-19 15:51:11,577 [INFO] ServerAccessManage:473 - Download File AN4989.pdf
2024-01-19 15:51:17,372 [INFO] ServerAccessManage:473 - Download File AN4995.pdf
2024-01-19 15:51:17,845 [INFO] ServerAccessManage:473 - Download File AN5020.pdf
2024-01-19 15:51:18,729 [INFO] ServerAccessManage:473 - Download File AN5027.pdf
2024-01-19 15:51:23,269 [INFO] ServerAccessManage:473 - Download File AN5036.pdf
2024-01-19 15:51:34,803 [INFO] ServerAccessManage:473 - Download File AN5073.pdf
2024-01-19 15:51:37,347 [INFO] ServerAccessManage:473 - Download File AN5156.pdf
2024-01-19 15:51:42,874 [INFO] ServerAccessManage:473 - Download File AN5225.pdf
2024-01-19 15:51:43,898 [INFO] ServerAccessManage:473 - Download File AN5537.pdf
2024-01-19 15:51:51,518 [INFO] ServerAccessManage:473 - Download File AN5543.pdf
2024-01-19 15:51:51,994 [INFO] ServerAccessManage:473 - Download File AN5612.pdf
2024-01-19 15:51:59,812 [INFO] ServerAccessManage:473 - Download File AN5688.pdf
2024-01-19 15:52:00,700 [INFO] ServerAccessManage:473 - Download File AN5816.pdf
2024-01-19 15:52:01,416 [INFO] ServerAccessManage:473 - Download File 16691.pdf
2024-01-19 15:52:11,039 [INFO] ServerAccessManage:473 - Download File 16692.pdf
2024-01-19 15:52:22,270 [INFO] ServerAccessManage:473 - Download File 16693.pdf
2024-01-19 15:52:29,553 [INFO] ServerAccessManage:473 - Download File 16694.pdf
2024-01-19 15:52:29,988 [INFO] ServerAccessManage:473 - Download File 16721.pdf
2024-01-19 15:52:35,973 [INFO] ServerAccessManage:473 - Download File 16722.pdf
2024-01-19 15:52:41,034 [INFO] ServerAccessManage:473 - Download File AN2656.pdf
2024-01-19 15:52:43,702 [INFO] ServerAccessManage:473 - Download File AN2790.pdf
2024-01-19 15:52:48,113 [INFO] ServerAccessManage:473 - Download File AN3078.pdf
2024-01-19 15:52:48,471 [INFO] ServerAccessManage:473 - Download File AN3116.pdf
2024-01-19 15:52:54,047 [INFO] ServerAccessManage:473 - Download File AN3174.pdf
2024-01-19 15:52:54,548 [INFO] ServerAccessManage:473 - Download File AN3241.pdf
2024-01-19 15:53:00,557 [INFO] ServerAccessManage:473 - Download File AN3307.pdf
2024-01-19 15:53:01,160 [INFO] ServerAccessManage:473 - Download File AN3364.pdf
2024-01-19 15:53:08,342 [INFO] ServerAccessManage:473 - Download File AN3965.pdf
2024-01-19 15:53:08,738 [INFO] ServerAccessManage:473 - Download File AN3969.pdf
2024-01-19 15:53:09,138 [INFO] ServerAccessManage:473 - Download File AN3990.pdf
2024-01-19 15:53:09,247 [INFO] ServerAccessManage:473 - Download File AN3997.pdf
2024-01-19 15:53:09,608 [INFO] ServerAccessManage:473 - Download File AN3998.pdf
2024-01-19 15:53:16,131 [INFO] ServerAccessManage:473 - Download File AN4044.pdf
2024-01-19 15:53:16,428 [INFO] ServerAccessManage:473 - Download File AN4323.pdf
2024-01-19 15:53:16,925 [INFO] ServerAccessManage:473 - Download File AN4365.pdf
2024-01-19 15:53:17,187 [INFO] ServerAccessManage:473 - Download File AN4435.pdf
2024-01-19 15:53:17,565 [INFO] ServerAccessManage:473 - Download File AN4457.pdf
2024-01-19 15:53:24,868 [INFO] ServerAccessManage:473 - Download File AN4499.pdf
2024-01-19 15:53:25,989 [INFO] ServerAccessManage:473 - Download File AN4502.pdf
2024-01-19 15:53:26,676 [INFO] ServerAccessManage:473 - Download File AN4657.pdf
2024-01-19 15:53:27,283 [INFO] ServerAccessManage:473 - Download File AN4666.pdf
2024-01-19 15:53:35,590 [INFO] ServerAccessManage:473 - Download File AN4678.pdf
2024-01-19 15:53:43,218 [INFO] ServerAccessManage:473 - Download File AN4701.pdf
2024-01-19 15:53:43,671 [INFO] ServerAccessManage:473 - Download File AN4739.pdf
2024-01-19 15:53:51,083 [INFO] ServerAccessManage:473 - Download File AN4758.pdf
2024-01-19 15:53:51,348 [INFO] ServerAccessManage:473 - Download File AN4759.pdf
2024-01-19 15:53:51,944 [INFO] ServerAccessManage:473 - Download File AN4841.pdf
2024-01-19 15:53:58,245 [INFO] ServerAccessManage:473 - Download File AN4968.pdf
2024-01-19 15:53:58,880 [INFO] ServerAccessManage:473 - Download File AN5054.pdf
2024-01-19 15:54:00,360 [INFO] ServerAccessManage:473 - Download File AN5056.pdf
2024-01-19 15:54:08,418 [INFO] ServerAccessManage:473 - Download File AN5360.pdf
2024-01-19 15:54:15,291 [INFO] ServerAccessManage:473 - Download File AN5361.pdf
2024-01-19 15:54:27,959 [INFO] ServerAccessManage:473 - Download File AN5394.pdf
2024-01-19 15:54:29,339 [INFO] ServerAccessManage:473 - Download File AN5418.pdf
2024-01-19 15:54:41,785 [INFO] ServerAccessManage:473 - Download File AN5426.pdf
2024-01-19 15:54:42,152 [INFO] ServerAccessManage:473 - Download File AN5464.pdf
2024-01-19 15:54:42,889 [INFO] ServerAccessManage:473 - Download File AN5564.pdf
2024-01-19 15:54:43,600 [INFO] ServerAccessManage:473 - Download File AN5698.pdf
2024-01-19 15:54:43,978 [INFO] ServerAccessManage:473 - Download File AN5731.pdf
2024-01-19 15:54:44,301 [INFO] ServerAccessManage:473 - Download File AN5952.pdf
2024-01-19 15:54:44,595 [INFO] ServerAccessManage:473 - Download File 19691.pdf
2024-01-19 15:54:45,228 [INFO] ServerAccessManage:473 - Download File DS9405.pdf
2024-01-19 15:54:46,156 [INFO] ServerAccessManage:473 - Download File ES0206.pdf
2024-01-19 15:54:46,420 [INFO] ServerAccessManage:473 - Download File 13376.pdf
2024-01-19 15:54:46,614 [INFO] ServerAccessManage:473 - Download File 13382.pdf
2024-01-19 15:54:46,908 [INFO] ServerAccessManage:473 - Download File 15122.pdf
2024-01-19 15:54:47,143 [INFO] ServerAccessManage:473 - Download File 18525.pdf
2024-01-19 15:54:47,447 [INFO] ServerAccessManage:473 - Download File 13327.pdf
2024-01-19 15:54:48,229 [INFO] ServerAccessManage:473 - Download File 13329.pdf
2024-01-19 15:54:49,107 [INFO] ServerAccessManage:473 - Download File 13332.pdf
2024-01-19 15:54:50,114 [INFO] ServerAccessManage:473 - Download File 15187.pdf
2024-01-19 15:54:50,525 [INFO] ServerAccessManage:473 - Download File 20056.pdf
2024-01-19 15:54:51,785 [INFO] ServerAccessManage:473 - Download File 13398.pdf
2024-01-19 15:54:52,074 [INFO] ServerAccessManage:473 - Download File PM0214.pdf
2024-01-19 15:54:52,831 [INFO] ServerAccessManage:473 - Download File RM0090.pdf
2024-01-19 15:54:58,950 [INFO] ServerAccessManage:473 - Download File TN0516.pdf
2024-01-19 15:54:59,158 [INFO] ServerAccessManage:473 - Download File TN1163.pdf
2024-01-19 15:54:59,956 [INFO] ServerAccessManage:473 - Download File TN1204.pdf
2024-01-19 15:55:00,727 [INFO] ServerAccessManage:473 - Download File TN1205.pdf
2024-01-19 15:55:01,396 [INFO] ServerAccessManage:473 - Download File TN1206.pdf
2024-01-19 15:55:02,036 [INFO] ServerAccessManage:473 - Download File TN1207.pdf
2024-01-19 15:55:02,517 [INFO] ServerAccessManage:473 - Download File TN1208.pdf
2024-01-19 15:55:02,982 [INFO] ServerAccessManage:473 - Download File TN1433.pdf
2024-01-19 15:55:03,246 [INFO] LoadUrlFilesThread:156 - End of LoadUrlFiles Thread
2024-01-19 15:55:03,272 [INFO] DocPanel:103 - Refresh resources is successful
