2024-01-17 14:09:01,172 [INFO] Activator:176 - 


2024-01-17 14:09:01,185 [INFO] Activator:177 - !SESSION log4j initialized
2024-01-17 14:09:15,315 [INFO] LogOutputStream:77 - [STDOUT_REDIRECT] 
2024-01-17 14:09:17,918 [INFO] ApplicationProperties:184 - Using Application install path: D:\hocviec\download\STM32CubeIDE_1.14.0\STM32CubeIDE\plugins\com.st.stm32cube.common.mx_6.10.0.202311202037
2024-01-17 14:09:17,966 [INFO] DbMcusXml:78 - Set database path to: D:\hocviec\download\STM32CubeIDE_1.14.0\STM32CubeIDE\plugins\com.st.stm32cube.common.mx_6.10.0.202311202037\\db\/mcu/
2024-01-17 14:09:17,967 [INFO] ApiDb:274 - Set plugin database path to: D:\hocviec\download\STM32CubeIDE_1.14.0\STM32CubeIDE\plugins\com.st.stm32cube.common.mx_6.10.0.202311202037\\db\/plugins/boardmanager/
2024-01-17 14:09:17,969 [WARN] ApiDb:259 - Overriding images path with different value:  => D:\hocviec\download\STM32CubeIDE_1.14.0\STM32CubeIDE\plugins\com.st.stm32cube.common.mx_6.10.0.202311202037\\db\/plugins/mcufinder/images/
2024-01-17 14:09:17,999 [INFO] ApiDb:250 - Set database path to: C:\Users\Admin\.stmcufinder\plugins\mcufinder//mcu/
2024-01-17 14:09:18,010 [INFO] DbMcusAds:125 - Set database path to: C:\Users\Admin\.stmcufinder\plugins\mcufinder//mcu/
2024-01-17 14:09:18,020 [INFO] CrossReferenceDbSqlite:203 - Set database path to: C:\Users\Admin\.stmcufinder\plugins\mcufinder//mcu/cs/
2024-01-17 14:09:18,444 [INFO] RulesReader:64 - Compatibility file has been processed (297 Rules)
2024-01-17 14:09:18,631 [INFO] DbMcusXml:78 - Set database path to: D:\hocviec\download\STM32CubeIDE_1.14.0\STM32CubeIDE\plugins\com.st.stm32cube.common.mx_6.10.0.202311202037\\db\/mcu/
2024-01-17 14:09:18,631 [INFO] ApiDb:274 - Set plugin database path to: D:\hocviec\download\STM32CubeIDE_1.14.0\STM32CubeIDE\plugins\com.st.stm32cube.common.mx_6.10.0.202311202037\\db\/plugins/boardmanager/
2024-01-17 14:09:18,632 [INFO] ApiDb:261 - Set plugin images path to: D:\hocviec\download\STM32CubeIDE_1.14.0\STM32CubeIDE\plugins\com.st.stm32cube.common.mx_6.10.0.202311202037\\db\/plugins/mcufinder/images/
2024-01-17 14:09:18,633 [WARN] DbFile:41 - Overriding database path with different value: C:\Users\Admin\.stmcufinder\plugins\mcufinder/ => C:\Users\Admin\.stmcufinder\plugins\mcufinder
2024-01-17 14:09:18,633 [INFO] ApiDb:250 - Set database path to: C:\Users\Admin\.stmcufinder\plugins\mcufinder//mcu/
2024-01-17 14:09:18,634 [WARN] DbFile:41 - Overriding database path with different value: C:\Users\Admin\.stmcufinder\plugins\mcufinder/ => C:\Users\Admin\.stmcufinder\plugins\mcufinder
2024-01-17 14:09:18,635 [INFO] DbMcusAds:125 - Set database path to: C:\Users\Admin\.stmcufinder\plugins\mcufinder//mcu/
2024-01-17 14:09:18,635 [WARN] DbFile:41 - Overriding database path with different value: C:\Users\Admin\.stmcufinder\plugins\mcufinder/ => C:\Users\Admin\.stmcufinder\plugins\mcufinder
2024-01-17 14:09:18,635 [WARN] DbFile:41 - Overriding database path with different value: C:\Users\Admin\.stmcufinder\plugins\mcufinder/ => C:\Users\Admin\.stmcufinder\plugins\mcufinder
2024-01-17 14:09:18,636 [INFO] CrossReferenceDbSqlite:203 - Set database path to: C:\Users\Admin\.stmcufinder\plugins\mcufinder//mcu/cs/
2024-01-17 14:09:18,820 [INFO] MainPanel:264 - HeapMemory: 268435456
2024-01-17 14:09:19,046 [INFO] DbMcusXml:78 - Set database path to: D:\hocviec\download\STM32CubeIDE_1.14.0\STM32CubeIDE\plugins\com.st.stm32cube.common.mx_6.10.0.202311202037\\db\/mcu/
2024-01-17 14:09:19,046 [INFO] ApiDb:274 - Set plugin database path to: D:\hocviec\download\STM32CubeIDE_1.14.0\STM32CubeIDE\plugins\com.st.stm32cube.common.mx_6.10.0.202311202037\\db\/plugins/boardmanager/
2024-01-17 14:09:19,046 [INFO] ApiDb:261 - Set plugin images path to: D:\hocviec\download\STM32CubeIDE_1.14.0\STM32CubeIDE\plugins\com.st.stm32cube.common.mx_6.10.0.202311202037\\db\/plugins/mcufinder/images/
2024-01-17 14:09:19,047 [WARN] DbFile:41 - Overriding database path with different value: C:\Users\Admin\.stmcufinder\plugins\mcufinder/ => C:\Users\Admin\.stmcufinder\plugins\mcufinder
2024-01-17 14:09:19,048 [INFO] ApiDb:250 - Set database path to: C:\Users\Admin\.stmcufinder\plugins\mcufinder//mcu/
2024-01-17 14:09:19,048 [WARN] DbFile:41 - Overriding database path with different value: C:\Users\Admin\.stmcufinder\plugins\mcufinder/ => C:\Users\Admin\.stmcufinder\plugins\mcufinder
2024-01-17 14:09:19,048 [INFO] DbMcusAds:125 - Set database path to: C:\Users\Admin\.stmcufinder\plugins\mcufinder//mcu/
2024-01-17 14:09:19,048 [WARN] DbFile:41 - Overriding database path with different value: C:\Users\Admin\.stmcufinder\plugins\mcufinder/ => C:\Users\Admin\.stmcufinder\plugins\mcufinder
2024-01-17 14:09:19,049 [WARN] DbFile:41 - Overriding database path with different value: C:\Users\Admin\.stmcufinder\plugins\mcufinder/ => C:\Users\Admin\.stmcufinder\plugins\mcufinder
2024-01-17 14:09:19,049 [INFO] CrossReferenceDbSqlite:203 - Set database path to: C:\Users\Admin\.stmcufinder\plugins\mcufinder//mcu/cs/
2024-01-17 14:09:19,101 [INFO] ApplicationProperties:184 - Using Application install path: D:\hocviec\download\STM32CubeIDE_1.14.0\STM32CubeIDE\plugins\com.st.stm32cube.common.mx_6.10.0.202311202037
2024-01-17 14:09:19,111 [INFO] PluginManage:196 - Search for loadable plugins [exclusion list=, ]
2024-01-17 14:09:19,114 [INFO] PluginManage:310 - Check plugin analytics
2024-01-17 14:09:19,545 [INFO] AnalyticsPlugin:253 - Accepted Software Licenses: 
2024-01-17 14:09:19,545 [INFO] AnalyticsPlugin:255 - Accepted CMSIS Pack Licenses: 
2024-01-17 14:09:19,546 [INFO] AnalyticsPlugin:257 - Accepted Firmware Licenses: FW.F4.1.28.0
2024-01-17 14:09:19,556 [INFO] PluginManage:359 - Loaded plugin analytics (category:tool,tabindex:-1)
2024-01-17 14:09:19,557 [INFO] PluginManage:310 - Check plugin cadmodel
2024-01-17 14:09:19,592 [INFO] CADModel:105 - Init CAD model plugin
2024-01-17 14:09:19,593 [INFO] PluginManage:359 - Loaded plugin cadmodel (category:power,tabindex:5)
2024-01-17 14:09:19,593 [INFO] PluginManage:310 - Check plugin clock
2024-01-17 14:09:19,623 [INFO] PluginManage:359 - Loaded plugin clock (category:base,tabindex:2)
2024-01-17 14:09:19,624 [INFO] PluginManage:310 - Check plugin ddr
2024-01-17 14:09:19,641 [INFO] PluginManage:359 - Loaded plugin ddr (category:tool,tabindex:6)
2024-01-17 14:09:19,642 [INFO] PluginManage:310 - Check plugin filemanager
2024-01-17 14:09:19,884 [INFO] PluginManage:359 - Loaded plugin filemanager (category:base,tabindex:10)
2024-01-17 14:09:19,884 [INFO] PluginManage:310 - Check plugin ipmanager
2024-01-17 14:09:19,894 [INFO] PluginManage:359 - Loaded plugin ipmanager (category:base,tabindex:5)
2024-01-17 14:09:19,895 [INFO] PluginManage:310 - Check plugin lpbam
2024-01-17 14:09:19,908 [INFO] PluginManage:359 - Loaded plugin lpbam (category:base,tabindex:0)
2024-01-17 14:09:19,909 [INFO] PluginManage:310 - Check plugin memorymap
2024-01-17 14:09:19,938 [INFO] PluginManage:359 - Loaded plugin memorymap (category:base,tabindex:4)
2024-01-17 14:09:19,938 [INFO] PluginManage:310 - Check plugin pinoutandconfiguration
2024-01-17 14:09:19,959 [INFO] PluginManage:359 - Loaded plugin pinoutandconfiguration (category:base,tabindex:1)
2024-01-17 14:09:19,960 [INFO] PluginManage:310 - Check plugin pinoutconfig
2024-01-17 14:09:20,260 [WARN] SupportedApi:132 - Cannot load RTOS API schema: s4s-elt-must-match.1: The content of 'definitions' must match (annotation?, (simpleType | complexType)?, (unique | key | keyref)*)). A problem was found starting at: attribute.
2024-01-17 14:09:20,622 [INFO] PluginManage:359 - Loaded plugin pinoutconfig (category:base,tabindex:0)
2024-01-17 14:09:20,622 [INFO] PluginManage:310 - Check plugin power
2024-01-17 14:09:20,649 [INFO] PluginManage:359 - Loaded plugin power (category:power,tabindex:4)
2024-01-17 14:09:20,650 [INFO] PluginManage:310 - Check plugin projectmanager
2024-01-17 14:09:20,688 [INFO] PluginManage:359 - Loaded plugin projectmanager (category:projectmanager,tabindex:3)
2024-01-17 14:09:20,689 [INFO] PluginManage:310 - Check plugin thirdparty
2024-01-17 14:09:21,026 [INFO] PluginManage:359 - Loaded plugin thirdparty (category:base,tabindex:-1)
2024-01-17 14:09:21,027 [INFO] PluginManage:310 - Check plugin tools
2024-01-17 14:09:21,037 [WARN] IntegrityCheckThread:84 - waiting for thirdparty lock release [integrity check]
2024-01-17 14:09:21,039 [INFO] PluginManage:359 - Loaded plugin tools (category:base,tabindex:7)
2024-01-17 14:09:21,039 [INFO] IntegrityCheckThread:86 - entering critical section [integrity check]
2024-01-17 14:09:21,039 [INFO] PluginManage:310 - Check plugin tutovideos
2024-01-17 14:09:21,041 [INFO] ThirdPartyUpdaterWithRetryManager:70 - Updater plugin not ready yet. [1/15]
2024-01-17 14:09:21,395 [INFO] PluginManage:359 - Loaded plugin tutovideos (category:base,tabindex:-1)
2024-01-17 14:09:21,395 [INFO] PluginManage:310 - Check plugin updater
2024-01-17 14:09:21,419 [INFO] PluginManage:359 - Loaded plugin updater (category:base,tabindex:12)
2024-01-17 14:09:21,419 [INFO] PluginManage:310 - Check plugin userauth
2024-01-17 14:09:21,431 [INFO] UserAuth:114 - Init User Auth plugin
2024-01-17 14:09:21,432 [INFO] PluginManage:359 - Loaded plugin userauth (category:base,tabindex:14)
2024-01-17 14:09:21,434 [INFO] PluginManage:283 - PluginManage : Loaded plugins [17]
2024-01-17 14:09:21,864 [INFO] PinOutPanel:1499 - setPackage(No Configuration,No Configuration)
2024-01-17 14:09:21,991 [INFO] CADModel:165 - CPN selected for project level
2024-01-17 14:09:21,991 [INFO] CADModel:114 - Register for checkConnection events
2024-01-17 14:09:22,021 [INFO] IPUIPlugin:80 - create IPUIPlugin
2024-01-17 14:09:22,022 [INFO] PluginManager:220 - loadIPPluginJar : add adc
2024-01-17 14:09:22,025 [INFO] IPUIPlugin:80 - create IPUIPlugin
2024-01-17 14:09:22,026 [INFO] PluginManager:220 - loadIPPluginJar : add aes
2024-01-17 14:09:22,033 [INFO] IPUIPlugin:80 - create IPUIPlugin
2024-01-17 14:09:22,033 [INFO] PluginManager:220 - loadIPPluginJar : add can
2024-01-17 14:09:22,036 [INFO] IPUIPlugin:80 - create IPUIPlugin
2024-01-17 14:09:22,036 [INFO] PluginManager:220 - loadIPPluginJar : add comp
2024-01-17 14:09:22,040 [INFO] IPUIPlugin:80 - create IPUIPlugin
2024-01-17 14:09:22,041 [INFO] PluginManager:220 - loadIPPluginJar : add cryp
2024-01-17 14:09:22,045 [INFO] IPUIPlugin:80 - create IPUIPlugin
2024-01-17 14:09:22,046 [INFO] PluginManager:220 - loadIPPluginJar : add dfsdm
2024-01-17 14:09:22,059 [INFO] IPUIPlugin:80 - create IPUIPlugin
2024-01-17 14:09:22,060 [INFO] PluginManager:220 - loadIPPluginJar : add dma
2024-01-17 14:09:22,066 [INFO] IPUIPlugin:80 - create IPUIPlugin
2024-01-17 14:09:22,067 [INFO] PluginManager:220 - loadIPPluginJar : add dma3
2024-01-17 14:09:22,070 [INFO] IPUIPlugin:80 - create IPUIPlugin
2024-01-17 14:09:22,070 [INFO] PluginManager:220 - loadIPPluginJar : add fatfs
2024-01-17 14:09:22,076 [INFO] IPUIPlugin:80 - create IPUIPlugin
2024-01-17 14:09:22,076 [INFO] PluginManager:220 - loadIPPluginJar : add fmc
2024-01-17 14:09:22,086 [INFO] IPUIPlugin:80 - create IPUIPlugin
2024-01-17 14:09:22,086 [INFO] PluginManager:220 - loadIPPluginJar : add freertos
2024-01-17 14:09:22,088 [INFO] IPUIPlugin:80 - create IPUIPlugin
2024-01-17 14:09:22,089 [INFO] PluginManager:220 - loadIPPluginJar : add genericplugin
2024-01-17 14:09:22,092 [INFO] IPUIPlugin:80 - create IPUIPlugin
2024-01-17 14:09:22,093 [INFO] PluginManager:220 - loadIPPluginJar : add gfxmmu
2024-01-17 14:09:22,098 [INFO] IPUIPlugin:80 - create IPUIPlugin
2024-01-17 14:09:22,099 [INFO] PluginManager:220 - loadIPPluginJar : add gic
2024-01-17 14:09:22,105 [INFO] IPUIPlugin:80 - create IPUIPlugin
2024-01-17 14:09:22,105 [INFO] PluginManager:220 - loadIPPluginJar : add gpio
2024-01-17 14:09:22,110 [INFO] IPUIPlugin:80 - create IPUIPlugin
2024-01-17 14:09:22,110 [INFO] PluginManager:220 - loadIPPluginJar : add gtzc
2024-01-17 14:09:22,114 [INFO] IPUIPlugin:80 - create IPUIPlugin
2024-01-17 14:09:22,114 [INFO] PluginManager:220 - loadIPPluginJar : add hash
2024-01-17 14:09:22,118 [INFO] IPUIPlugin:80 - create IPUIPlugin
2024-01-17 14:09:22,118 [INFO] PluginManager:220 - loadIPPluginJar : add i2c
2024-01-17 14:09:22,122 [INFO] IPUIPlugin:80 - create IPUIPlugin
2024-01-17 14:09:22,122 [INFO] PluginManager:220 - loadIPPluginJar : add i2s
2024-01-17 14:09:22,126 [INFO] IPUIPlugin:80 - create IPUIPlugin
2024-01-17 14:09:22,126 [INFO] PluginManager:220 - loadIPPluginJar : add i3c
2024-01-17 14:09:22,133 [INFO] IPUIPlugin:80 - create IPUIPlugin
2024-01-17 14:09:22,134 [INFO] PluginManager:220 - loadIPPluginJar : add ipddr
2024-01-17 14:09:22,144 [INFO] IPUIPlugin:80 - create IPUIPlugin
2024-01-17 14:09:22,145 [INFO] PluginManager:220 - loadIPPluginJar : add linkedlist
2024-01-17 14:09:22,149 [INFO] IPUIPlugin:80 - create IPUIPlugin
2024-01-17 14:09:22,149 [INFO] PluginManager:220 - loadIPPluginJar : add lorawan
2024-01-17 14:09:22,151 [INFO] IPUIPlugin:80 - create IPUIPlugin
2024-01-17 14:09:22,151 [INFO] PluginManager:220 - loadIPPluginJar : add ltdc
2024-01-17 14:09:22,164 [INFO] IPUIPlugin:80 - create IPUIPlugin
2024-01-17 14:09:22,164 [INFO] PluginManager:220 - loadIPPluginJar : add mdma
2024-01-17 14:09:22,170 [INFO] IPUIPlugin:80 - create IPUIPlugin
2024-01-17 14:09:22,170 [INFO] PluginManager:220 - loadIPPluginJar : add nvic
2024-01-17 14:09:22,175 [INFO] IPUIPlugin:80 - create IPUIPlugin
2024-01-17 14:09:22,175 [INFO] PluginManager:220 - loadIPPluginJar : add opamp
2024-01-17 14:09:22,181 [INFO] IPUIPlugin:80 - create IPUIPlugin
2024-01-17 14:09:22,182 [INFO] PluginManager:220 - loadIPPluginJar : add openamp
2024-01-17 14:09:22,188 [INFO] IPUIPlugin:80 - create IPUIPlugin
2024-01-17 14:09:22,188 [INFO] PluginManager:220 - loadIPPluginJar : add pdm2pcm
2024-01-17 14:09:22,197 [INFO] IPUIPlugin:80 - create IPUIPlugin
2024-01-17 14:09:22,202 [INFO] PluginManager:220 - loadIPPluginJar : add plateformsettings
2024-01-17 14:09:22,207 [INFO] IPUIPlugin:80 - create IPUIPlugin
2024-01-17 14:09:22,208 [INFO] PluginManager:220 - loadIPPluginJar : add quadspi
2024-01-17 14:09:22,214 [INFO] IPUIPlugin:80 - create IPUIPlugin
2024-01-17 14:09:22,215 [INFO] PluginManager:220 - loadIPPluginJar : add resmgrutility
2024-01-17 14:09:22,220 [INFO] IPUIPlugin:80 - create IPUIPlugin
2024-01-17 14:09:22,220 [INFO] PluginManager:220 - loadIPPluginJar : add sai
2024-01-17 14:09:22,224 [INFO] IPUIPlugin:80 - create IPUIPlugin
2024-01-17 14:09:22,224 [INFO] PluginManager:220 - loadIPPluginJar : add spi
2024-01-17 14:09:22,235 [INFO] IPUIPlugin:80 - create IPUIPlugin
2024-01-17 14:09:22,235 [INFO] PluginManager:220 - loadIPPluginJar : add stm32_wpan
2024-01-17 14:09:22,238 [INFO] IPUIPlugin:80 - create IPUIPlugin
2024-01-17 14:09:22,238 [INFO] PluginManager:220 - loadIPPluginJar : add tim
2024-01-17 14:09:22,244 [INFO] IPUIPlugin:80 - create IPUIPlugin
2024-01-17 14:09:22,244 [INFO] PluginManager:220 - loadIPPluginJar : add touchsensing
2024-01-17 14:09:22,247 [INFO] IPUIPlugin:80 - create IPUIPlugin
2024-01-17 14:09:22,248 [INFO] PluginManager:220 - loadIPPluginJar : add tracer_emb
2024-01-17 14:09:22,251 [INFO] IPUIPlugin:80 - create IPUIPlugin
2024-01-17 14:09:22,251 [INFO] PluginManager:220 - loadIPPluginJar : add ts
2024-01-17 14:09:22,253 [INFO] IPUIPlugin:80 - create IPUIPlugin
2024-01-17 14:09:22,253 [INFO] PluginManager:220 - loadIPPluginJar : add tsc
2024-01-17 14:09:22,259 [INFO] IPUIPlugin:80 - create IPUIPlugin
2024-01-17 14:09:22,259 [INFO] PluginManager:220 - loadIPPluginJar : add ucpd
2024-01-17 14:09:22,264 [INFO] IPUIPlugin:80 - create IPUIPlugin
2024-01-17 14:09:22,264 [INFO] PluginManager:220 - loadIPPluginJar : add usart
2024-01-17 14:09:22,268 [INFO] IPUIPlugin:80 - create IPUIPlugin
2024-01-17 14:09:22,268 [INFO] PluginManager:220 - loadIPPluginJar : add usbx
2024-01-17 14:09:22,454 [INFO] CADModel:165 - CPN selected for project level
2024-01-17 14:09:22,454 [INFO] CADModel:114 - Register for checkConnection events
2024-01-17 14:09:22,458 [FATAL] Updater:308 - Updater called before beeing initialized
2024-01-17 14:09:22,459 [ERROR] CADModel:125 - Updater not yet initialized, retry later 
2024-01-17 14:09:22,758 [INFO] CADModel:165 - CPN selected for project level
2024-01-17 14:09:22,758 [INFO] CADModel:114 - Register for checkConnection events
2024-01-17 14:09:22,758 [FATAL] Updater:308 - Updater called before beeing initialized
2024-01-17 14:09:22,758 [ERROR] CADModel:125 - Updater not yet initialized, retry later 
2024-01-17 14:09:22,763 [FATAL] Updater:308 - Updater called before beeing initialized
2024-01-17 14:09:22,998 [FATAL] Updater:308 - Updater called before beeing initialized
2024-01-17 14:09:23,004 [INFO] DbMcusAds:53 - JSON generation date=Wed Nov 29 17:52:27 ICT 2023 (1701255147349)
2024-01-17 14:09:23,004 [FATAL] Updater:308 - Updater called before beeing initialized
2024-01-17 14:09:23,076 [WARN] DetailPanel:346 - Failed to get advertising image, set to default
2024-01-17 14:09:23,265 [FATAL] Updater:308 - Updater called before beeing initialized
2024-01-17 14:09:23,268 [FATAL] Updater:308 - Updater called before beeing initialized
2024-01-17 14:09:23,268 [FATAL] Updater:308 - Updater called before beeing initialized
2024-01-17 14:09:23,268 [WARN] DetailPanel:346 - Failed to get advertising image, set to default
2024-01-17 14:09:23,270 [FATAL] Updater:308 - Updater called before beeing initialized
2024-01-17 14:09:23,375 [ERROR] Updater:1120 - MainUpdater not yet initialized. External WinMGr cannot be set.
2024-01-17 14:09:23,378 [INFO] Updater:1056 - Updater Version found : 6.10.0
2024-01-17 14:09:23,416 [INFO] ApplicationProperties:184 - Using Application install path: D:\hocviec\download\STM32CubeIDE_1.14.0\STM32CubeIDE\plugins\com.st.stm32cube.common.mx_6.10.0.202311202037
2024-01-17 14:09:24,044 [INFO] ThirdPartyUpdaterWithRetryManager:70 - Updater plugin not ready yet. [2/15]
2024-01-17 14:09:24,221 [INFO] MainUpdater:2873 - connection check result : 10
2024-01-17 14:09:24,222 [INFO] MainUpdater:290 - Updater Check For Update Now.
2024-01-17 14:09:24,223 [INFO] MicroXplorer:498 - Change Database Version : DB.6.0.100
2024-01-17 14:09:24,233 [INFO] McuFinderGlobals:63 - Set McuFinder mode to 2 (CubeIDE integrated)
2024-01-17 14:09:24,586 [INFO] CheckServerUpdateThread:120 - End of CheckServer Thread
2024-01-17 14:09:24,749 [INFO] UserAuth:404 - Internet connection configuration mode: 1
2024-01-17 14:09:24,781 [INFO] JxBrowserEngine:152 - Initiate JxBrowser Engine with user profile folder
2024-01-17 14:09:30,707 [WARN] PackLoader:240 - Cannot read IP mode file for STMicroelectronics.X-CUBE-SMBUS.2.1.0
2024-01-17 14:09:30,725 [WARN] PackLoader:240 - Cannot read IP mode file for STMicroelectronics.X-CUBE-TOUCHGFX.4.23.0
2024-01-17 14:09:30,926 [INFO] WebApp:161 - Instantiating new browser for Auth
2024-01-17 14:09:31,043 [WARN] PackLoader:240 - Cannot read IP mode file for STMicroelectronics.X-CUBE-AZRTOS-F7.1.1.0
2024-01-17 14:09:31,144 [WARN] PackLoader:240 - Cannot read IP mode file for STMicroelectronics.FP-SNS-MOTENV1.4.3.2
2024-01-17 14:09:31,193 [WARN] PackLoader:240 - Cannot read IP mode file for STMicroelectronics.FP-SNS-FLIGHT1.5.0.2
2024-01-17 14:09:31,449 [WARN] PackLoader:240 - Cannot read IP mode file for STMicroelectronics.X-CUBE-DISPLAY.3.0.0
2024-01-17 14:09:31,502 [WARN] PackLoader:240 - Cannot read IP mode file for STMicroelectronics.X-CUBE-BLE1.7.0.0
2024-01-17 14:09:31,519 [WARN] PackLoader:240 - Cannot read IP mode file for emotas.I-CUBE-CANOPEN.1.3.0
2024-01-17 14:09:31,527 [WARN] PackLoader:240 - Cannot read IP mode file for STMicroelectronics.X-CUBE-TOUCHGFX.4.22.1
2024-01-17 14:09:31,545 [WARN] PackLoader:240 - Cannot read IP mode file for STMicroelectronics.FP-SNS-SMARTAG2.1.2.0
2024-01-17 14:09:31,574 [INFO] LogOutputStream:77 - [STDOUT_REDIRECT] 1 : Invalid condition id : UX_CORESTACK_Condition cause : null
2024-01-17 14:09:31,575 [INFO] LogOutputStream:77 - [STDOUT_REDIRECT] 1 : Invalid condition id : UX_CORESTACK_Condition cause : null
2024-01-17 14:09:31,579 [INFO] LogOutputStream:77 - [STDOUT_REDIRECT] 1 : Invalid condition id : UX_CORESTACK_Condition cause : null
2024-01-17 14:09:31,593 [INFO] LogOutputStream:77 - [STDOUT_REDIRECT] 1 : Invalid condition id : UX_CORESTACK_Condition cause : null
2024-01-17 14:09:31,597 [INFO] LogOutputStream:77 - [STDOUT_REDIRECT] 1 : Invalid condition id : UX_CORESTACK_Condition cause : null
2024-01-17 14:09:31,605 [WARN] PackLoader:240 - Cannot read IP mode file for STMicroelectronics.X-CUBE-AZRTOS-WL.2.0.0
2024-01-17 14:09:31,641 [WARN] PackLoader:240 - Cannot read IP mode file for WES.I-CUBE-Cesium.1.3.0
2024-01-17 14:09:31,652 [WARN] PackLoader:240 - Cannot read IP mode file for STMicroelectronics.X-CUBE-BLE2.3.3.0
2024-01-17 14:09:31,682 [WARN] PackLoader:240 - Cannot read IP mode file for STMicroelectronics.X-CUBE-ALGOBUILD.1.3.0
2024-01-17 14:09:31,797 [WARN] PackLoader:240 - Cannot read IP mode file for STMicroelectronics.X-CUBE-AZRTOS-G0.1.1.0
2024-01-17 14:09:31,844 [WARN] PackLoader:240 - Cannot read IP mode file for STMicroelectronics.X-CUBE-NFC4.3.0.0
2024-01-17 14:09:31,884 [WARN] PackLoader:240 - Cannot read IP mode file for STMicroelectronics.X-CUBE-BLEMGR.3.0.0
2024-01-17 14:09:31,902 [WARN] PackLoader:240 - Cannot read IP mode file for STMicroelectronics.FP-ATR-SIGFOX1.3.2.0
2024-01-17 14:09:31,925 [WARN] PackLoader:240 - Cannot read IP mode file for STMicroelectronics.X-CUBE-GNSS1.6.0.0
2024-01-17 14:09:32,004 [WARN] PackLoader:240 - Cannot read IP mode file for STMicroelectronics.X-CUBE-AZRTOS-F4.1.1.0
2024-01-17 14:09:32,027 [WARN] PackLoader:240 - Cannot read IP mode file for wolfSSL.I-CUBE-wolfSSL.5.6.4
2024-01-17 14:09:32,117 [WARN] PackLoader:240 - Cannot read IP mode file for STMicroelectronics.X-CUBE-AZRTOS-L5.2.0.0
2024-01-17 14:09:32,198 [WARN] PackLoader:240 - Cannot read IP mode file for STMicroelectronics.X-CUBE-EEPRMA1.4.2.0
2024-01-17 14:09:32,258 [WARN] PackLoader:240 - Cannot read IP mode file for ITTIA_DB.I-CUBE-ITTIADB.8.8.0
2024-01-17 14:09:32,282 [WARN] PackLoader:240 - Cannot read IP mode file for STMicroelectronics.X-CUBE-NFC7.1.0.1
2024-01-17 14:09:32,317 [WARN] PackLoader:240 - Cannot read IP mode file for STMicroelectronics.X-CUBE-NFC6.3.0.0
2024-01-17 14:09:32,447 [WARN] PackLoader:240 - Cannot read IP mode file for STMicroelectronics.X-CUBE-AI.8.1.0
2024-01-17 14:09:32,658 [WARN] ConditionMgr:438 - getConditionDescription Invalid condition id : LAN8742 Phy interface Condition cause : null
2024-01-17 14:09:32,661 [WARN] PackLoader:240 - Cannot read IP mode file for STMicroelectronics.X-CUBE-AZRTOS-L4.2.0.0
2024-01-17 14:09:32,665 [WARN] ConditionMgr:1039 - genDependencies : Invalid condition id : LAN8742 Phy interface Condition cause : null
2024-01-17 14:09:32,666 [WARN] ConditionMgr:1039 - genDependencies : Invalid condition id : LAN8742 Phy interface Condition cause : null
2024-01-17 14:09:32,667 [WARN] ConditionMgr:1039 - genDependencies : Invalid condition id : LAN8742 Phy interface Condition cause : null
2024-01-17 14:09:32,684 [WARN] PackLoader:240 - Cannot read IP mode file for STMicroelectronics.X-CUBE-SFXS2LP1.4.0.0
2024-01-17 14:09:32,740 [WARN] ConditionMgr:438 - getConditionDescription Invalid condition id : UX DEVICE CLASS RTOS Condition cause : null
2024-01-17 14:09:32,741 [WARN] ConditionMgr:438 - getConditionDescription Invalid condition id : UX DEVICE CLASS RTOS Condition cause : null
2024-01-17 14:09:32,745 [WARN] PackLoader:240 - Cannot read IP mode file for STMicroelectronics.X-CUBE-AZRTOS-WB.2.0.0
2024-01-17 14:09:32,746 [WARN] ConditionMgr:1039 - genDependencies : Invalid condition id : UX DEVICE CLASS RTOS Condition cause : null
2024-01-17 14:09:32,747 [WARN] ConditionMgr:1039 - genDependencies : Invalid condition id : UX DEVICE CLASS RTOS Condition cause : null
2024-01-17 14:09:32,748 [WARN] ConditionMgr:1039 - genDependencies : Invalid condition id : UX DEVICE CLASS RTOS Condition cause : null
2024-01-17 14:09:32,748 [WARN] ConditionMgr:1039 - genDependencies : Invalid condition id : UX DEVICE CLASS RTOS Condition cause : null
2024-01-17 14:09:32,749 [WARN] ConditionMgr:1039 - genDependencies : Invalid condition id : UX DEVICE CLASS RTOS Condition cause : null
2024-01-17 14:09:32,777 [WARN] PackLoader:240 - Cannot read IP mode file for STMicroelectronics.X-CUBE-SUBG2.5.0.0
2024-01-17 14:09:32,871 [WARN] PackLoader:240 - Cannot read IP mode file for STMicroelectronics.X-CUBE-AZRTOS-G4.2.0.0
2024-01-17 14:09:32,973 [WARN] PackLoader:240 - Cannot read IP mode file for Infineon.AIROC-Wi-Fi-Bluetooth-STM32.1.5.1
2024-01-17 14:09:33,375 [WARN] PackLoader:240 - Cannot read IP mode file for STMicroelectronics.FP-SNS-MOTENVWB1.1.3.1
2024-01-17 14:09:33,391 [WARN] PackLoader:240 - Cannot read IP mode file for STMicroelectronics.X-CUBE-ISPU.2.0.0
2024-01-17 14:09:33,504 [WARN] PackLoader:240 - Cannot read IP mode file for STMicroelectronics.X-CUBE-MEMS1.10.0.0
2024-01-17 14:09:35,383 [WARN] PackLoader:240 - Cannot read IP mode file for STMicroelectronics.X-CUBE-FREERTOS.1.1.0
2024-01-17 14:09:35,401 [WARN] PackLoader:240 - Cannot read IP mode file for portGmbH.I-Cube-SoM-uGOAL.1.1.0
2024-01-17 14:09:35,423 [WARN] PackLoader:240 - Cannot read IP mode file for STMicroelectronics.X-CUBE-ALS.1.0.1
2024-01-17 14:09:35,437 [WARN] PackLoader:240 - Cannot read IP mode file for STMicroelectronics.FP-ATR-ASTRA1.2.0.0
2024-01-17 14:09:35,460 [WARN] PackLoader:240 - Cannot read IP mode file for STMicroelectronics.X-CUBE-TOF1.3.4.0
2024-01-17 14:09:35,603 [WARN] PackLoader:240 - Cannot read IP mode file for STMicroelectronics.X-CUBE-AZRTOS-H7.3.2.0
2024-01-17 14:09:35,619 [INFO] ThirdParty:978 - Integrity check success = true
2024-01-17 14:09:35,621 [INFO] IntegrityCheckThread:100 - exiting critical section [integrity check]
2024-01-17 14:09:35,621 [INFO] IntegrityCheckThread:103 - End integrity checks thread
2024-01-17 14:09:35,937 [INFO] WebApp:780 - Register for checkConnection events
2024-01-17 14:09:35,945 [INFO] WebApp:414 - Apply proxy settings
2024-01-17 14:09:35,945 [INFO] WebApp:499 - Chromium requires no authentication
2024-01-17 14:09:36,000 [INFO] WebApp:442 - Direct internet connection detected
2024-01-17 14:09:37,361 [INFO] WebApp:192 - Starting web application
2024-01-17 14:09:37,361 [INFO] WebApp:544 - Web application path used D:\hocviec\download\STM32CubeIDE_1.14.0\STM32CubeIDE\plugins\com.st.stm32cube.common.mx_6.10.0.202311202037\db\plugins\mcufinder\reactClient1\index.html
2024-01-17 14:09:59,365 [ERROR] LogOutputStream:75 - [STDERR_REDIRECT] SLF4J: Failed to load class "org.slf4j.impl.StaticLoggerBinder".
2024-01-17 14:09:59,366 [ERROR] LogOutputStream:75 - [STDERR_REDIRECT] SLF4J: Defaulting to no-operation (NOP) logger implementation
2024-01-17 14:09:59,369 [ERROR] LogOutputStream:75 - [STDERR_REDIRECT] SLF4J: See http://www.slf4j.org/codes.html#StaticLoggerBinder for further details.
2024-01-17 15:05:58,346 [ERROR] LogOutputStream:75 - [STDERR_REDIRECT] 
