2024-01-21 15:23:58,966 [INFO] Activator:176 - 


2024-01-21 15:23:58,979 [INFO] Activator:177 - !SESSION log4j initialized
2024-01-21 15:24:14,053 [INFO] LogOutputStream:77 - [STDOUT_REDIRECT] 
2024-01-21 15:24:16,957 [INFO] ApplicationProperties:184 - Using Application install path: D:\hocviec\download\STM32CubeIDE_1.14.0\STM32CubeIDE\plugins\com.st.stm32cube.common.mx_6.10.0.202311202037
2024-01-21 15:24:17,002 [INFO] DbMcusXml:78 - Set database path to: D:\hocviec\download\STM32CubeIDE_1.14.0\STM32CubeIDE\plugins\com.st.stm32cube.common.mx_6.10.0.202311202037\\db\/mcu/
2024-01-21 15:24:17,003 [INFO] ApiDb:274 - Set plugin database path to: D:\hocviec\download\STM32CubeIDE_1.14.0\STM32CubeIDE\plugins\com.st.stm32cube.common.mx_6.10.0.202311202037\\db\/plugins/boardmanager/
2024-01-21 15:24:17,005 [WARN] ApiDb:259 - Overriding images path with different value:  => D:\hocviec\download\STM32CubeIDE_1.14.0\STM32CubeIDE\plugins\com.st.stm32cube.common.mx_6.10.0.202311202037\\db\/plugins/mcufinder/images/
2024-01-21 15:24:17,028 [INFO] ApiDb:250 - Set database path to: C:\Users\Admin\.stmcufinder\plugins\mcufinder//mcu/
2024-01-21 15:24:17,031 [INFO] DbMcusAds:125 - Set database path to: C:\Users\Admin\.stmcufinder\plugins\mcufinder//mcu/
2024-01-21 15:24:17,645 [INFO] CrossReferenceDbSqlite:203 - Set database path to: C:\Users\Admin\.stmcufinder\plugins\mcufinder//mcu/cs/
2024-01-21 15:24:17,879 [INFO] RulesReader:64 - Compatibility file has been processed (297 Rules)
2024-01-21 15:24:18,054 [INFO] DbMcusXml:78 - Set database path to: D:\hocviec\download\STM32CubeIDE_1.14.0\STM32CubeIDE\plugins\com.st.stm32cube.common.mx_6.10.0.202311202037\\db\/mcu/
2024-01-21 15:24:18,055 [INFO] ApiDb:274 - Set plugin database path to: D:\hocviec\download\STM32CubeIDE_1.14.0\STM32CubeIDE\plugins\com.st.stm32cube.common.mx_6.10.0.202311202037\\db\/plugins/boardmanager/
2024-01-21 15:24:18,055 [INFO] ApiDb:261 - Set plugin images path to: D:\hocviec\download\STM32CubeIDE_1.14.0\STM32CubeIDE\plugins\com.st.stm32cube.common.mx_6.10.0.202311202037\\db\/plugins/mcufinder/images/
2024-01-21 15:24:18,055 [WARN] DbFile:41 - Overriding database path with different value: C:\Users\Admin\.stmcufinder\plugins\mcufinder/ => C:\Users\Admin\.stmcufinder\plugins\mcufinder
2024-01-21 15:24:18,055 [INFO] ApiDb:250 - Set database path to: C:\Users\Admin\.stmcufinder\plugins\mcufinder//mcu/
2024-01-21 15:24:18,056 [WARN] DbFile:41 - Overriding database path with different value: C:\Users\Admin\.stmcufinder\plugins\mcufinder/ => C:\Users\Admin\.stmcufinder\plugins\mcufinder
2024-01-21 15:24:18,056 [INFO] DbMcusAds:125 - Set database path to: C:\Users\Admin\.stmcufinder\plugins\mcufinder//mcu/
2024-01-21 15:24:18,056 [WARN] DbFile:41 - Overriding database path with different value: C:\Users\Admin\.stmcufinder\plugins\mcufinder/ => C:\Users\Admin\.stmcufinder\plugins\mcufinder
2024-01-21 15:24:18,056 [WARN] DbFile:41 - Overriding database path with different value: C:\Users\Admin\.stmcufinder\plugins\mcufinder/ => C:\Users\Admin\.stmcufinder\plugins\mcufinder
2024-01-21 15:24:18,642 [INFO] CrossReferenceDbSqlite:203 - Set database path to: C:\Users\Admin\.stmcufinder\plugins\mcufinder//mcu/cs/
2024-01-21 15:24:18,808 [INFO] MainPanel:264 - HeapMemory: 268435456
2024-01-21 15:24:19,016 [INFO] DbMcusXml:78 - Set database path to: D:\hocviec\download\STM32CubeIDE_1.14.0\STM32CubeIDE\plugins\com.st.stm32cube.common.mx_6.10.0.202311202037\\db\/mcu/
2024-01-21 15:24:19,016 [INFO] ApiDb:274 - Set plugin database path to: D:\hocviec\download\STM32CubeIDE_1.14.0\STM32CubeIDE\plugins\com.st.stm32cube.common.mx_6.10.0.202311202037\\db\/plugins/boardmanager/
2024-01-21 15:24:19,016 [INFO] ApiDb:261 - Set plugin images path to: D:\hocviec\download\STM32CubeIDE_1.14.0\STM32CubeIDE\plugins\com.st.stm32cube.common.mx_6.10.0.202311202037\\db\/plugins/mcufinder/images/
2024-01-21 15:24:19,017 [WARN] DbFile:41 - Overriding database path with different value: C:\Users\Admin\.stmcufinder\plugins\mcufinder/ => C:\Users\Admin\.stmcufinder\plugins\mcufinder
2024-01-21 15:24:19,017 [INFO] ApiDb:250 - Set database path to: C:\Users\Admin\.stmcufinder\plugins\mcufinder//mcu/
2024-01-21 15:24:19,017 [WARN] DbFile:41 - Overriding database path with different value: C:\Users\Admin\.stmcufinder\plugins\mcufinder/ => C:\Users\Admin\.stmcufinder\plugins\mcufinder
2024-01-21 15:24:19,018 [INFO] DbMcusAds:125 - Set database path to: C:\Users\Admin\.stmcufinder\plugins\mcufinder//mcu/
2024-01-21 15:24:19,018 [WARN] DbFile:41 - Overriding database path with different value: C:\Users\Admin\.stmcufinder\plugins\mcufinder/ => C:\Users\Admin\.stmcufinder\plugins\mcufinder
2024-01-21 15:24:19,018 [WARN] DbFile:41 - Overriding database path with different value: C:\Users\Admin\.stmcufinder\plugins\mcufinder/ => C:\Users\Admin\.stmcufinder\plugins\mcufinder
2024-01-21 15:24:19,637 [INFO] CrossReferenceDbSqlite:203 - Set database path to: C:\Users\Admin\.stmcufinder\plugins\mcufinder//mcu/cs/
2024-01-21 15:24:19,677 [INFO] ApplicationProperties:184 - Using Application install path: D:\hocviec\download\STM32CubeIDE_1.14.0\STM32CubeIDE\plugins\com.st.stm32cube.common.mx_6.10.0.202311202037
2024-01-21 15:24:19,681 [INFO] PluginManage:196 - Search for loadable plugins [exclusion list=, ]
2024-01-21 15:24:19,684 [INFO] PluginManage:310 - Check plugin analytics
2024-01-21 15:24:20,842 [INFO] AnalyticsPlugin:253 - Accepted Software Licenses: 
2024-01-21 15:24:20,843 [INFO] AnalyticsPlugin:255 - Accepted CMSIS Pack Licenses: 
2024-01-21 15:24:20,843 [INFO] AnalyticsPlugin:257 - Accepted Firmware Licenses: FW.F4.1.28.0
2024-01-21 15:24:20,889 [INFO] PluginManage:359 - Loaded plugin analytics (category:tool,tabindex:-1)
2024-01-21 15:24:20,890 [INFO] PluginManage:310 - Check plugin cadmodel
2024-01-21 15:24:20,899 [INFO] CADModel:105 - Init CAD model plugin
2024-01-21 15:24:20,900 [INFO] PluginManage:359 - Loaded plugin cadmodel (category:power,tabindex:5)
2024-01-21 15:24:20,900 [INFO] PluginManage:310 - Check plugin clock
2024-01-21 15:24:20,935 [INFO] PluginManage:359 - Loaded plugin clock (category:base,tabindex:2)
2024-01-21 15:24:20,935 [INFO] PluginManage:310 - Check plugin ddr
2024-01-21 15:24:20,940 [INFO] PluginManage:359 - Loaded plugin ddr (category:tool,tabindex:6)
2024-01-21 15:24:20,940 [INFO] PluginManage:310 - Check plugin filemanager
2024-01-21 15:24:21,175 [INFO] PluginManage:359 - Loaded plugin filemanager (category:base,tabindex:10)
2024-01-21 15:24:21,175 [INFO] PluginManage:310 - Check plugin ipmanager
2024-01-21 15:24:21,191 [INFO] PluginManage:359 - Loaded plugin ipmanager (category:base,tabindex:5)
2024-01-21 15:24:21,191 [INFO] PluginManage:310 - Check plugin lpbam
2024-01-21 15:24:21,208 [INFO] PluginManage:359 - Loaded plugin lpbam (category:base,tabindex:0)
2024-01-21 15:24:21,208 [INFO] PluginManage:310 - Check plugin memorymap
2024-01-21 15:24:21,236 [INFO] PluginManage:359 - Loaded plugin memorymap (category:base,tabindex:4)
2024-01-21 15:24:21,236 [INFO] PluginManage:310 - Check plugin pinoutandconfiguration
2024-01-21 15:24:21,250 [INFO] PluginManage:359 - Loaded plugin pinoutandconfiguration (category:base,tabindex:1)
2024-01-21 15:24:21,250 [INFO] PluginManage:310 - Check plugin pinoutconfig
2024-01-21 15:24:21,419 [WARN] SupportedApi:132 - Cannot load RTOS API schema: s4s-elt-must-match.1: The content of 'definitions' must match (annotation?, (simpleType | complexType)?, (unique | key | keyref)*)). A problem was found starting at: attribute.
2024-01-21 15:24:21,691 [INFO] PluginManage:359 - Loaded plugin pinoutconfig (category:base,tabindex:0)
2024-01-21 15:24:21,692 [INFO] PluginManage:310 - Check plugin power
2024-01-21 15:24:21,719 [INFO] PluginManage:359 - Loaded plugin power (category:power,tabindex:4)
2024-01-21 15:24:21,719 [INFO] PluginManage:310 - Check plugin projectmanager
2024-01-21 15:24:21,765 [INFO] PluginManage:359 - Loaded plugin projectmanager (category:projectmanager,tabindex:3)
2024-01-21 15:24:21,765 [INFO] PluginManage:310 - Check plugin thirdparty
2024-01-21 15:24:22,121 [INFO] PluginManage:359 - Loaded plugin thirdparty (category:base,tabindex:-1)
2024-01-21 15:24:22,122 [INFO] PluginManage:310 - Check plugin tools
2024-01-21 15:24:22,130 [INFO] PluginManage:359 - Loaded plugin tools (category:base,tabindex:7)
2024-01-21 15:24:22,131 [INFO] PluginManage:310 - Check plugin tutovideos
2024-01-21 15:24:22,133 [WARN] IntegrityCheckThread:84 - waiting for thirdparty lock release [integrity check]
2024-01-21 15:24:22,138 [INFO] IntegrityCheckThread:86 - entering critical section [integrity check]
2024-01-21 15:24:22,139 [INFO] ThirdPartyUpdaterWithRetryManager:70 - Updater plugin not ready yet. [1/15]
2024-01-21 15:24:22,458 [INFO] PluginManage:359 - Loaded plugin tutovideos (category:base,tabindex:-1)
2024-01-21 15:24:22,458 [INFO] PluginManage:310 - Check plugin updater
2024-01-21 15:24:22,479 [INFO] PluginManage:359 - Loaded plugin updater (category:base,tabindex:12)
2024-01-21 15:24:22,480 [INFO] PluginManage:310 - Check plugin userauth
2024-01-21 15:24:22,490 [INFO] UserAuth:114 - Init User Auth plugin
2024-01-21 15:24:22,490 [INFO] PluginManage:359 - Loaded plugin userauth (category:base,tabindex:14)
2024-01-21 15:24:22,491 [INFO] PluginManage:283 - PluginManage : Loaded plugins [17]
2024-01-21 15:24:22,947 [INFO] PinOutPanel:1499 - setPackage(No Configuration,No Configuration)
2024-01-21 15:24:23,086 [INFO] CADModel:165 - CPN selected for project level
2024-01-21 15:24:23,087 [INFO] CADModel:114 - Register for checkConnection events
2024-01-21 15:24:23,115 [INFO] IPUIPlugin:80 - create IPUIPlugin
2024-01-21 15:24:23,116 [INFO] PluginManager:220 - loadIPPluginJar : add adc
2024-01-21 15:24:23,119 [INFO] IPUIPlugin:80 - create IPUIPlugin
2024-01-21 15:24:23,120 [INFO] PluginManager:220 - loadIPPluginJar : add aes
2024-01-21 15:24:23,124 [INFO] IPUIPlugin:80 - create IPUIPlugin
2024-01-21 15:24:23,124 [INFO] PluginManager:220 - loadIPPluginJar : add can
2024-01-21 15:24:23,128 [INFO] IPUIPlugin:80 - create IPUIPlugin
2024-01-21 15:24:23,129 [INFO] PluginManager:220 - loadIPPluginJar : add comp
2024-01-21 15:24:23,134 [INFO] IPUIPlugin:80 - create IPUIPlugin
2024-01-21 15:24:23,134 [INFO] PluginManager:220 - loadIPPluginJar : add cryp
2024-01-21 15:24:23,138 [INFO] IPUIPlugin:80 - create IPUIPlugin
2024-01-21 15:24:23,139 [INFO] PluginManager:220 - loadIPPluginJar : add dfsdm
2024-01-21 15:24:23,148 [INFO] IPUIPlugin:80 - create IPUIPlugin
2024-01-21 15:24:23,149 [INFO] PluginManager:220 - loadIPPluginJar : add dma
2024-01-21 15:24:23,156 [INFO] IPUIPlugin:80 - create IPUIPlugin
2024-01-21 15:24:23,156 [INFO] PluginManager:220 - loadIPPluginJar : add dma3
2024-01-21 15:24:23,160 [INFO] IPUIPlugin:80 - create IPUIPlugin
2024-01-21 15:24:23,160 [INFO] PluginManager:220 - loadIPPluginJar : add fatfs
2024-01-21 15:24:23,168 [INFO] IPUIPlugin:80 - create IPUIPlugin
2024-01-21 15:24:23,169 [INFO] PluginManager:220 - loadIPPluginJar : add fmc
2024-01-21 15:24:23,185 [INFO] IPUIPlugin:80 - create IPUIPlugin
2024-01-21 15:24:23,186 [INFO] PluginManager:220 - loadIPPluginJar : add freertos
2024-01-21 15:24:23,189 [INFO] IPUIPlugin:80 - create IPUIPlugin
2024-01-21 15:24:23,190 [INFO] PluginManager:220 - loadIPPluginJar : add genericplugin
2024-01-21 15:24:23,195 [INFO] IPUIPlugin:80 - create IPUIPlugin
2024-01-21 15:24:23,195 [INFO] PluginManager:220 - loadIPPluginJar : add gfxmmu
2024-01-21 15:24:23,208 [INFO] IPUIPlugin:80 - create IPUIPlugin
2024-01-21 15:24:23,208 [INFO] PluginManager:220 - loadIPPluginJar : add gic
2024-01-21 15:24:23,217 [INFO] IPUIPlugin:80 - create IPUIPlugin
2024-01-21 15:24:23,217 [INFO] PluginManager:220 - loadIPPluginJar : add gpio
2024-01-21 15:24:23,223 [INFO] IPUIPlugin:80 - create IPUIPlugin
2024-01-21 15:24:23,223 [INFO] PluginManager:220 - loadIPPluginJar : add gtzc
2024-01-21 15:24:23,231 [INFO] IPUIPlugin:80 - create IPUIPlugin
2024-01-21 15:24:23,231 [INFO] PluginManager:220 - loadIPPluginJar : add hash
2024-01-21 15:24:23,237 [INFO] IPUIPlugin:80 - create IPUIPlugin
2024-01-21 15:24:23,238 [INFO] PluginManager:220 - loadIPPluginJar : add i2c
2024-01-21 15:24:23,243 [INFO] IPUIPlugin:80 - create IPUIPlugin
2024-01-21 15:24:23,243 [INFO] PluginManager:220 - loadIPPluginJar : add i2s
2024-01-21 15:24:23,249 [INFO] IPUIPlugin:80 - create IPUIPlugin
2024-01-21 15:24:23,249 [INFO] PluginManager:220 - loadIPPluginJar : add i3c
2024-01-21 15:24:23,257 [INFO] IPUIPlugin:80 - create IPUIPlugin
2024-01-21 15:24:23,257 [INFO] PluginManager:220 - loadIPPluginJar : add ipddr
2024-01-21 15:24:23,269 [INFO] IPUIPlugin:80 - create IPUIPlugin
2024-01-21 15:24:23,269 [INFO] PluginManager:220 - loadIPPluginJar : add linkedlist
2024-01-21 15:24:23,275 [INFO] IPUIPlugin:80 - create IPUIPlugin
2024-01-21 15:24:23,276 [INFO] PluginManager:220 - loadIPPluginJar : add lorawan
2024-01-21 15:24:23,280 [INFO] IPUIPlugin:80 - create IPUIPlugin
2024-01-21 15:24:23,281 [INFO] PluginManager:220 - loadIPPluginJar : add ltdc
2024-01-21 15:24:23,293 [INFO] IPUIPlugin:80 - create IPUIPlugin
2024-01-21 15:24:23,293 [INFO] PluginManager:220 - loadIPPluginJar : add mdma
2024-01-21 15:24:23,300 [INFO] IPUIPlugin:80 - create IPUIPlugin
2024-01-21 15:24:23,301 [INFO] PluginManager:220 - loadIPPluginJar : add nvic
2024-01-21 15:24:23,309 [INFO] IPUIPlugin:80 - create IPUIPlugin
2024-01-21 15:24:23,309 [INFO] PluginManager:220 - loadIPPluginJar : add opamp
2024-01-21 15:24:23,315 [INFO] IPUIPlugin:80 - create IPUIPlugin
2024-01-21 15:24:23,316 [INFO] PluginManager:220 - loadIPPluginJar : add openamp
2024-01-21 15:24:23,322 [INFO] IPUIPlugin:80 - create IPUIPlugin
2024-01-21 15:24:23,322 [INFO] PluginManager:220 - loadIPPluginJar : add pdm2pcm
2024-01-21 15:24:23,339 [INFO] IPUIPlugin:80 - create IPUIPlugin
2024-01-21 15:24:23,345 [INFO] PluginManager:220 - loadIPPluginJar : add plateformsettings
2024-01-21 15:24:23,348 [INFO] IPUIPlugin:80 - create IPUIPlugin
2024-01-21 15:24:23,348 [INFO] PluginManager:220 - loadIPPluginJar : add quadspi
2024-01-21 15:24:23,358 [INFO] IPUIPlugin:80 - create IPUIPlugin
2024-01-21 15:24:23,358 [INFO] PluginManager:220 - loadIPPluginJar : add resmgrutility
2024-01-21 15:24:23,364 [INFO] IPUIPlugin:80 - create IPUIPlugin
2024-01-21 15:24:23,364 [INFO] PluginManager:220 - loadIPPluginJar : add sai
2024-01-21 15:24:23,369 [INFO] IPUIPlugin:80 - create IPUIPlugin
2024-01-21 15:24:23,369 [INFO] PluginManager:220 - loadIPPluginJar : add spi
2024-01-21 15:24:23,378 [INFO] IPUIPlugin:80 - create IPUIPlugin
2024-01-21 15:24:23,379 [INFO] PluginManager:220 - loadIPPluginJar : add stm32_wpan
2024-01-21 15:24:23,384 [INFO] IPUIPlugin:80 - create IPUIPlugin
2024-01-21 15:24:23,384 [INFO] PluginManager:220 - loadIPPluginJar : add tim
2024-01-21 15:24:23,391 [INFO] IPUIPlugin:80 - create IPUIPlugin
2024-01-21 15:24:23,391 [INFO] PluginManager:220 - loadIPPluginJar : add touchsensing
2024-01-21 15:24:23,395 [INFO] IPUIPlugin:80 - create IPUIPlugin
2024-01-21 15:24:23,395 [INFO] PluginManager:220 - loadIPPluginJar : add tracer_emb
2024-01-21 15:24:23,398 [INFO] IPUIPlugin:80 - create IPUIPlugin
2024-01-21 15:24:23,398 [INFO] PluginManager:220 - loadIPPluginJar : add ts
2024-01-21 15:24:23,401 [INFO] IPUIPlugin:80 - create IPUIPlugin
2024-01-21 15:24:23,401 [INFO] PluginManager:220 - loadIPPluginJar : add tsc
2024-01-21 15:24:23,407 [INFO] IPUIPlugin:80 - create IPUIPlugin
2024-01-21 15:24:23,407 [INFO] PluginManager:220 - loadIPPluginJar : add ucpd
2024-01-21 15:24:23,412 [INFO] IPUIPlugin:80 - create IPUIPlugin
2024-01-21 15:24:23,412 [INFO] PluginManager:220 - loadIPPluginJar : add usart
2024-01-21 15:24:23,417 [INFO] IPUIPlugin:80 - create IPUIPlugin
2024-01-21 15:24:23,418 [INFO] PluginManager:220 - loadIPPluginJar : add usbx
2024-01-21 15:24:23,611 [INFO] CADModel:165 - CPN selected for project level
2024-01-21 15:24:23,612 [INFO] CADModel:114 - Register for checkConnection events
2024-01-21 15:24:23,612 [FATAL] Updater:308 - Updater called before beeing initialized
2024-01-21 15:24:23,612 [ERROR] CADModel:125 - Updater not yet initialized, retry later 
2024-01-21 15:24:23,861 [INFO] CADModel:165 - CPN selected for project level
2024-01-21 15:24:23,861 [INFO] CADModel:114 - Register for checkConnection events
2024-01-21 15:24:23,862 [FATAL] Updater:308 - Updater called before beeing initialized
2024-01-21 15:24:23,862 [ERROR] CADModel:125 - Updater not yet initialized, retry later 
2024-01-21 15:24:23,866 [FATAL] Updater:308 - Updater called before beeing initialized
2024-01-21 15:24:24,148 [FATAL] Updater:308 - Updater called before beeing initialized
2024-01-21 15:24:24,156 [INFO] DbMcusAds:53 - JSON generation date=Wed Nov 29 17:52:27 ICT 2023 (1701255147200)
2024-01-21 15:24:24,156 [FATAL] Updater:308 - Updater called before beeing initialized
2024-01-21 15:24:24,232 [WARN] DetailPanel:346 - Failed to get advertising image, set to default
2024-01-21 15:24:24,415 [FATAL] Updater:308 - Updater called before beeing initialized
2024-01-21 15:24:24,418 [FATAL] Updater:308 - Updater called before beeing initialized
2024-01-21 15:24:24,418 [FATAL] Updater:308 - Updater called before beeing initialized
2024-01-21 15:24:24,418 [WARN] DetailPanel:346 - Failed to get advertising image, set to default
2024-01-21 15:24:24,419 [FATAL] Updater:308 - Updater called before beeing initialized
2024-01-21 15:24:24,534 [ERROR] Updater:1120 - MainUpdater not yet initialized. External WinMGr cannot be set.
2024-01-21 15:24:24,537 [INFO] Updater:1056 - Updater Version found : 6.10.0
2024-01-21 15:24:24,581 [INFO] ApplicationProperties:184 - Using Application install path: D:\hocviec\download\STM32CubeIDE_1.14.0\STM32CubeIDE\plugins\com.st.stm32cube.common.mx_6.10.0.202311202037
2024-01-21 15:24:25,142 [INFO] ThirdPartyUpdaterWithRetryManager:70 - Updater plugin not ready yet. [2/15]
2024-01-21 15:24:26,198 [INFO] MainUpdater:2873 - connection check result : 10
2024-01-21 15:24:26,199 [INFO] MainUpdater:290 - Updater Check For Update Now.
2024-01-21 15:24:26,200 [INFO] MicroXplorer:498 - Change Database Version : DB.6.0.100
2024-01-21 15:24:26,211 [INFO] McuFinderGlobals:63 - Set McuFinder mode to 2 (CubeIDE integrated)
2024-01-21 15:24:26,626 [INFO] CheckServerUpdateThread:120 - End of CheckServer Thread
2024-01-21 15:24:26,735 [INFO] UserAuth:404 - Internet connection configuration mode: 1
2024-01-21 15:24:26,756 [INFO] JxBrowserEngine:152 - Initiate JxBrowser Engine with user profile folder
2024-01-21 15:24:28,547 [INFO] WebApp:161 - Instantiating new browser for Auth
2024-01-21 15:24:29,026 [WARN] PackLoader:240 - Cannot read IP mode file for STMicroelectronics.X-CUBE-SMBUS.2.1.0
2024-01-21 15:24:29,046 [WARN] PackLoader:240 - Cannot read IP mode file for STMicroelectronics.X-CUBE-TOUCHGFX.4.23.0
2024-01-21 15:24:29,218 [WARN] PackLoader:240 - Cannot read IP mode file for STMicroelectronics.X-CUBE-AZRTOS-F7.1.1.0
2024-01-21 15:24:29,269 [WARN] PackLoader:240 - Cannot read IP mode file for STMicroelectronics.FP-SNS-MOTENV1.4.3.2
2024-01-21 15:24:29,321 [WARN] PackLoader:240 - Cannot read IP mode file for STMicroelectronics.FP-SNS-FLIGHT1.5.0.2
2024-01-21 15:24:29,345 [WARN] PackLoader:240 - Cannot read IP mode file for STMicroelectronics.X-CUBE-DISPLAY.3.0.0
2024-01-21 15:24:29,425 [WARN] PackLoader:240 - Cannot read IP mode file for STMicroelectronics.X-CUBE-BLE1.7.0.0
2024-01-21 15:24:29,450 [WARN] PackLoader:240 - Cannot read IP mode file for emotas.I-CUBE-CANOPEN.1.3.0
2024-01-21 15:24:29,462 [WARN] PackLoader:240 - Cannot read IP mode file for STMicroelectronics.X-CUBE-TOUCHGFX.4.22.1
2024-01-21 15:24:29,501 [WARN] PackLoader:240 - Cannot read IP mode file for STMicroelectronics.FP-SNS-SMARTAG2.1.2.0
2024-01-21 15:24:29,543 [INFO] LogOutputStream:77 - [STDOUT_REDIRECT] 1 : Invalid condition id : UX_CORESTACK_Condition cause : null
2024-01-21 15:24:29,544 [INFO] LogOutputStream:77 - [STDOUT_REDIRECT] 1 : Invalid condition id : UX_CORESTACK_Condition cause : null
2024-01-21 15:24:29,569 [INFO] LogOutputStream:77 - [STDOUT_REDIRECT] 1 : Invalid condition id : UX_CORESTACK_Condition cause : null
2024-01-21 15:24:29,587 [INFO] LogOutputStream:77 - [STDOUT_REDIRECT] 1 : Invalid condition id : UX_CORESTACK_Condition cause : null
2024-01-21 15:24:29,590 [INFO] LogOutputStream:77 - [STDOUT_REDIRECT] 1 : Invalid condition id : UX_CORESTACK_Condition cause : null
2024-01-21 15:24:29,599 [WARN] PackLoader:240 - Cannot read IP mode file for STMicroelectronics.X-CUBE-AZRTOS-WL.2.0.0
2024-01-21 15:24:29,648 [WARN] PackLoader:240 - Cannot read IP mode file for WES.I-CUBE-Cesium.1.3.0
2024-01-21 15:24:29,666 [WARN] PackLoader:240 - Cannot read IP mode file for STMicroelectronics.X-CUBE-BLE2.3.3.0
2024-01-21 15:24:29,696 [WARN] PackLoader:240 - Cannot read IP mode file for STMicroelectronics.X-CUBE-ALGOBUILD.1.3.0
2024-01-21 15:24:29,790 [WARN] PackLoader:240 - Cannot read IP mode file for STMicroelectronics.X-CUBE-AZRTOS-G0.1.1.0
2024-01-21 15:24:29,813 [WARN] PackLoader:240 - Cannot read IP mode file for STMicroelectronics.X-CUBE-NFC4.3.0.0
2024-01-21 15:24:29,900 [WARN] PackLoader:240 - Cannot read IP mode file for STMicroelectronics.X-CUBE-BLEMGR.3.0.0
2024-01-21 15:24:29,925 [WARN] PackLoader:240 - Cannot read IP mode file for STMicroelectronics.FP-ATR-SIGFOX1.3.2.0
2024-01-21 15:24:29,968 [WARN] PackLoader:240 - Cannot read IP mode file for STMicroelectronics.X-CUBE-GNSS1.6.0.0
2024-01-21 15:24:30,122 [WARN] PackLoader:240 - Cannot read IP mode file for STMicroelectronics.X-CUBE-AZRTOS-F4.1.1.0
2024-01-21 15:24:30,148 [WARN] PackLoader:240 - Cannot read IP mode file for wolfSSL.I-CUBE-wolfSSL.5.6.4
2024-01-21 15:24:30,222 [WARN] PackLoader:240 - Cannot read IP mode file for STMicroelectronics.X-CUBE-AZRTOS-L5.2.0.0
2024-01-21 15:24:30,351 [WARN] PackLoader:240 - Cannot read IP mode file for STMicroelectronics.X-CUBE-EEPRMA1.4.2.0
2024-01-21 15:24:30,368 [WARN] PackLoader:240 - Cannot read IP mode file for ITTIA_DB.I-CUBE-ITTIADB.8.8.0
2024-01-21 15:24:30,403 [WARN] PackLoader:240 - Cannot read IP mode file for STMicroelectronics.X-CUBE-NFC7.1.0.1
2024-01-21 15:24:30,428 [WARN] PackLoader:240 - Cannot read IP mode file for STMicroelectronics.X-CUBE-NFC6.3.0.0
2024-01-21 15:24:30,449 [WARN] PackLoader:240 - Cannot read IP mode file for STMicroelectronics.X-CUBE-AI.8.1.0
2024-01-21 15:24:30,550 [WARN] ConditionMgr:438 - getConditionDescription Invalid condition id : LAN8742 Phy interface Condition cause : null
2024-01-21 15:24:30,551 [WARN] PackLoader:240 - Cannot read IP mode file for STMicroelectronics.X-CUBE-AZRTOS-L4.2.0.0
2024-01-21 15:24:30,554 [WARN] ConditionMgr:1039 - genDependencies : Invalid condition id : LAN8742 Phy interface Condition cause : null
2024-01-21 15:24:30,554 [WARN] ConditionMgr:1039 - genDependencies : Invalid condition id : LAN8742 Phy interface Condition cause : null
2024-01-21 15:24:30,556 [WARN] ConditionMgr:1039 - genDependencies : Invalid condition id : LAN8742 Phy interface Condition cause : null
2024-01-21 15:24:30,602 [WARN] PackLoader:240 - Cannot read IP mode file for STMicroelectronics.X-CUBE-SFXS2LP1.4.0.0
2024-01-21 15:24:30,640 [WARN] ConditionMgr:438 - getConditionDescription Invalid condition id : UX DEVICE CLASS RTOS Condition cause : null
2024-01-21 15:24:30,641 [WARN] ConditionMgr:438 - getConditionDescription Invalid condition id : UX DEVICE CLASS RTOS Condition cause : null
2024-01-21 15:24:30,666 [WARN] PackLoader:240 - Cannot read IP mode file for STMicroelectronics.X-CUBE-AZRTOS-WB.2.0.0
2024-01-21 15:24:30,731 [WARN] ConditionMgr:1039 - genDependencies : Invalid condition id : UX DEVICE CLASS RTOS Condition cause : null
2024-01-21 15:24:30,732 [WARN] ConditionMgr:1039 - genDependencies : Invalid condition id : UX DEVICE CLASS RTOS Condition cause : null
2024-01-21 15:24:30,734 [WARN] ConditionMgr:1039 - genDependencies : Invalid condition id : UX DEVICE CLASS RTOS Condition cause : null
2024-01-21 15:24:30,745 [WARN] ConditionMgr:1039 - genDependencies : Invalid condition id : UX DEVICE CLASS RTOS Condition cause : null
2024-01-21 15:24:30,745 [WARN] ConditionMgr:1039 - genDependencies : Invalid condition id : UX DEVICE CLASS RTOS Condition cause : null
2024-01-21 15:24:30,819 [WARN] PackLoader:240 - Cannot read IP mode file for STMicroelectronics.X-CUBE-SUBG2.5.0.0
2024-01-21 15:24:31,122 [WARN] PackLoader:240 - Cannot read IP mode file for STMicroelectronics.X-CUBE-AZRTOS-G4.2.0.0
2024-01-21 15:24:31,227 [WARN] PackLoader:240 - Cannot read IP mode file for Infineon.AIROC-Wi-Fi-Bluetooth-STM32.1.5.1
2024-01-21 15:24:31,253 [WARN] PackLoader:240 - Cannot read IP mode file for STMicroelectronics.FP-SNS-MOTENVWB1.1.3.1
2024-01-21 15:24:31,275 [WARN] PackLoader:240 - Cannot read IP mode file for STMicroelectronics.X-CUBE-ISPU.2.0.0
2024-01-21 15:24:31,413 [INFO] WebApp:780 - Register for checkConnection events
2024-01-21 15:24:31,413 [INFO] WebApp:414 - Apply proxy settings
2024-01-21 15:24:31,415 [INFO] WebApp:499 - Chromium requires no authentication
2024-01-21 15:24:31,471 [INFO] WebApp:442 - Direct internet connection detected
2024-01-21 15:24:31,481 [WARN] PackLoader:240 - Cannot read IP mode file for STMicroelectronics.X-CUBE-MEMS1.10.0.0
2024-01-21 15:24:32,028 [WARN] PackLoader:240 - Cannot read IP mode file for STMicroelectronics.X-CUBE-FREERTOS.1.1.0
2024-01-21 15:24:32,043 [WARN] PackLoader:240 - Cannot read IP mode file for portGmbH.I-Cube-SoM-uGOAL.1.1.0
2024-01-21 15:24:32,054 [WARN] PackLoader:240 - Cannot read IP mode file for STMicroelectronics.X-CUBE-ALS.1.0.1
2024-01-21 15:24:32,070 [WARN] PackLoader:240 - Cannot read IP mode file for STMicroelectronics.FP-ATR-ASTRA1.2.0.0
2024-01-21 15:24:32,098 [WARN] PackLoader:240 - Cannot read IP mode file for STMicroelectronics.X-CUBE-TOF1.3.4.0
2024-01-21 15:24:32,150 [INFO] WebApp:192 - Starting web application
2024-01-21 15:24:32,151 [INFO] WebApp:544 - Web application path used D:\hocviec\download\STM32CubeIDE_1.14.0\STM32CubeIDE\plugins\com.st.stm32cube.common.mx_6.10.0.202311202037\db\plugins\mcufinder\reactClient1\index.html
2024-01-21 15:24:32,242 [WARN] PackLoader:240 - Cannot read IP mode file for STMicroelectronics.X-CUBE-AZRTOS-H7.3.2.0
2024-01-21 15:24:32,250 [INFO] ThirdParty:978 - Integrity check success = true
2024-01-21 15:24:32,251 [INFO] IntegrityCheckThread:100 - exiting critical section [integrity check]
2024-01-21 15:24:32,255 [INFO] IntegrityCheckThread:103 - End integrity checks thread
2024-01-21 15:24:54,492 [ERROR] LogOutputStream:75 - [STDERR_REDIRECT] SLF4J: Failed to load class "org.slf4j.impl.StaticLoggerBinder".
2024-01-21 15:24:54,493 [ERROR] LogOutputStream:75 - [STDERR_REDIRECT] SLF4J: Defaulting to no-operation (NOP) logger implementation
2024-01-21 15:24:54,507 [ERROR] LogOutputStream:75 - [STDERR_REDIRECT] SLF4J: See http://www.slf4j.org/codes.html#StaticLoggerBinder for further details.
2024-01-21 21:18:16,890 [INFO] Activator:176 - 


2024-01-21 21:18:16,894 [INFO] Activator:177 - !SESSION log4j initialized
2024-01-21 21:18:29,530 [INFO] LogOutputStream:77 - [STDOUT_REDIRECT] 
2024-01-21 21:18:32,115 [INFO] ApplicationProperties:184 - Using Application install path: D:\hocviec\download\STM32CubeIDE_1.14.0\STM32CubeIDE\plugins\com.st.stm32cube.common.mx_6.10.0.202311202037
2024-01-21 21:18:32,162 [INFO] DbMcusXml:78 - Set database path to: D:\hocviec\download\STM32CubeIDE_1.14.0\STM32CubeIDE\plugins\com.st.stm32cube.common.mx_6.10.0.202311202037\\db\/mcu/
2024-01-21 21:18:32,163 [INFO] ApiDb:274 - Set plugin database path to: D:\hocviec\download\STM32CubeIDE_1.14.0\STM32CubeIDE\plugins\com.st.stm32cube.common.mx_6.10.0.202311202037\\db\/plugins/boardmanager/
2024-01-21 21:18:32,163 [WARN] ApiDb:259 - Overriding images path with different value:  => D:\hocviec\download\STM32CubeIDE_1.14.0\STM32CubeIDE\plugins\com.st.stm32cube.common.mx_6.10.0.202311202037\\db\/plugins/mcufinder/images/
2024-01-21 21:18:32,177 [INFO] ApiDb:250 - Set database path to: C:\Users\Admin\.stmcufinder\plugins\mcufinder//mcu/
2024-01-21 21:18:32,179 [INFO] DbMcusAds:125 - Set database path to: C:\Users\Admin\.stmcufinder\plugins\mcufinder//mcu/
2024-01-21 21:18:32,185 [INFO] CrossReferenceDbSqlite:203 - Set database path to: C:\Users\Admin\.stmcufinder\plugins\mcufinder//mcu/cs/
2024-01-21 21:18:32,436 [INFO] RulesReader:64 - Compatibility file has been processed (297 Rules)
2024-01-21 21:18:32,644 [INFO] DbMcusXml:78 - Set database path to: D:\hocviec\download\STM32CubeIDE_1.14.0\STM32CubeIDE\plugins\com.st.stm32cube.common.mx_6.10.0.202311202037\\db\/mcu/
2024-01-21 21:18:32,644 [INFO] ApiDb:274 - Set plugin database path to: D:\hocviec\download\STM32CubeIDE_1.14.0\STM32CubeIDE\plugins\com.st.stm32cube.common.mx_6.10.0.202311202037\\db\/plugins/boardmanager/
2024-01-21 21:18:32,645 [INFO] ApiDb:261 - Set plugin images path to: D:\hocviec\download\STM32CubeIDE_1.14.0\STM32CubeIDE\plugins\com.st.stm32cube.common.mx_6.10.0.202311202037\\db\/plugins/mcufinder/images/
2024-01-21 21:18:32,645 [WARN] DbFile:41 - Overriding database path with different value: C:\Users\Admin\.stmcufinder\plugins\mcufinder/ => C:\Users\Admin\.stmcufinder\plugins\mcufinder
2024-01-21 21:18:32,645 [INFO] ApiDb:250 - Set database path to: C:\Users\Admin\.stmcufinder\plugins\mcufinder//mcu/
2024-01-21 21:18:32,645 [WARN] DbFile:41 - Overriding database path with different value: C:\Users\Admin\.stmcufinder\plugins\mcufinder/ => C:\Users\Admin\.stmcufinder\plugins\mcufinder
2024-01-21 21:18:32,646 [INFO] DbMcusAds:125 - Set database path to: C:\Users\Admin\.stmcufinder\plugins\mcufinder//mcu/
2024-01-21 21:18:32,646 [WARN] DbFile:41 - Overriding database path with different value: C:\Users\Admin\.stmcufinder\plugins\mcufinder/ => C:\Users\Admin\.stmcufinder\plugins\mcufinder
2024-01-21 21:18:32,646 [WARN] DbFile:41 - Overriding database path with different value: C:\Users\Admin\.stmcufinder\plugins\mcufinder/ => C:\Users\Admin\.stmcufinder\plugins\mcufinder
2024-01-21 21:18:32,646 [INFO] CrossReferenceDbSqlite:203 - Set database path to: C:\Users\Admin\.stmcufinder\plugins\mcufinder//mcu/cs/
2024-01-21 21:18:32,811 [INFO] MainPanel:264 - HeapMemory: 268435456
2024-01-21 21:18:32,970 [INFO] DbMcusXml:78 - Set database path to: D:\hocviec\download\STM32CubeIDE_1.14.0\STM32CubeIDE\plugins\com.st.stm32cube.common.mx_6.10.0.202311202037\\db\/mcu/
2024-01-21 21:18:32,971 [INFO] ApiDb:274 - Set plugin database path to: D:\hocviec\download\STM32CubeIDE_1.14.0\STM32CubeIDE\plugins\com.st.stm32cube.common.mx_6.10.0.202311202037\\db\/plugins/boardmanager/
2024-01-21 21:18:32,971 [INFO] ApiDb:261 - Set plugin images path to: D:\hocviec\download\STM32CubeIDE_1.14.0\STM32CubeIDE\plugins\com.st.stm32cube.common.mx_6.10.0.202311202037\\db\/plugins/mcufinder/images/
2024-01-21 21:18:32,971 [WARN] DbFile:41 - Overriding database path with different value: C:\Users\Admin\.stmcufinder\plugins\mcufinder/ => C:\Users\Admin\.stmcufinder\plugins\mcufinder
2024-01-21 21:18:32,972 [INFO] ApiDb:250 - Set database path to: C:\Users\Admin\.stmcufinder\plugins\mcufinder//mcu/
2024-01-21 21:18:32,972 [WARN] DbFile:41 - Overriding database path with different value: C:\Users\Admin\.stmcufinder\plugins\mcufinder/ => C:\Users\Admin\.stmcufinder\plugins\mcufinder
2024-01-21 21:18:32,972 [INFO] DbMcusAds:125 - Set database path to: C:\Users\Admin\.stmcufinder\plugins\mcufinder//mcu/
2024-01-21 21:18:32,972 [WARN] DbFile:41 - Overriding database path with different value: C:\Users\Admin\.stmcufinder\plugins\mcufinder/ => C:\Users\Admin\.stmcufinder\plugins\mcufinder
2024-01-21 21:18:32,972 [WARN] DbFile:41 - Overriding database path with different value: C:\Users\Admin\.stmcufinder\plugins\mcufinder/ => C:\Users\Admin\.stmcufinder\plugins\mcufinder
2024-01-21 21:18:32,972 [INFO] CrossReferenceDbSqlite:203 - Set database path to: C:\Users\Admin\.stmcufinder\plugins\mcufinder//mcu/cs/
2024-01-21 21:18:33,005 [INFO] ApplicationProperties:184 - Using Application install path: D:\hocviec\download\STM32CubeIDE_1.14.0\STM32CubeIDE\plugins\com.st.stm32cube.common.mx_6.10.0.202311202037
2024-01-21 21:18:33,009 [INFO] PluginManage:196 - Search for loadable plugins [exclusion list=, ]
2024-01-21 21:18:33,013 [INFO] PluginManage:310 - Check plugin analytics
2024-01-21 21:18:33,328 [INFO] AnalyticsPlugin:253 - Accepted Software Licenses: 
2024-01-21 21:18:33,329 [INFO] AnalyticsPlugin:255 - Accepted CMSIS Pack Licenses: 
2024-01-21 21:18:33,329 [INFO] AnalyticsPlugin:257 - Accepted Firmware Licenses: FW.F4.1.28.0
2024-01-21 21:18:33,337 [INFO] PluginManage:359 - Loaded plugin analytics (category:tool,tabindex:-1)
2024-01-21 21:18:33,338 [INFO] PluginManage:310 - Check plugin cadmodel
2024-01-21 21:18:33,350 [INFO] CADModel:105 - Init CAD model plugin
2024-01-21 21:18:33,350 [INFO] PluginManage:359 - Loaded plugin cadmodel (category:power,tabindex:5)
2024-01-21 21:18:33,351 [INFO] PluginManage:310 - Check plugin clock
2024-01-21 21:18:33,374 [INFO] PluginManage:359 - Loaded plugin clock (category:base,tabindex:2)
2024-01-21 21:18:33,374 [INFO] PluginManage:310 - Check plugin ddr
2024-01-21 21:18:33,378 [INFO] PluginManage:359 - Loaded plugin ddr (category:tool,tabindex:6)
2024-01-21 21:18:33,378 [INFO] PluginManage:310 - Check plugin filemanager
2024-01-21 21:18:33,619 [INFO] PluginManage:359 - Loaded plugin filemanager (category:base,tabindex:10)
2024-01-21 21:18:33,620 [INFO] PluginManage:310 - Check plugin ipmanager
2024-01-21 21:18:33,631 [INFO] PluginManage:359 - Loaded plugin ipmanager (category:base,tabindex:5)
2024-01-21 21:18:33,632 [INFO] PluginManage:310 - Check plugin lpbam
2024-01-21 21:18:33,645 [INFO] PluginManage:359 - Loaded plugin lpbam (category:base,tabindex:0)
2024-01-21 21:18:33,645 [INFO] PluginManage:310 - Check plugin memorymap
2024-01-21 21:18:33,673 [INFO] PluginManage:359 - Loaded plugin memorymap (category:base,tabindex:4)
2024-01-21 21:18:33,673 [INFO] PluginManage:310 - Check plugin pinoutandconfiguration
2024-01-21 21:18:33,688 [INFO] PluginManage:359 - Loaded plugin pinoutandconfiguration (category:base,tabindex:1)
2024-01-21 21:18:33,688 [INFO] PluginManage:310 - Check plugin pinoutconfig
2024-01-21 21:18:33,837 [WARN] SupportedApi:132 - Cannot load RTOS API schema: s4s-elt-must-match.1: The content of 'definitions' must match (annotation?, (simpleType | complexType)?, (unique | key | keyref)*)). A problem was found starting at: attribute.
2024-01-21 21:18:34,111 [INFO] PluginManage:359 - Loaded plugin pinoutconfig (category:base,tabindex:0)
2024-01-21 21:18:34,111 [INFO] PluginManage:310 - Check plugin power
2024-01-21 21:18:34,133 [INFO] PluginManage:359 - Loaded plugin power (category:power,tabindex:4)
2024-01-21 21:18:34,133 [INFO] PluginManage:310 - Check plugin projectmanager
2024-01-21 21:18:34,171 [INFO] PluginManage:359 - Loaded plugin projectmanager (category:projectmanager,tabindex:3)
2024-01-21 21:18:34,171 [INFO] PluginManage:310 - Check plugin thirdparty
2024-01-21 21:18:34,487 [INFO] PluginManage:359 - Loaded plugin thirdparty (category:base,tabindex:-1)
2024-01-21 21:18:34,487 [WARN] IntegrityCheckThread:84 - waiting for thirdparty lock release [integrity check]
2024-01-21 21:18:34,488 [INFO] PluginManage:310 - Check plugin tools
2024-01-21 21:18:34,488 [INFO] IntegrityCheckThread:86 - entering critical section [integrity check]
2024-01-21 21:18:34,489 [INFO] ThirdPartyUpdaterWithRetryManager:70 - Updater plugin not ready yet. [1/15]
2024-01-21 21:18:34,493 [INFO] PluginManage:359 - Loaded plugin tools (category:base,tabindex:7)
2024-01-21 21:18:34,493 [INFO] PluginManage:310 - Check plugin tutovideos
2024-01-21 21:18:34,878 [INFO] PluginManage:359 - Loaded plugin tutovideos (category:base,tabindex:-1)
2024-01-21 21:18:34,878 [INFO] PluginManage:310 - Check plugin updater
2024-01-21 21:18:34,911 [INFO] PluginManage:359 - Loaded plugin updater (category:base,tabindex:12)
2024-01-21 21:18:34,911 [INFO] PluginManage:310 - Check plugin userauth
2024-01-21 21:18:34,923 [INFO] UserAuth:114 - Init User Auth plugin
2024-01-21 21:18:34,923 [INFO] PluginManage:359 - Loaded plugin userauth (category:base,tabindex:14)
2024-01-21 21:18:34,924 [INFO] PluginManage:283 - PluginManage : Loaded plugins [17]
2024-01-21 21:18:35,441 [INFO] PinOutPanel:1499 - setPackage(No Configuration,No Configuration)
2024-01-21 21:18:35,589 [INFO] CADModel:165 - CPN selected for project level
2024-01-21 21:18:35,589 [INFO] CADModel:114 - Register for checkConnection events
2024-01-21 21:18:35,617 [INFO] IPUIPlugin:80 - create IPUIPlugin
2024-01-21 21:18:35,617 [INFO] PluginManager:220 - loadIPPluginJar : add adc
2024-01-21 21:18:35,621 [INFO] IPUIPlugin:80 - create IPUIPlugin
2024-01-21 21:18:35,621 [INFO] PluginManager:220 - loadIPPluginJar : add aes
2024-01-21 21:18:35,625 [INFO] IPUIPlugin:80 - create IPUIPlugin
2024-01-21 21:18:35,625 [INFO] PluginManager:220 - loadIPPluginJar : add can
2024-01-21 21:18:35,628 [INFO] IPUIPlugin:80 - create IPUIPlugin
2024-01-21 21:18:35,628 [INFO] PluginManager:220 - loadIPPluginJar : add comp
2024-01-21 21:18:35,633 [INFO] IPUIPlugin:80 - create IPUIPlugin
2024-01-21 21:18:35,634 [INFO] PluginManager:220 - loadIPPluginJar : add cryp
2024-01-21 21:18:35,639 [INFO] IPUIPlugin:80 - create IPUIPlugin
2024-01-21 21:18:35,639 [INFO] PluginManager:220 - loadIPPluginJar : add dfsdm
2024-01-21 21:18:35,646 [INFO] IPUIPlugin:80 - create IPUIPlugin
2024-01-21 21:18:35,647 [INFO] PluginManager:220 - loadIPPluginJar : add dma
2024-01-21 21:18:35,652 [INFO] IPUIPlugin:80 - create IPUIPlugin
2024-01-21 21:18:35,652 [INFO] PluginManager:220 - loadIPPluginJar : add dma3
2024-01-21 21:18:35,655 [INFO] IPUIPlugin:80 - create IPUIPlugin
2024-01-21 21:18:35,655 [INFO] PluginManager:220 - loadIPPluginJar : add fatfs
2024-01-21 21:18:35,664 [INFO] IPUIPlugin:80 - create IPUIPlugin
2024-01-21 21:18:35,665 [INFO] PluginManager:220 - loadIPPluginJar : add fmc
2024-01-21 21:18:35,673 [INFO] IPUIPlugin:80 - create IPUIPlugin
2024-01-21 21:18:35,674 [INFO] PluginManager:220 - loadIPPluginJar : add freertos
2024-01-21 21:18:35,676 [INFO] IPUIPlugin:80 - create IPUIPlugin
2024-01-21 21:18:35,676 [INFO] PluginManager:220 - loadIPPluginJar : add genericplugin
2024-01-21 21:18:35,680 [INFO] IPUIPlugin:80 - create IPUIPlugin
2024-01-21 21:18:35,682 [INFO] PluginManager:220 - loadIPPluginJar : add gfxmmu
2024-01-21 21:18:35,692 [INFO] IPUIPlugin:80 - create IPUIPlugin
2024-01-21 21:18:35,692 [INFO] PluginManager:220 - loadIPPluginJar : add gic
2024-01-21 21:18:35,700 [INFO] IPUIPlugin:80 - create IPUIPlugin
2024-01-21 21:18:35,701 [INFO] PluginManager:220 - loadIPPluginJar : add gpio
2024-01-21 21:18:35,707 [INFO] IPUIPlugin:80 - create IPUIPlugin
2024-01-21 21:18:35,707 [INFO] PluginManager:220 - loadIPPluginJar : add gtzc
2024-01-21 21:18:35,713 [INFO] IPUIPlugin:80 - create IPUIPlugin
2024-01-21 21:18:35,713 [INFO] PluginManager:220 - loadIPPluginJar : add hash
2024-01-21 21:18:35,719 [INFO] IPUIPlugin:80 - create IPUIPlugin
2024-01-21 21:18:35,719 [INFO] PluginManager:220 - loadIPPluginJar : add i2c
2024-01-21 21:18:35,723 [INFO] IPUIPlugin:80 - create IPUIPlugin
2024-01-21 21:18:35,724 [INFO] PluginManager:220 - loadIPPluginJar : add i2s
2024-01-21 21:18:35,729 [INFO] IPUIPlugin:80 - create IPUIPlugin
2024-01-21 21:18:35,730 [INFO] PluginManager:220 - loadIPPluginJar : add i3c
2024-01-21 21:18:35,736 [INFO] IPUIPlugin:80 - create IPUIPlugin
2024-01-21 21:18:35,736 [INFO] PluginManager:220 - loadIPPluginJar : add ipddr
2024-01-21 21:18:35,748 [INFO] IPUIPlugin:80 - create IPUIPlugin
2024-01-21 21:18:35,748 [INFO] PluginManager:220 - loadIPPluginJar : add linkedlist
2024-01-21 21:18:35,754 [INFO] IPUIPlugin:80 - create IPUIPlugin
2024-01-21 21:18:35,755 [INFO] PluginManager:220 - loadIPPluginJar : add lorawan
2024-01-21 21:18:35,759 [INFO] IPUIPlugin:80 - create IPUIPlugin
2024-01-21 21:18:35,759 [INFO] PluginManager:220 - loadIPPluginJar : add ltdc
2024-01-21 21:18:35,771 [INFO] IPUIPlugin:80 - create IPUIPlugin
2024-01-21 21:18:35,771 [INFO] PluginManager:220 - loadIPPluginJar : add mdma
2024-01-21 21:18:35,778 [INFO] IPUIPlugin:80 - create IPUIPlugin
2024-01-21 21:18:35,779 [INFO] PluginManager:220 - loadIPPluginJar : add nvic
2024-01-21 21:18:35,787 [INFO] IPUIPlugin:80 - create IPUIPlugin
2024-01-21 21:18:35,787 [INFO] PluginManager:220 - loadIPPluginJar : add opamp
2024-01-21 21:18:35,793 [INFO] IPUIPlugin:80 - create IPUIPlugin
2024-01-21 21:18:35,794 [INFO] PluginManager:220 - loadIPPluginJar : add openamp
2024-01-21 21:18:35,800 [INFO] IPUIPlugin:80 - create IPUIPlugin
2024-01-21 21:18:35,800 [INFO] PluginManager:220 - loadIPPluginJar : add pdm2pcm
2024-01-21 21:18:35,812 [INFO] IPUIPlugin:80 - create IPUIPlugin
2024-01-21 21:18:35,818 [INFO] PluginManager:220 - loadIPPluginJar : add plateformsettings
2024-01-21 21:18:35,821 [INFO] IPUIPlugin:80 - create IPUIPlugin
2024-01-21 21:18:35,822 [INFO] PluginManager:220 - loadIPPluginJar : add quadspi
2024-01-21 21:18:35,829 [INFO] IPUIPlugin:80 - create IPUIPlugin
2024-01-21 21:18:35,829 [INFO] PluginManager:220 - loadIPPluginJar : add resmgrutility
2024-01-21 21:18:35,836 [INFO] IPUIPlugin:80 - create IPUIPlugin
2024-01-21 21:18:35,836 [INFO] PluginManager:220 - loadIPPluginJar : add sai
2024-01-21 21:18:35,842 [INFO] IPUIPlugin:80 - create IPUIPlugin
2024-01-21 21:18:35,842 [INFO] PluginManager:220 - loadIPPluginJar : add spi
2024-01-21 21:18:35,849 [INFO] IPUIPlugin:80 - create IPUIPlugin
2024-01-21 21:18:35,849 [INFO] PluginManager:220 - loadIPPluginJar : add stm32_wpan
2024-01-21 21:18:35,853 [INFO] IPUIPlugin:80 - create IPUIPlugin
2024-01-21 21:18:35,853 [INFO] PluginManager:220 - loadIPPluginJar : add tim
2024-01-21 21:18:35,869 [INFO] IPUIPlugin:80 - create IPUIPlugin
2024-01-21 21:18:35,869 [INFO] PluginManager:220 - loadIPPluginJar : add touchsensing
2024-01-21 21:18:35,873 [INFO] IPUIPlugin:80 - create IPUIPlugin
2024-01-21 21:18:35,873 [INFO] PluginManager:220 - loadIPPluginJar : add tracer_emb
2024-01-21 21:18:35,877 [INFO] IPUIPlugin:80 - create IPUIPlugin
2024-01-21 21:18:35,877 [INFO] PluginManager:220 - loadIPPluginJar : add ts
2024-01-21 21:18:35,880 [INFO] IPUIPlugin:80 - create IPUIPlugin
2024-01-21 21:18:35,880 [INFO] PluginManager:220 - loadIPPluginJar : add tsc
2024-01-21 21:18:35,884 [INFO] IPUIPlugin:80 - create IPUIPlugin
2024-01-21 21:18:35,885 [INFO] PluginManager:220 - loadIPPluginJar : add ucpd
2024-01-21 21:18:35,890 [INFO] IPUIPlugin:80 - create IPUIPlugin
2024-01-21 21:18:35,891 [INFO] PluginManager:220 - loadIPPluginJar : add usart
2024-01-21 21:18:35,897 [INFO] IPUIPlugin:80 - create IPUIPlugin
2024-01-21 21:18:35,897 [INFO] PluginManager:220 - loadIPPluginJar : add usbx
2024-01-21 21:18:36,078 [INFO] CADModel:165 - CPN selected for project level
2024-01-21 21:18:36,078 [INFO] CADModel:114 - Register for checkConnection events
2024-01-21 21:18:36,079 [FATAL] Updater:308 - Updater called before beeing initialized
2024-01-21 21:18:36,079 [ERROR] CADModel:125 - Updater not yet initialized, retry later 
2024-01-21 21:18:36,311 [INFO] CADModel:165 - CPN selected for project level
2024-01-21 21:18:36,312 [INFO] CADModel:114 - Register for checkConnection events
2024-01-21 21:18:36,312 [FATAL] Updater:308 - Updater called before beeing initialized
2024-01-21 21:18:36,312 [ERROR] CADModel:125 - Updater not yet initialized, retry later 
2024-01-21 21:18:36,317 [FATAL] Updater:308 - Updater called before beeing initialized
2024-01-21 21:18:36,536 [FATAL] Updater:308 - Updater called before beeing initialized
2024-01-21 21:18:36,541 [INFO] DbMcusAds:53 - JSON generation date=Wed Nov 29 17:52:27 ICT 2023 (1701255147200)
2024-01-21 21:18:36,542 [FATAL] Updater:308 - Updater called before beeing initialized
2024-01-21 21:18:36,621 [WARN] DetailPanel:346 - Failed to get advertising image, set to default
2024-01-21 21:18:36,802 [FATAL] Updater:308 - Updater called before beeing initialized
2024-01-21 21:18:36,805 [FATAL] Updater:308 - Updater called before beeing initialized
2024-01-21 21:18:36,805 [FATAL] Updater:308 - Updater called before beeing initialized
2024-01-21 21:18:36,805 [WARN] DetailPanel:346 - Failed to get advertising image, set to default
2024-01-21 21:18:36,807 [FATAL] Updater:308 - Updater called before beeing initialized
2024-01-21 21:18:36,908 [ERROR] Updater:1120 - MainUpdater not yet initialized. External WinMGr cannot be set.
2024-01-21 21:18:36,913 [INFO] Updater:1056 - Updater Version found : 6.10.0
2024-01-21 21:18:36,952 [INFO] ApplicationProperties:184 - Using Application install path: D:\hocviec\download\STM32CubeIDE_1.14.0\STM32CubeIDE\plugins\com.st.stm32cube.common.mx_6.10.0.202311202037
2024-01-21 21:18:37,490 [INFO] ThirdPartyUpdaterWithRetryManager:70 - Updater plugin not ready yet. [2/15]
2024-01-21 21:18:37,584 [INFO] MainUpdater:2873 - connection check result : 10
2024-01-21 21:18:37,586 [INFO] MainUpdater:290 - Updater Check For Update Now.
2024-01-21 21:18:37,586 [INFO] MicroXplorer:498 - Change Database Version : DB.6.0.100
2024-01-21 21:18:37,597 [INFO] McuFinderGlobals:63 - Set McuFinder mode to 2 (CubeIDE integrated)
2024-01-21 21:18:37,943 [INFO] CheckServerUpdateThread:120 - End of CheckServer Thread
2024-01-21 21:18:38,237 [INFO] UserAuth:404 - Internet connection configuration mode: 1
2024-01-21 21:18:38,262 [INFO] JxBrowserEngine:152 - Initiate JxBrowser Engine with user profile folder
2024-01-21 21:18:40,179 [INFO] WebApp:161 - Instantiating new browser for Auth
2024-01-21 21:18:41,065 [WARN] PackLoader:240 - Cannot read IP mode file for STMicroelectronics.X-CUBE-SMBUS.2.1.0
2024-01-21 21:18:41,083 [WARN] PackLoader:240 - Cannot read IP mode file for STMicroelectronics.X-CUBE-TOUCHGFX.4.23.0
2024-01-21 21:18:41,188 [WARN] PackLoader:240 - Cannot read IP mode file for STMicroelectronics.X-CUBE-AZRTOS-F7.1.1.0
2024-01-21 21:18:41,213 [WARN] PackLoader:240 - Cannot read IP mode file for STMicroelectronics.FP-SNS-MOTENV1.4.3.2
2024-01-21 21:18:41,246 [WARN] PackLoader:240 - Cannot read IP mode file for STMicroelectronics.FP-SNS-FLIGHT1.5.0.2
2024-01-21 21:18:41,291 [WARN] PackLoader:240 - Cannot read IP mode file for STMicroelectronics.X-CUBE-DISPLAY.3.0.0
2024-01-21 21:18:41,320 [WARN] PackLoader:240 - Cannot read IP mode file for STMicroelectronics.X-CUBE-BLE1.7.0.0
2024-01-21 21:18:41,337 [WARN] PackLoader:240 - Cannot read IP mode file for emotas.I-CUBE-CANOPEN.1.3.0
2024-01-21 21:18:41,346 [WARN] PackLoader:240 - Cannot read IP mode file for STMicroelectronics.X-CUBE-TOUCHGFX.4.22.1
2024-01-21 21:18:41,356 [WARN] PackLoader:240 - Cannot read IP mode file for STMicroelectronics.FP-SNS-SMARTAG2.1.2.0
2024-01-21 21:18:41,405 [INFO] LogOutputStream:77 - [STDOUT_REDIRECT] 1 : Invalid condition id : UX_CORESTACK_Condition cause : null
2024-01-21 21:18:41,406 [INFO] LogOutputStream:77 - [STDOUT_REDIRECT] 1 : Invalid condition id : UX_CORESTACK_Condition cause : null
2024-01-21 21:18:41,410 [INFO] LogOutputStream:77 - [STDOUT_REDIRECT] 1 : Invalid condition id : UX_CORESTACK_Condition cause : null
2024-01-21 21:18:41,416 [INFO] LogOutputStream:77 - [STDOUT_REDIRECT] 1 : Invalid condition id : UX_CORESTACK_Condition cause : null
2024-01-21 21:18:41,419 [INFO] LogOutputStream:77 - [STDOUT_REDIRECT] 1 : Invalid condition id : UX_CORESTACK_Condition cause : null
2024-01-21 21:18:41,431 [WARN] PackLoader:240 - Cannot read IP mode file for STMicroelectronics.X-CUBE-AZRTOS-WL.2.0.0
2024-01-21 21:18:41,455 [WARN] PackLoader:240 - Cannot read IP mode file for WES.I-CUBE-Cesium.1.3.0
2024-01-21 21:18:41,467 [WARN] PackLoader:240 - Cannot read IP mode file for STMicroelectronics.X-CUBE-BLE2.3.3.0
2024-01-21 21:18:41,485 [WARN] PackLoader:240 - Cannot read IP mode file for STMicroelectronics.X-CUBE-ALGOBUILD.1.3.0
2024-01-21 21:18:41,540 [WARN] PackLoader:240 - Cannot read IP mode file for STMicroelectronics.X-CUBE-AZRTOS-G0.1.1.0
2024-01-21 21:18:41,557 [WARN] PackLoader:240 - Cannot read IP mode file for STMicroelectronics.X-CUBE-NFC4.3.0.0
2024-01-21 21:18:41,583 [WARN] PackLoader:240 - Cannot read IP mode file for STMicroelectronics.X-CUBE-BLEMGR.3.0.0
2024-01-21 21:18:41,598 [WARN] PackLoader:240 - Cannot read IP mode file for STMicroelectronics.FP-ATR-SIGFOX1.3.2.0
2024-01-21 21:18:41,613 [WARN] PackLoader:240 - Cannot read IP mode file for STMicroelectronics.X-CUBE-GNSS1.6.0.0
2024-01-21 21:18:41,677 [WARN] PackLoader:240 - Cannot read IP mode file for STMicroelectronics.X-CUBE-AZRTOS-F4.1.1.0
2024-01-21 21:18:41,695 [WARN] PackLoader:240 - Cannot read IP mode file for wolfSSL.I-CUBE-wolfSSL.5.6.4
2024-01-21 21:18:41,733 [WARN] PackLoader:240 - Cannot read IP mode file for STMicroelectronics.X-CUBE-AZRTOS-L5.2.0.0
2024-01-21 21:18:41,777 [WARN] PackLoader:240 - Cannot read IP mode file for STMicroelectronics.X-CUBE-EEPRMA1.4.2.0
2024-01-21 21:18:41,794 [WARN] PackLoader:240 - Cannot read IP mode file for ITTIA_DB.I-CUBE-ITTIADB.8.8.0
2024-01-21 21:18:41,806 [WARN] PackLoader:240 - Cannot read IP mode file for STMicroelectronics.X-CUBE-NFC7.1.0.1
2024-01-21 21:18:41,823 [WARN] PackLoader:240 - Cannot read IP mode file for STMicroelectronics.X-CUBE-NFC6.3.0.0
2024-01-21 21:18:41,837 [WARN] PackLoader:240 - Cannot read IP mode file for STMicroelectronics.X-CUBE-AI.8.1.0
2024-01-21 21:18:41,891 [WARN] ConditionMgr:438 - getConditionDescription Invalid condition id : LAN8742 Phy interface Condition cause : null
2024-01-21 21:18:41,908 [WARN] PackLoader:240 - Cannot read IP mode file for STMicroelectronics.X-CUBE-AZRTOS-L4.2.0.0
2024-01-21 21:18:41,911 [WARN] ConditionMgr:1039 - genDependencies : Invalid condition id : LAN8742 Phy interface Condition cause : null
2024-01-21 21:18:41,912 [WARN] ConditionMgr:1039 - genDependencies : Invalid condition id : LAN8742 Phy interface Condition cause : null
2024-01-21 21:18:41,914 [WARN] ConditionMgr:1039 - genDependencies : Invalid condition id : LAN8742 Phy interface Condition cause : null
2024-01-21 21:18:41,931 [WARN] PackLoader:240 - Cannot read IP mode file for STMicroelectronics.X-CUBE-SFXS2LP1.4.0.0
2024-01-21 21:18:41,958 [WARN] ConditionMgr:438 - getConditionDescription Invalid condition id : UX DEVICE CLASS RTOS Condition cause : null
2024-01-21 21:18:41,958 [WARN] ConditionMgr:438 - getConditionDescription Invalid condition id : UX DEVICE CLASS RTOS Condition cause : null
2024-01-21 21:18:41,963 [WARN] PackLoader:240 - Cannot read IP mode file for STMicroelectronics.X-CUBE-AZRTOS-WB.2.0.0
2024-01-21 21:18:41,964 [WARN] ConditionMgr:1039 - genDependencies : Invalid condition id : UX DEVICE CLASS RTOS Condition cause : null
2024-01-21 21:18:41,964 [WARN] ConditionMgr:1039 - genDependencies : Invalid condition id : UX DEVICE CLASS RTOS Condition cause : null
2024-01-21 21:18:41,965 [WARN] ConditionMgr:1039 - genDependencies : Invalid condition id : UX DEVICE CLASS RTOS Condition cause : null
2024-01-21 21:18:41,966 [WARN] ConditionMgr:1039 - genDependencies : Invalid condition id : UX DEVICE CLASS RTOS Condition cause : null
2024-01-21 21:18:41,966 [WARN] ConditionMgr:1039 - genDependencies : Invalid condition id : UX DEVICE CLASS RTOS Condition cause : null
2024-01-21 21:18:41,988 [WARN] PackLoader:240 - Cannot read IP mode file for STMicroelectronics.X-CUBE-SUBG2.5.0.0
2024-01-21 21:18:42,040 [WARN] PackLoader:240 - Cannot read IP mode file for STMicroelectronics.X-CUBE-AZRTOS-G4.2.0.0
2024-01-21 21:18:42,069 [WARN] PackLoader:240 - Cannot read IP mode file for Infineon.AIROC-Wi-Fi-Bluetooth-STM32.1.5.1
2024-01-21 21:18:42,089 [WARN] PackLoader:240 - Cannot read IP mode file for STMicroelectronics.FP-SNS-MOTENVWB1.1.3.1
2024-01-21 21:18:42,099 [WARN] PackLoader:240 - Cannot read IP mode file for STMicroelectronics.X-CUBE-ISPU.2.0.0
2024-01-21 21:18:42,214 [WARN] PackLoader:240 - Cannot read IP mode file for STMicroelectronics.X-CUBE-MEMS1.10.0.0
2024-01-21 21:18:42,769 [WARN] PackLoader:240 - Cannot read IP mode file for STMicroelectronics.X-CUBE-FREERTOS.1.1.0
2024-01-21 21:18:42,782 [WARN] PackLoader:240 - Cannot read IP mode file for portGmbH.I-Cube-SoM-uGOAL.1.1.0
2024-01-21 21:18:42,798 [WARN] PackLoader:240 - Cannot read IP mode file for STMicroelectronics.X-CUBE-ALS.1.0.1
2024-01-21 21:18:42,811 [WARN] PackLoader:240 - Cannot read IP mode file for STMicroelectronics.FP-ATR-ASTRA1.2.0.0
2024-01-21 21:18:42,834 [WARN] PackLoader:240 - Cannot read IP mode file for STMicroelectronics.X-CUBE-TOF1.3.4.0
2024-01-21 21:18:42,931 [WARN] PackLoader:240 - Cannot read IP mode file for STMicroelectronics.X-CUBE-AZRTOS-H7.3.2.0
2024-01-21 21:18:42,961 [INFO] ThirdParty:978 - Integrity check success = true
2024-01-21 21:18:42,962 [INFO] IntegrityCheckThread:100 - exiting critical section [integrity check]
2024-01-21 21:18:42,962 [INFO] IntegrityCheckThread:103 - End integrity checks thread
2024-01-21 21:18:43,694 [INFO] WebApp:780 - Register for checkConnection events
2024-01-21 21:18:43,694 [INFO] WebApp:414 - Apply proxy settings
2024-01-21 21:18:43,695 [INFO] WebApp:499 - Chromium requires no authentication
2024-01-21 21:18:43,716 [INFO] WebApp:442 - Direct internet connection detected
2024-01-21 21:18:44,158 [INFO] WebApp:192 - Starting web application
2024-01-21 21:18:44,159 [INFO] WebApp:544 - Web application path used D:\hocviec\download\STM32CubeIDE_1.14.0\STM32CubeIDE\plugins\com.st.stm32cube.common.mx_6.10.0.202311202037\db\plugins\mcufinder\reactClient1\index.html
2024-01-21 21:19:06,845 [ERROR] LogOutputStream:75 - [STDERR_REDIRECT] SLF4J: Failed to load class "org.slf4j.impl.StaticLoggerBinder".
2024-01-21 21:19:06,846 [ERROR] LogOutputStream:75 - [STDERR_REDIRECT] SLF4J: Defaulting to no-operation (NOP) logger implementation
2024-01-21 21:19:06,850 [ERROR] LogOutputStream:75 - [STDERR_REDIRECT] SLF4J: See http://www.slf4j.org/codes.html#StaticLoggerBinder for further details.
