2023-12-17 16:11:06,529 [INFO] Activator:176 - 


2023-12-17 16:11:06,532 [INFO] Activator:177 - !SESSION log4j initialized
2023-12-17 16:11:13,777 [INFO] LogOutputStream:77 - [STDOUT_REDIRECT] 
2023-12-17 16:11:14,595 [ERROR] ConfigurationRetriever:142 - IOException on connection: sw-center.st.com
2023-12-17 16:11:14,597 [ERROR] ConfigurationRetriever:142 - IOException on connection: sw-center.st.com
2023-12-17 16:11:14,598 [ERROR] ConfigurationRetriever:142 - IOException on connection: sw-center.st.com
2023-12-17 16:11:16,105 [INFO] ApplicationProperties:184 - Using Application install path: D:\hocviec\download\STM32CubeIDE_1.14.0\STM32CubeIDE\plugins\com.st.stm32cube.common.mx_6.10.0.202311202037
2023-12-17 16:11:16,140 [INFO] DbMcusXml:78 - Set database path to: D:\hocviec\download\STM32CubeIDE_1.14.0\STM32CubeIDE\plugins\com.st.stm32cube.common.mx_6.10.0.202311202037\\db\/mcu/
2023-12-17 16:11:16,141 [INFO] ApiDb:274 - Set plugin database path to: D:\hocviec\download\STM32CubeIDE_1.14.0\STM32CubeIDE\plugins\com.st.stm32cube.common.mx_6.10.0.202311202037\\db\/plugins/boardmanager/
2023-12-17 16:11:16,142 [WARN] ApiDb:259 - Overriding images path with different value:  => D:\hocviec\download\STM32CubeIDE_1.14.0\STM32CubeIDE\plugins\com.st.stm32cube.common.mx_6.10.0.202311202037\\db\/plugins/mcufinder/images/
2023-12-17 16:11:16,155 [INFO] ApiDb:250 - Set database path to: C:\Users\Admin\.stmcufinder\plugins\mcufinder//mcu/
2023-12-17 16:11:16,158 [INFO] DbMcusAds:125 - Set database path to: C:\Users\Admin\.stmcufinder\plugins\mcufinder//mcu/
2023-12-17 16:11:16,172 [INFO] CrossReferenceDbSqlite:203 - Set database path to: C:\Users\Admin\.stmcufinder\plugins\mcufinder//mcu/cs/
2023-12-17 16:11:16,430 [INFO] RulesReader:64 - Compatibility file has been processed (297 Rules)
2023-12-17 16:11:16,573 [INFO] DbMcusXml:78 - Set database path to: D:\hocviec\download\STM32CubeIDE_1.14.0\STM32CubeIDE\plugins\com.st.stm32cube.common.mx_6.10.0.202311202037\\db\/mcu/
2023-12-17 16:11:16,574 [INFO] ApiDb:274 - Set plugin database path to: D:\hocviec\download\STM32CubeIDE_1.14.0\STM32CubeIDE\plugins\com.st.stm32cube.common.mx_6.10.0.202311202037\\db\/plugins/boardmanager/
2023-12-17 16:11:16,574 [INFO] ApiDb:261 - Set plugin images path to: D:\hocviec\download\STM32CubeIDE_1.14.0\STM32CubeIDE\plugins\com.st.stm32cube.common.mx_6.10.0.202311202037\\db\/plugins/mcufinder/images/
2023-12-17 16:11:16,575 [WARN] DbFile:41 - Overriding database path with different value: C:\Users\Admin\.stmcufinder\plugins\mcufinder/ => C:\Users\Admin\.stmcufinder\plugins\mcufinder
2023-12-17 16:11:16,575 [INFO] ApiDb:250 - Set database path to: C:\Users\Admin\.stmcufinder\plugins\mcufinder//mcu/
2023-12-17 16:11:16,575 [WARN] DbFile:41 - Overriding database path with different value: C:\Users\Admin\.stmcufinder\plugins\mcufinder/ => C:\Users\Admin\.stmcufinder\plugins\mcufinder
2023-12-17 16:11:16,575 [INFO] DbMcusAds:125 - Set database path to: C:\Users\Admin\.stmcufinder\plugins\mcufinder//mcu/
2023-12-17 16:11:16,575 [WARN] DbFile:41 - Overriding database path with different value: C:\Users\Admin\.stmcufinder\plugins\mcufinder/ => C:\Users\Admin\.stmcufinder\plugins\mcufinder
2023-12-17 16:11:16,576 [WARN] DbFile:41 - Overriding database path with different value: C:\Users\Admin\.stmcufinder\plugins\mcufinder/ => C:\Users\Admin\.stmcufinder\plugins\mcufinder
2023-12-17 16:11:16,576 [INFO] CrossReferenceDbSqlite:203 - Set database path to: C:\Users\Admin\.stmcufinder\plugins\mcufinder//mcu/cs/
2023-12-17 16:11:16,726 [INFO] MainPanel:264 - HeapMemory: 268435456
2023-12-17 16:11:16,875 [INFO] DbMcusXml:78 - Set database path to: D:\hocviec\download\STM32CubeIDE_1.14.0\STM32CubeIDE\plugins\com.st.stm32cube.common.mx_6.10.0.202311202037\\db\/mcu/
2023-12-17 16:11:16,876 [INFO] ApiDb:274 - Set plugin database path to: D:\hocviec\download\STM32CubeIDE_1.14.0\STM32CubeIDE\plugins\com.st.stm32cube.common.mx_6.10.0.202311202037\\db\/plugins/boardmanager/
2023-12-17 16:11:16,876 [INFO] ApiDb:261 - Set plugin images path to: D:\hocviec\download\STM32CubeIDE_1.14.0\STM32CubeIDE\plugins\com.st.stm32cube.common.mx_6.10.0.202311202037\\db\/plugins/mcufinder/images/
2023-12-17 16:11:16,876 [WARN] DbFile:41 - Overriding database path with different value: C:\Users\Admin\.stmcufinder\plugins\mcufinder/ => C:\Users\Admin\.stmcufinder\plugins\mcufinder
2023-12-17 16:11:16,876 [INFO] ApiDb:250 - Set database path to: C:\Users\Admin\.stmcufinder\plugins\mcufinder//mcu/
2023-12-17 16:11:16,877 [WARN] DbFile:41 - Overriding database path with different value: C:\Users\Admin\.stmcufinder\plugins\mcufinder/ => C:\Users\Admin\.stmcufinder\plugins\mcufinder
2023-12-17 16:11:16,877 [INFO] DbMcusAds:125 - Set database path to: C:\Users\Admin\.stmcufinder\plugins\mcufinder//mcu/
2023-12-17 16:11:16,877 [WARN] DbFile:41 - Overriding database path with different value: C:\Users\Admin\.stmcufinder\plugins\mcufinder/ => C:\Users\Admin\.stmcufinder\plugins\mcufinder
2023-12-17 16:11:16,877 [WARN] DbFile:41 - Overriding database path with different value: C:\Users\Admin\.stmcufinder\plugins\mcufinder/ => C:\Users\Admin\.stmcufinder\plugins\mcufinder
2023-12-17 16:11:16,877 [INFO] CrossReferenceDbSqlite:203 - Set database path to: C:\Users\Admin\.stmcufinder\plugins\mcufinder//mcu/cs/
2023-12-17 16:11:16,906 [INFO] ApplicationProperties:184 - Using Application install path: D:\hocviec\download\STM32CubeIDE_1.14.0\STM32CubeIDE\plugins\com.st.stm32cube.common.mx_6.10.0.202311202037
2023-12-17 16:11:16,908 [INFO] PluginManage:196 - Search for loadable plugins [exclusion list=, ]
2023-12-17 16:11:16,910 [INFO] PluginManage:310 - Check plugin analytics
2023-12-17 16:11:17,326 [INFO] AnalyticsPlugin:253 - Accepted Software Licenses: 
2023-12-17 16:11:17,327 [INFO] AnalyticsPlugin:255 - Accepted CMSIS Pack Licenses: 
2023-12-17 16:11:17,327 [INFO] AnalyticsPlugin:257 - Accepted Firmware Licenses: 
2023-12-17 16:11:17,332 [INFO] PluginManage:359 - Loaded plugin analytics (category:tool,tabindex:-1)
2023-12-17 16:11:17,333 [INFO] PluginManage:310 - Check plugin cadmodel
2023-12-17 16:11:17,341 [INFO] CADModel:105 - Init CAD model plugin
2023-12-17 16:11:17,341 [INFO] PluginManage:359 - Loaded plugin cadmodel (category:power,tabindex:5)
2023-12-17 16:11:17,342 [INFO] PluginManage:310 - Check plugin clock
2023-12-17 16:11:17,364 [ERROR] ConfigurationRetriever:142 - IOException on connection: sw-center.st.com
2023-12-17 16:11:17,365 [ERROR] ConfigurationRetriever:142 - IOException on connection: sw-center.st.com
2023-12-17 16:11:17,366 [ERROR] ConfigurationRetriever:142 - IOException on connection: sw-center.st.com
2023-12-17 16:11:17,368 [INFO] PluginManage:359 - Loaded plugin clock (category:base,tabindex:2)
2023-12-17 16:11:17,368 [INFO] PluginManage:310 - Check plugin ddr
2023-12-17 16:11:17,373 [INFO] PluginManage:359 - Loaded plugin ddr (category:tool,tabindex:6)
2023-12-17 16:11:17,373 [INFO] PluginManage:310 - Check plugin filemanager
2023-12-17 16:11:17,621 [INFO] PluginManage:359 - Loaded plugin filemanager (category:base,tabindex:10)
2023-12-17 16:11:17,621 [INFO] PluginManage:310 - Check plugin ipmanager
2023-12-17 16:11:17,634 [INFO] PluginManage:359 - Loaded plugin ipmanager (category:base,tabindex:5)
2023-12-17 16:11:17,635 [INFO] PluginManage:310 - Check plugin lpbam
2023-12-17 16:11:17,651 [INFO] PluginManage:359 - Loaded plugin lpbam (category:base,tabindex:0)
2023-12-17 16:11:17,651 [INFO] PluginManage:310 - Check plugin memorymap
2023-12-17 16:11:17,681 [INFO] PluginManage:359 - Loaded plugin memorymap (category:base,tabindex:4)
2023-12-17 16:11:17,681 [INFO] PluginManage:310 - Check plugin pinoutandconfiguration
2023-12-17 16:11:17,696 [INFO] PluginManage:359 - Loaded plugin pinoutandconfiguration (category:base,tabindex:1)
2023-12-17 16:11:17,697 [INFO] PluginManage:310 - Check plugin pinoutconfig
2023-12-17 16:11:17,878 [WARN] SupportedApi:132 - Cannot load RTOS API schema: s4s-elt-must-match.1: The content of 'definitions' must match (annotation?, (simpleType | complexType)?, (unique | key | keyref)*)). A problem was found starting at: attribute.
2023-12-17 16:11:18,172 [INFO] PluginManage:359 - Loaded plugin pinoutconfig (category:base,tabindex:0)
2023-12-17 16:11:18,173 [INFO] PluginManage:310 - Check plugin power
2023-12-17 16:11:18,191 [INFO] PluginManage:359 - Loaded plugin power (category:power,tabindex:4)
2023-12-17 16:11:18,192 [INFO] PluginManage:310 - Check plugin projectmanager
2023-12-17 16:11:18,228 [INFO] PluginManage:359 - Loaded plugin projectmanager (category:projectmanager,tabindex:3)
2023-12-17 16:11:18,228 [INFO] PluginManage:310 - Check plugin thirdparty
2023-12-17 16:11:18,468 [INFO] PluginManage:359 - Loaded plugin thirdparty (category:base,tabindex:-1)
2023-12-17 16:11:18,469 [INFO] PluginManage:310 - Check plugin tools
2023-12-17 16:11:18,473 [INFO] PluginManage:359 - Loaded plugin tools (category:base,tabindex:7)
2023-12-17 16:11:18,473 [INFO] PluginManage:310 - Check plugin tutovideos
2023-12-17 16:11:18,492 [WARN] IntegrityCheckThread:84 - waiting for thirdparty lock release [integrity check]
2023-12-17 16:11:18,492 [INFO] IntegrityCheckThread:86 - entering critical section [integrity check]
2023-12-17 16:11:18,494 [INFO] ThirdPartyUpdaterWithRetryManager:70 - Updater plugin not ready yet. [1/15]
2023-12-17 16:11:18,889 [INFO] PluginManage:359 - Loaded plugin tutovideos (category:base,tabindex:-1)
2023-12-17 16:11:18,889 [INFO] PluginManage:310 - Check plugin updater
2023-12-17 16:11:18,917 [INFO] PluginManage:359 - Loaded plugin updater (category:base,tabindex:12)
2023-12-17 16:11:18,918 [INFO] PluginManage:310 - Check plugin userauth
2023-12-17 16:11:18,927 [INFO] UserAuth:114 - Init User Auth plugin
2023-12-17 16:11:18,927 [INFO] PluginManage:359 - Loaded plugin userauth (category:base,tabindex:14)
2023-12-17 16:11:18,928 [INFO] PluginManage:283 - PluginManage : Loaded plugins [17]
2023-12-17 16:11:19,372 [INFO] PinOutPanel:1499 - setPackage(No Configuration,No Configuration)
2023-12-17 16:11:19,498 [INFO] CADModel:165 - CPN selected for project level
2023-12-17 16:11:19,499 [INFO] CADModel:114 - Register for checkConnection events
2023-12-17 16:11:19,527 [INFO] IPUIPlugin:80 - create IPUIPlugin
2023-12-17 16:11:19,528 [INFO] PluginManager:220 - loadIPPluginJar : add adc
2023-12-17 16:11:19,532 [INFO] IPUIPlugin:80 - create IPUIPlugin
2023-12-17 16:11:19,532 [INFO] PluginManager:220 - loadIPPluginJar : add aes
2023-12-17 16:11:19,538 [INFO] IPUIPlugin:80 - create IPUIPlugin
2023-12-17 16:11:19,538 [INFO] PluginManager:220 - loadIPPluginJar : add can
2023-12-17 16:11:19,541 [INFO] IPUIPlugin:80 - create IPUIPlugin
2023-12-17 16:11:19,541 [INFO] PluginManager:220 - loadIPPluginJar : add comp
2023-12-17 16:11:19,545 [INFO] IPUIPlugin:80 - create IPUIPlugin
2023-12-17 16:11:19,546 [INFO] PluginManager:220 - loadIPPluginJar : add cryp
2023-12-17 16:11:19,550 [INFO] IPUIPlugin:80 - create IPUIPlugin
2023-12-17 16:11:19,551 [INFO] PluginManager:220 - loadIPPluginJar : add dfsdm
2023-12-17 16:11:19,559 [INFO] IPUIPlugin:80 - create IPUIPlugin
2023-12-17 16:11:19,559 [INFO] PluginManager:220 - loadIPPluginJar : add dma
2023-12-17 16:11:19,563 [INFO] IPUIPlugin:80 - create IPUIPlugin
2023-12-17 16:11:19,563 [INFO] PluginManager:220 - loadIPPluginJar : add dma3
2023-12-17 16:11:19,567 [INFO] IPUIPlugin:80 - create IPUIPlugin
2023-12-17 16:11:19,567 [INFO] PluginManager:220 - loadIPPluginJar : add fatfs
2023-12-17 16:11:19,575 [INFO] IPUIPlugin:80 - create IPUIPlugin
2023-12-17 16:11:19,575 [INFO] PluginManager:220 - loadIPPluginJar : add fmc
2023-12-17 16:11:19,585 [INFO] IPUIPlugin:80 - create IPUIPlugin
2023-12-17 16:11:19,585 [INFO] PluginManager:220 - loadIPPluginJar : add freertos
2023-12-17 16:11:19,587 [INFO] IPUIPlugin:80 - create IPUIPlugin
2023-12-17 16:11:19,588 [INFO] PluginManager:220 - loadIPPluginJar : add genericplugin
2023-12-17 16:11:19,591 [INFO] IPUIPlugin:80 - create IPUIPlugin
2023-12-17 16:11:19,592 [INFO] PluginManager:220 - loadIPPluginJar : add gfxmmu
2023-12-17 16:11:19,600 [INFO] IPUIPlugin:80 - create IPUIPlugin
2023-12-17 16:11:19,600 [INFO] PluginManager:220 - loadIPPluginJar : add gic
2023-12-17 16:11:19,605 [INFO] IPUIPlugin:80 - create IPUIPlugin
2023-12-17 16:11:19,606 [INFO] PluginManager:220 - loadIPPluginJar : add gpio
2023-12-17 16:11:19,611 [INFO] IPUIPlugin:80 - create IPUIPlugin
2023-12-17 16:11:19,611 [INFO] PluginManager:220 - loadIPPluginJar : add gtzc
2023-12-17 16:11:19,615 [INFO] IPUIPlugin:80 - create IPUIPlugin
2023-12-17 16:11:19,615 [INFO] PluginManager:220 - loadIPPluginJar : add hash
2023-12-17 16:11:19,620 [INFO] IPUIPlugin:80 - create IPUIPlugin
2023-12-17 16:11:19,620 [INFO] PluginManager:220 - loadIPPluginJar : add i2c
2023-12-17 16:11:19,625 [INFO] IPUIPlugin:80 - create IPUIPlugin
2023-12-17 16:11:19,626 [INFO] PluginManager:220 - loadIPPluginJar : add i2s
2023-12-17 16:11:19,631 [INFO] IPUIPlugin:80 - create IPUIPlugin
2023-12-17 16:11:19,631 [INFO] PluginManager:220 - loadIPPluginJar : add i3c
2023-12-17 16:11:19,637 [INFO] IPUIPlugin:80 - create IPUIPlugin
2023-12-17 16:11:19,637 [INFO] PluginManager:220 - loadIPPluginJar : add ipddr
2023-12-17 16:11:19,647 [INFO] IPUIPlugin:80 - create IPUIPlugin
2023-12-17 16:11:19,647 [INFO] PluginManager:220 - loadIPPluginJar : add linkedlist
2023-12-17 16:11:19,652 [INFO] IPUIPlugin:80 - create IPUIPlugin
2023-12-17 16:11:19,653 [INFO] PluginManager:220 - loadIPPluginJar : add lorawan
2023-12-17 16:11:19,655 [INFO] IPUIPlugin:80 - create IPUIPlugin
2023-12-17 16:11:19,656 [INFO] PluginManager:220 - loadIPPluginJar : add ltdc
2023-12-17 16:11:19,667 [INFO] IPUIPlugin:80 - create IPUIPlugin
2023-12-17 16:11:19,667 [INFO] PluginManager:220 - loadIPPluginJar : add mdma
2023-12-17 16:11:19,673 [INFO] IPUIPlugin:80 - create IPUIPlugin
2023-12-17 16:11:19,673 [INFO] PluginManager:220 - loadIPPluginJar : add nvic
2023-12-17 16:11:19,682 [INFO] IPUIPlugin:80 - create IPUIPlugin
2023-12-17 16:11:19,683 [INFO] PluginManager:220 - loadIPPluginJar : add opamp
2023-12-17 16:11:19,688 [INFO] IPUIPlugin:80 - create IPUIPlugin
2023-12-17 16:11:19,689 [INFO] PluginManager:220 - loadIPPluginJar : add openamp
2023-12-17 16:11:19,695 [INFO] IPUIPlugin:80 - create IPUIPlugin
2023-12-17 16:11:19,695 [INFO] PluginManager:220 - loadIPPluginJar : add pdm2pcm
2023-12-17 16:11:19,706 [INFO] IPUIPlugin:80 - create IPUIPlugin
2023-12-17 16:11:19,712 [INFO] PluginManager:220 - loadIPPluginJar : add plateformsettings
2023-12-17 16:11:19,715 [INFO] IPUIPlugin:80 - create IPUIPlugin
2023-12-17 16:11:19,715 [INFO] PluginManager:220 - loadIPPluginJar : add quadspi
2023-12-17 16:11:19,721 [INFO] IPUIPlugin:80 - create IPUIPlugin
2023-12-17 16:11:19,721 [INFO] PluginManager:220 - loadIPPluginJar : add resmgrutility
2023-12-17 16:11:19,726 [INFO] IPUIPlugin:80 - create IPUIPlugin
2023-12-17 16:11:19,727 [INFO] PluginManager:220 - loadIPPluginJar : add sai
2023-12-17 16:11:19,730 [INFO] IPUIPlugin:80 - create IPUIPlugin
2023-12-17 16:11:19,731 [INFO] PluginManager:220 - loadIPPluginJar : add spi
2023-12-17 16:11:19,738 [INFO] IPUIPlugin:80 - create IPUIPlugin
2023-12-17 16:11:19,738 [INFO] PluginManager:220 - loadIPPluginJar : add stm32_wpan
2023-12-17 16:11:19,741 [INFO] IPUIPlugin:80 - create IPUIPlugin
2023-12-17 16:11:19,741 [INFO] PluginManager:220 - loadIPPluginJar : add tim
2023-12-17 16:11:19,747 [INFO] IPUIPlugin:80 - create IPUIPlugin
2023-12-17 16:11:19,748 [INFO] PluginManager:220 - loadIPPluginJar : add touchsensing
2023-12-17 16:11:19,751 [INFO] IPUIPlugin:80 - create IPUIPlugin
2023-12-17 16:11:19,751 [INFO] PluginManager:220 - loadIPPluginJar : add tracer_emb
2023-12-17 16:11:19,754 [INFO] IPUIPlugin:80 - create IPUIPlugin
2023-12-17 16:11:19,755 [INFO] PluginManager:220 - loadIPPluginJar : add ts
2023-12-17 16:11:19,757 [INFO] IPUIPlugin:80 - create IPUIPlugin
2023-12-17 16:11:19,757 [INFO] PluginManager:220 - loadIPPluginJar : add tsc
2023-12-17 16:11:19,759 [INFO] IPUIPlugin:80 - create IPUIPlugin
2023-12-17 16:11:19,759 [INFO] PluginManager:220 - loadIPPluginJar : add ucpd
2023-12-17 16:11:19,765 [INFO] IPUIPlugin:80 - create IPUIPlugin
2023-12-17 16:11:19,765 [INFO] PluginManager:220 - loadIPPluginJar : add usart
2023-12-17 16:11:19,771 [INFO] IPUIPlugin:80 - create IPUIPlugin
2023-12-17 16:11:19,771 [INFO] PluginManager:220 - loadIPPluginJar : add usbx
2023-12-17 16:11:19,967 [INFO] CADModel:165 - CPN selected for project level
2023-12-17 16:11:19,968 [INFO] CADModel:114 - Register for checkConnection events
2023-12-17 16:11:19,968 [FATAL] Updater:308 - Updater called before beeing initialized
2023-12-17 16:11:19,969 [ERROR] CADModel:125 - Updater not yet initialized, retry later 
2023-12-17 16:11:20,206 [INFO] CADModel:165 - CPN selected for project level
2023-12-17 16:11:20,206 [INFO] CADModel:114 - Register for checkConnection events
2023-12-17 16:11:20,206 [FATAL] Updater:308 - Updater called before beeing initialized
2023-12-17 16:11:20,206 [ERROR] CADModel:125 - Updater not yet initialized, retry later 
2023-12-17 16:11:20,210 [FATAL] Updater:308 - Updater called before beeing initialized
2023-12-17 16:11:20,427 [FATAL] Updater:308 - Updater called before beeing initialized
2023-12-17 16:11:20,432 [INFO] DbMcusAds:53 - JSON generation date=Wed Nov 29 17:52:27 ICT 2023 (1701255147349)
2023-12-17 16:11:20,432 [FATAL] Updater:308 - Updater called before beeing initialized
2023-12-17 16:11:20,491 [WARN] DetailPanel:346 - Failed to get advertising image, set to default
2023-12-17 16:11:20,646 [FATAL] Updater:308 - Updater called before beeing initialized
2023-12-17 16:11:20,650 [FATAL] Updater:308 - Updater called before beeing initialized
2023-12-17 16:11:20,650 [FATAL] Updater:308 - Updater called before beeing initialized
2023-12-17 16:11:20,650 [WARN] DetailPanel:346 - Failed to get advertising image, set to default
2023-12-17 16:11:20,652 [FATAL] Updater:308 - Updater called before beeing initialized
2023-12-17 16:11:20,742 [ERROR] Updater:1120 - MainUpdater not yet initialized. External WinMGr cannot be set.
2023-12-17 16:11:20,745 [INFO] Updater:1056 - Updater Version found : 6.10.0
2023-12-17 16:11:20,776 [INFO] ApplicationProperties:184 - Using Application install path: D:\hocviec\download\STM32CubeIDE_1.14.0\STM32CubeIDE\plugins\com.st.stm32cube.common.mx_6.10.0.202311202037
2023-12-17 16:11:21,117 [INFO] MainUpdater:2873 - connection check result : 22
2023-12-17 16:11:21,119 [INFO] MainUpdater:290 - Updater Check For Update Now.
2023-12-17 16:11:21,120 [INFO] MicroXplorer:498 - Change Database Version : DB.6.0.100
2023-12-17 16:11:21,129 [INFO] McuFinderGlobals:63 - Set McuFinder mode to 2 (CubeIDE integrated)
2023-12-17 16:11:21,209 [INFO] UserAuth:404 - Internet connection configuration mode: 2
2023-12-17 16:11:21,453 [INFO] CheckServerUpdateThread:120 - End of CheckServer Thread
2023-12-17 16:11:21,734 [INFO] MainUpdater:2873 - connection check result : 22
2023-12-17 16:11:22,095 [WARN] PackLoader:240 - Cannot read IP mode file for STMicroelectronics.X-CUBE-SMBUS.2.1.0
2023-12-17 16:11:22,117 [WARN] PackLoader:240 - Cannot read IP mode file for STMicroelectronics.X-CUBE-TOUCHGFX.4.23.0
2023-12-17 16:11:22,296 [WARN] PackLoader:240 - Cannot read IP mode file for STMicroelectronics.X-CUBE-AZRTOS-F7.1.1.0
2023-12-17 16:11:22,330 [WARN] PackLoader:240 - Cannot read IP mode file for STMicroelectronics.FP-SNS-MOTENV1.4.3.2
2023-12-17 16:11:22,461 [WARN] PackLoader:240 - Cannot read IP mode file for STMicroelectronics.FP-SNS-FLIGHT1.5.0.2
2023-12-17 16:11:22,536 [WARN] PackLoader:240 - Cannot read IP mode file for STMicroelectronics.X-CUBE-DISPLAY.3.0.0
2023-12-17 16:11:22,569 [WARN] PackLoader:240 - Cannot read IP mode file for STMicroelectronics.X-CUBE-BLE1.7.0.0
2023-12-17 16:11:22,602 [WARN] PackLoader:240 - Cannot read IP mode file for emotas.I-CUBE-CANOPEN.1.3.0
2023-12-17 16:11:22,622 [WARN] PackLoader:240 - Cannot read IP mode file for STMicroelectronics.X-CUBE-TOUCHGFX.4.22.1
2023-12-17 16:11:22,681 [WARN] PackLoader:240 - Cannot read IP mode file for STMicroelectronics.FP-SNS-SMARTAG2.1.2.0
2023-12-17 16:11:22,755 [INFO] LogOutputStream:77 - [STDOUT_REDIRECT] 1 : Invalid condition id : UX_CORESTACK_Condition cause : null
2023-12-17 16:11:22,756 [INFO] LogOutputStream:77 - [STDOUT_REDIRECT] 1 : Invalid condition id : UX_CORESTACK_Condition cause : null
2023-12-17 16:11:22,759 [INFO] LogOutputStream:77 - [STDOUT_REDIRECT] 1 : Invalid condition id : UX_CORESTACK_Condition cause : null
2023-12-17 16:11:22,765 [INFO] LogOutputStream:77 - [STDOUT_REDIRECT] 1 : Invalid condition id : UX_CORESTACK_Condition cause : null
2023-12-17 16:11:22,769 [INFO] LogOutputStream:77 - [STDOUT_REDIRECT] 1 : Invalid condition id : UX_CORESTACK_Condition cause : null
2023-12-17 16:11:22,786 [WARN] PackLoader:240 - Cannot read IP mode file for STMicroelectronics.X-CUBE-AZRTOS-WL.2.0.0
2023-12-17 16:11:22,814 [WARN] PackLoader:240 - Cannot read IP mode file for WES.I-CUBE-Cesium.1.3.0
2023-12-17 16:11:22,829 [WARN] PackLoader:240 - Cannot read IP mode file for STMicroelectronics.X-CUBE-BLE2.3.3.0
2023-12-17 16:11:22,875 [WARN] PackLoader:240 - Cannot read IP mode file for STMicroelectronics.X-CUBE-ALGOBUILD.1.3.0
2023-12-17 16:11:22,934 [WARN] PackLoader:240 - Cannot read IP mode file for STMicroelectronics.X-CUBE-AZRTOS-G0.1.1.0
2023-12-17 16:11:22,964 [WARN] PackLoader:240 - Cannot read IP mode file for STMicroelectronics.X-CUBE-NFC4.3.0.0
2023-12-17 16:11:23,039 [WARN] PackLoader:240 - Cannot read IP mode file for STMicroelectronics.X-CUBE-BLEMGR.3.0.0
2023-12-17 16:11:23,054 [WARN] PackLoader:240 - Cannot read IP mode file for STMicroelectronics.FP-ATR-SIGFOX1.3.2.0
2023-12-17 16:11:23,068 [WARN] PackLoader:240 - Cannot read IP mode file for STMicroelectronics.X-CUBE-GNSS1.6.0.0
2023-12-17 16:11:23,123 [WARN] PackLoader:240 - Cannot read IP mode file for STMicroelectronics.X-CUBE-AZRTOS-F4.1.1.0
2023-12-17 16:11:23,174 [WARN] PackLoader:240 - Cannot read IP mode file for wolfSSL.I-CUBE-wolfSSL.5.6.4
2023-12-17 16:11:23,239 [WARN] PackLoader:240 - Cannot read IP mode file for STMicroelectronics.X-CUBE-AZRTOS-L5.2.0.0
2023-12-17 16:11:23,262 [WARN] PackLoader:240 - Cannot read IP mode file for STMicroelectronics.X-CUBE-EEPRMA1.4.2.0
2023-12-17 16:11:23,308 [WARN] PackLoader:240 - Cannot read IP mode file for ITTIA_DB.I-CUBE-ITTIADB.8.8.0
2023-12-17 16:11:23,323 [WARN] PackLoader:240 - Cannot read IP mode file for STMicroelectronics.X-CUBE-NFC7.1.0.1
2023-12-17 16:11:23,340 [WARN] PackLoader:240 - Cannot read IP mode file for STMicroelectronics.X-CUBE-NFC6.3.0.0
2023-12-17 16:11:23,355 [WARN] PackLoader:240 - Cannot read IP mode file for STMicroelectronics.X-CUBE-AI.8.1.0
2023-12-17 16:11:23,398 [WARN] ConditionMgr:438 - getConditionDescription Invalid condition id : LAN8742 Phy interface Condition cause : null
2023-12-17 16:11:23,410 [WARN] PackLoader:240 - Cannot read IP mode file for STMicroelectronics.X-CUBE-AZRTOS-L4.2.0.0
2023-12-17 16:11:23,417 [WARN] ConditionMgr:1039 - genDependencies : Invalid condition id : LAN8742 Phy interface Condition cause : null
2023-12-17 16:11:23,422 [WARN] ConditionMgr:1039 - genDependencies : Invalid condition id : LAN8742 Phy interface Condition cause : null
2023-12-17 16:11:23,424 [WARN] ConditionMgr:1039 - genDependencies : Invalid condition id : LAN8742 Phy interface Condition cause : null
2023-12-17 16:11:23,474 [WARN] PackLoader:240 - Cannot read IP mode file for STMicroelectronics.X-CUBE-SFXS2LP1.4.0.0
2023-12-17 16:11:23,519 [WARN] ConditionMgr:438 - getConditionDescription Invalid condition id : UX DEVICE CLASS RTOS Condition cause : null
2023-12-17 16:11:23,519 [WARN] ConditionMgr:438 - getConditionDescription Invalid condition id : UX DEVICE CLASS RTOS Condition cause : null
2023-12-17 16:11:23,526 [WARN] PackLoader:240 - Cannot read IP mode file for STMicroelectronics.X-CUBE-AZRTOS-WB.2.0.0
2023-12-17 16:11:23,527 [WARN] ConditionMgr:1039 - genDependencies : Invalid condition id : UX DEVICE CLASS RTOS Condition cause : null
2023-12-17 16:11:23,528 [WARN] ConditionMgr:1039 - genDependencies : Invalid condition id : UX DEVICE CLASS RTOS Condition cause : null
2023-12-17 16:11:23,529 [WARN] ConditionMgr:1039 - genDependencies : Invalid condition id : UX DEVICE CLASS RTOS Condition cause : null
2023-12-17 16:11:23,530 [WARN] ConditionMgr:1039 - genDependencies : Invalid condition id : UX DEVICE CLASS RTOS Condition cause : null
2023-12-17 16:11:23,530 [WARN] ConditionMgr:1039 - genDependencies : Invalid condition id : UX DEVICE CLASS RTOS Condition cause : null
2023-12-17 16:11:23,564 [WARN] PackLoader:240 - Cannot read IP mode file for STMicroelectronics.X-CUBE-SUBG2.5.0.0
2023-12-17 16:11:23,656 [WARN] PackLoader:240 - Cannot read IP mode file for STMicroelectronics.X-CUBE-AZRTOS-G4.2.0.0
2023-12-17 16:11:23,699 [WARN] PackLoader:240 - Cannot read IP mode file for Infineon.AIROC-Wi-Fi-Bluetooth-STM32.1.5.1
2023-12-17 16:11:23,718 [WARN] PackLoader:240 - Cannot read IP mode file for STMicroelectronics.FP-SNS-MOTENVWB1.1.3.1
2023-12-17 16:11:23,731 [WARN] PackLoader:240 - Cannot read IP mode file for STMicroelectronics.X-CUBE-ISPU.2.0.0
2023-12-17 16:11:23,929 [WARN] PackLoader:240 - Cannot read IP mode file for STMicroelectronics.X-CUBE-MEMS1.10.0.0
2023-12-17 16:11:24,480 [WARN] PackLoader:240 - Cannot read IP mode file for STMicroelectronics.X-CUBE-FREERTOS.1.1.0
2023-12-17 16:11:24,492 [WARN] PackLoader:240 - Cannot read IP mode file for portGmbH.I-Cube-SoM-uGOAL.1.1.0
2023-12-17 16:11:24,502 [WARN] PackLoader:240 - Cannot read IP mode file for STMicroelectronics.X-CUBE-ALS.1.0.1
2023-12-17 16:11:24,512 [WARN] PackLoader:240 - Cannot read IP mode file for STMicroelectronics.FP-ATR-ASTRA1.2.0.0
2023-12-17 16:11:24,536 [WARN] PackLoader:240 - Cannot read IP mode file for STMicroelectronics.X-CUBE-TOF1.3.4.0
2023-12-17 16:11:24,618 [WARN] PackLoader:240 - Cannot read IP mode file for STMicroelectronics.X-CUBE-AZRTOS-H7.3.2.0
2023-12-17 16:11:24,626 [INFO] ThirdParty:978 - Integrity check success = true
2023-12-17 16:11:24,626 [INFO] IntegrityCheckThread:100 - exiting critical section [integrity check]
2023-12-17 16:11:24,626 [INFO] IntegrityCheckThread:103 - End integrity checks thread
2023-12-17 16:11:31,046 [INFO] MainUpdater:2873 - connection check result : 22
2023-12-17 16:11:39,940 [INFO] MainUpdater:2873 - connection check result : 22
2023-12-17 16:11:41,959 [INFO] ApiDb:581 - Connected to CubeFinder SQLite database (C:\Users\Admin\.stmcufinder\plugins\mcufinder\mcu\cube-finder-db.db)
2023-12-17 16:11:42,258 [INFO] ApiDb:668 - CubeFinder database Data Model version=2.1
2023-12-17 16:11:42,259 [INFO] ApiDb:669 - CubeFinder database Configuration version=3.0.39
2023-12-17 16:11:42,259 [INFO] ApiDb:670 - CubeFinder database generation date=2023-11-06 (1699269565)
2023-12-17 16:11:42,260 [INFO] ApiDb:671 - CubeFinder database FW Pack versions=[FP-ATR-ASTRA1_V2.0.0, FP-SNS-FLIGHT1_V5.0.1, FP-SNS-FLIGHT1_V5.0.2, FP-SNS-MOTENV1_V4.3.1, FP-SNS-MOTENV1_V4.3.2, FP-SNS-MOTENVWB1_V1.3.0, FP-SNS-SMARTAG2_V1.2.0, STM32Cube_FW_C0_V1.1.0, STM32Cube_FW_F4_V1.28.0, STM32Cube_FW_F7_V1.17.0, STM32Cube_FW_G0_V1.6.1, STM32Cube_FW_G4_V1.5.1, STM32Cube_FW_H5_V0.5.1, STM32Cube_FW_H5_V1.1.1, STM32Cube_FW_H5_V1.2.0RC2, STM32Cube_FW_H7_V1.11.0, STM32Cube_FW_L0_V1.12.2, STM32Cube_FW_L5_V1.5.0, STM32Cube_FW_U5_V1.3.0RC4, STM32Cube_FW_U5_V1.4.0, STM32Cube_FW_WBA_V1.0.0RC1, STM32Cube_FW_WBA_V1.1.0RC1, STM32Cube_FW_WBA_V1.2.0, STM32Cube_FW_WBA_V1.2.0RC2, STM32Cube_FW_WB_V1.15.0RC1, STM32Cube_FW_WB_V1.16.0, STM32Cube_FW_WB_V1.16.0RC2, STM32Cube_FW_WB_V1.18.0, STM32Cube_FW_WL_V1.3.0, X-CUBE-ALGOBUILD_V1.3.0, X-CUBE-ALS_V1.0.1, X-CUBE-AZRTOS-F4_V1.1.0, X-CUBE-AZRTOS-F7_V1.1.0, X-CUBE-AZRTOS-G0_V1.1.0, X-CUBE-AZRTOS-G4_V2.0.0, X-CUBE-AZRTOS-H7_V3.1.0, X-CUBE-AZRTOS-L4_V1.0.0, X-CUBE-AZRTOS-L4_V2.0.0, X-CUBE-AZRTOS-L5_V1.1.0, X-CUBE-AZRTOS-WB_V2.0.0, X-CUBE-AZRTOS-WL_V2.0.0, X-CUBE-BLE1_V7.0.0, X-CUBE-BLE2_V3.3.0, X-CUBE-BLEMGR_V2.0.0, X-CUBE-EEPRMA1_V4.1.0, X-CUBE-EEPRMA1_V4.2.0, X-CUBE-FREERTOS_V1.1.0, X-CUBE-GNSS1_V6.0.0, X-CUBE-MEMS1_V10.0.0, X-CUBE-MEMS1_V9.1.0, X-CUBE-MEMS1_V9.4.0, X-CUBE-MEMS1_V9.6.0, X-CUBE-NFC4_V3.0.0, X-CUBE-NFC7_V1.0.1, X-CUBE-SFXS2LP1_V4.0.0, X-CUBE-SUBG2_V5.0.0, X-CUBE-TOF1_V3.3.1]
2023-12-17 16:11:42,628 [INFO] DbBoardsSqlite:226 - include board P-NUCLEO-WB55-NUCLEO as a kit item of type 'Nucleo-64'
2023-12-17 16:11:42,629 [INFO] DbBoardsSqlite:226 - include board P-NUCLEO-WB55-USBDONGLE as a kit item of type 'Nucleo USB Dongle'
2023-12-17 16:11:42,630 [INFO] DbBoardsSqlite:226 - include board STEVAL-IDP005V1 as a kit item of type 'Evaluation Board'
2023-12-17 16:11:42,631 [INFO] DbBoardsSqlite:226 - include board STEVAL-IDP005V2 as a kit item of type 'Evaluation Board'
2023-12-17 16:11:42,871 [INFO] ApiDb:240 - Found 371 in-development CPN: [B-G473E-ZEST1S, B-WB1M-WPAN1, B-WL5M-SUBG1, NUCLEO-C031C6, NUCLEO-H503RB, NUCLEO-H563ZI, NUCLEO-U545RE-Q, NUCLEO-U5A5ZJ-Q, NUCLEO-WBA52CG, NUCLEO-WBA55CG, STEVAL-MKBOXPRO, STEVAL-PROTEUS1, STEVAL-STWINBX1, STM320518-EVAL, STM32C0116-DK, STM32C011D6Y3TR, STM32C011D6Y6TR, STM32C011F4P3, STM32C011F4P6, STM32C011F4U3, STM32C011F4U6TR, STM32C011F6P3, STM32C011F6P6, STM32C011F6U3, STM32C011F6U6TR, STM32C011J4M3, STM32C011J4M6, STM32C011J6M3, STM32C011J6M6, STM32C0316-DK, STM32C031C4T3, STM32C031C4T6, STM32C031C4U3, STM32C031C4U6, STM32C031C6T3, STM32C031C6T6, STM32C031C6U3, STM32C031C6U6, STM32C031F4P3, STM32C031F4P6, STM32C031F6P3, STM32C031F6P6, STM32C031G4U3, STM32C031G4U6, STM32C031G6U3, STM32C031G6U6, STM32C031K4T3, STM32C031K4T6, STM32C031K4U3, STM32C031K4U6, STM32C031K6T3, STM32C031K6T6, STM32C031K6U3, STM32C031K6U6, STM32G071K8TXN, STM32G071K8UXN, STM32G081GBU6N, STM32G081KBT6N, STM32G081KBUXN, STM32G0B1CCT6N, STM32G0B1KCT6, STM32G0B1NEY6TR, STM32G0B1RCT6N, STM32G0C1CCT6, STM32G0C1CCT6N, STM32G0C1CCU6N, STM32G0C1CET6N, STM32G0C1CEU6N, STM32G0C1KCT6, STM32G0C1NEY6TR, STM32G0C1RCI6N, STM32G0C1RCT6N, STM32G0C1REI6N, STM32G0C1RET6N, STM32G0C1VCI6, STM32G0C1VEI6, STM32G471CCT6, STM32G471CCU6, STM32G471CET3, STM32G471CET6, STM32G471CEU3, STM32G471CEU6, STM32G471MCT6, STM32G471MET3, STM32G471MET6, STM32G471MEY6TR, STM32G471QCT6, STM32G471QET3, STM32G471RCT6, STM32G471RET3, STM32G471RET6, STM32G471VCH6, STM32G471VCI6, STM32G471VCT6, STM32G471VEH3, STM32G471VEH6, STM32G471VEI3, STM32G471VEI6, STM32G471VET3, STM32G471VET6, STM32G474CCT6, STM32H503CBT6, STM32H503CBU6, STM32H503EBY6TR, STM32H503KBU6, STM32H503RBT6, STM32H562AGI6, STM32H562AII6, STM32H562IGK6, STM32H562IGT6, STM32H562IIK6, STM32H562IIT6, STM32H562RGT6, STM32H562RGV6, STM32H562RIT6, STM32H562RIV6, STM32H562VGT6, STM32H562VIT6, STM32H562ZGT6, STM32H562ZIT6, STM32H563AGI6, STM32H563AII3Q, STM32H563AII6, STM32H563IGK6, STM32H563IGT6, STM32H563IIK3Q, STM32H563IIK6, STM32H563IIT3Q, STM32H563IIT6, STM32H563MIY3QTR, STM32H563RGT6, STM32H563RGV6, STM32H563RIT6, STM32H563RIV6, STM32H563VGT6, STM32H563VIT3Q, STM32H563VIT6, STM32H563ZGT6, STM32H563ZIT3Q, STM32H563ZIT6, STM32H573AII3Q, STM32H573AII6, STM32H573I-DK, STM32H573IIK3Q, STM32H573IIK6, STM32H573IIT3Q, STM32H573IIT6, STM32H573MIY3QTR, STM32H573RIT6, STM32H573RIV6, STM32H573VIT3Q, STM32H573VIT6, STM32H573ZIT3Q, STM32H573ZIT6, STM32L4R5QGI6STR, STM32MP131AAE3, STM32MP131AAF3, STM32MP131AAG3, STM32MP131CAE3, STM32MP131CAF3, STM32MP131CAG3, STM32MP131DAE7, STM32MP131DAF7, STM32MP131DAG7, STM32MP131FAE7, STM32MP131FAF7, STM32MP131FAG7, STM32MP133AAE3, STM32MP133AAF3, STM32MP133AAG3, STM32MP133CAE3, STM32MP133CAF3, STM32MP133CAG3, STM32MP133DAE7, STM32MP133DAF7, STM32MP133DAG7, STM32MP133FAE7, STM32MP133FAF7, STM32MP133FAG7, STM32MP135AAE3, STM32MP135AAF3, STM32MP135AAG3, STM32MP135CAE3, STM32MP135CAF3, STM32MP135CAG3, STM32MP135DAE7, STM32MP135DAF7, STM32MP135DAG7, STM32MP135F-DK, STM32MP135FAE7, STM32MP135FAF7, STM32MP135FAF7T, STM32MP135FAF7U, STM32MP135FAG7, STM32U535CBT6, STM32U535CBT6Q, STM32U535CBU6, STM32U535CBU6Q, STM32U535CCT6, STM32U535CCT6Q, STM32U535CCU6, STM32U535CCU6Q, STM32U535CET6, STM32U535CET6Q, STM32U535CEU6, STM32U535CEU6Q, STM32U535JEY6QTR, STM32U535NCY6QTR, STM32U535NEY6QTR, STM32U535RBI6, STM32U535RBI6Q, STM32U535RBT6, STM32U535RBT6Q, STM32U535RCI6, STM32U535RCI6Q, STM32U535RCT6, STM32U535RCT6Q, STM32U535REI6, STM32U535REI6Q, STM32U535RET6, STM32U535RET6Q, STM32U535VCI6, STM32U535VCI6Q, STM32U535VCT6, STM32U535VCT6Q, STM32U535VEI6, STM32U535VEI6Q, STM32U535VET6, STM32U535VET6Q, STM32U545CET6, STM32U545CET6Q, STM32U545CEU6, STM32U545CEU6Q, STM32U545JEY6QTR, STM32U545NEY6QTR, STM32U545REI6, STM32U545REI6Q, STM32U545RET6, STM32U545RET6Q, STM32U545VEI6, STM32U545VEI6Q, STM32U545VET6, STM32U545VET6Q, STM32U595AIH6, STM32U595AIH6Q, STM32U595AJH6, STM32U595AJH6Q, STM32U595QII6, STM32U595QII6Q, STM32U595QJI6, STM32U595QJI6Q, STM32U595RIT6, STM32U595RIT6Q, STM32U595RJT6, STM32U595RJT6Q, STM32U595VIT6, STM32U595VIT6Q, STM32U595VJT6, STM32U595VJT6Q, STM32U595ZIT6, STM32U595ZIT6Q, STM32U595ZIY6QTR, STM32U595ZJT6, STM32U595ZJT6Q, STM32U595ZJY6QTR, STM32U599BJY6QTR, STM32U599NIH6Q, STM32U599NJH6Q, STM32U599VIT6Q, STM32U599VJT6, STM32U599VJT6Q, STM32U599ZIT6Q, STM32U599ZIY6QTR, STM32U599ZJT6Q, STM32U599ZJY6QTR, STM32U5A5AJH6, STM32U5A5AJH6Q, STM32U5A5QJI6, STM32U5A5QJI6Q, STM32U5A5RJT6, STM32U5A5RJT6Q, STM32U5A5VJT6, STM32U5A5VJT6Q, STM32U5A5ZJT6, STM32U5A5ZJT6Q, STM32U5A5ZJY6QTR, STM32U5A9BJY6QTR, STM32U5A9J-DK, STM32U5A9NJH6Q, STM32U5A9VJT6Q, STM32U5A9ZJT6Q, STM32U5A9ZJY6QTR, STM32U5F7VIT6, STM32U5F7VIT6Q, STM32U5F7VJT6, STM32U5F7VJT6Q, STM32U5F9BJY6QTR, STM32U5F9NJH6Q, STM32U5F9VIT6Q, STM32U5F9VJT6Q, STM32U5F9ZIJ6QTR, STM32U5F9ZIT6Q, STM32U5F9ZJJ6QTR, STM32U5F9ZJT6Q, STM32U5G7VJT6, STM32U5G7VJT6Q, STM32U5G9BJY6QTR, STM32U5G9J-DK1, STM32U5G9J-DK2, STM32U5G9NJH6Q, STM32U5G9VJT6Q, STM32U5G9ZJJ6QTR, STM32U5G9ZJT6Q, STM32WB1MMCH6, STM32WBA50KEU6, STM32WBA50KEU6TR, STM32WBA50KGU6, STM32WBA50KGU6TR, STM32WBA52CEU6, STM32WBA52CEU6TR, STM32WBA52CEU7, STM32WBA52CEU7TR, STM32WBA52CGU6, STM32WBA52CGU6TR, STM32WBA52CGU6U, STM32WBA52CGU7, STM32WBA52CGU7TR, STM32WBA52KEU6, STM32WBA52KEU6TR, STM32WBA52KGU6, STM32WBA52KGU6TR, STM32WBA54CEU6, STM32WBA54CEU6TR, STM32WBA54CEU7, STM32WBA54CEU7TR, STM32WBA54CGU6, STM32WBA54CGU6TR, STM32WBA54CGU7, STM32WBA54CGU7TR, STM32WBA54KEU6, STM32WBA54KEU6TR, STM32WBA54KEU7, STM32WBA54KEU7TR, STM32WBA54KGU6, STM32WBA54KGU6TR, STM32WBA54KGU7, STM32WBA54KGU7TR, STM32WBA55CEU6, STM32WBA55CEU6TR, STM32WBA55CEU7, STM32WBA55CEU7TR, STM32WBA55CGU6, STM32WBA55CGU6TR, STM32WBA55CGU6U, STM32WBA55CGU7, STM32WBA55CGU7TR, STM32WBA55G-DK1, STM32WBA55HEF6, STM32WBA55HEF7, STM32WBA55HGF6, STM32WBA55HGF7, STM32WBA55UEI6, STM32WBA55UEI6TR, STM32WBA55UEI7, STM32WBA55UEI7TR, STM32WBA55UGI6, STM32WBA55UGI6TR, STM32WBA55UGI7, STM32WBA55UGI7TR, STM32WL5MOCH6, STM32WL5MOCH6TR]
2023-12-17 16:11:43,244 [INFO] BoardInfo:889 - No configuration file found for board P-NUCLEO-WB55
2023-12-17 16:11:43,245 [INFO] DbBoards:161 - Kit is not supported: P-NUCLEO-WB55
2023-12-17 16:11:43,255 [INFO] BoardInfo:889 - No configuration file found for board STEVAL-BFA001V1B
2023-12-17 16:11:43,256 [INFO] DbBoards:161 - Kit is not supported: STEVAL-BFA001V1B
2023-12-17 16:11:43,259 [INFO] BoardInfo:889 - No configuration file found for board STEVAL-BFA001V2B
2023-12-17 16:11:43,259 [INFO] DbBoards:161 - Kit is not supported: STEVAL-BFA001V2B
2023-12-17 16:11:43,375 [ERROR] LogOutputStream:75 - [STDERR_REDIRECT] SLF4J: Failed to load class "org.slf4j.impl.StaticLoggerBinder".
2023-12-17 16:11:43,377 [ERROR] LogOutputStream:75 - [STDERR_REDIRECT] SLF4J: Defaulting to no-operation (NOP) logger implementation
2023-12-17 16:11:43,382 [ERROR] LogOutputStream:75 - [STDERR_REDIRECT] SLF4J: See http://www.slf4j.org/codes.html#StaticLoggerBinder for further details.
2023-12-17 16:11:43,646 [INFO] DbBoards:168 - Found 193 boards, 190 are supported
2023-12-17 16:11:43,647 [INFO] DbBoards:169 - Found 193 boards, 3 of them is supported for  Bsp
2023-12-17 16:11:43,708 [INFO] ApiDb:668 - CubeFinder database Data Model version=2.1
2023-12-17 16:11:43,715 [INFO] ApiDb:669 - CubeFinder database Configuration version=3.0.39
2023-12-17 16:11:43,718 [INFO] ApiDb:670 - CubeFinder database generation date=2023-11-06 (1699269565)
2023-12-17 16:11:43,719 [INFO] ApiDb:671 - CubeFinder database FW Pack versions=[FP-ATR-ASTRA1_V2.0.0, FP-SNS-FLIGHT1_V5.0.1, FP-SNS-FLIGHT1_V5.0.2, FP-SNS-MOTENV1_V4.3.1, FP-SNS-MOTENV1_V4.3.2, FP-SNS-MOTENVWB1_V1.3.0, FP-SNS-SMARTAG2_V1.2.0, STM32Cube_FW_C0_V1.1.0, STM32Cube_FW_F4_V1.28.0, STM32Cube_FW_F7_V1.17.0, STM32Cube_FW_G0_V1.6.1, STM32Cube_FW_G4_V1.5.1, STM32Cube_FW_H5_V0.5.1, STM32Cube_FW_H5_V1.1.1, STM32Cube_FW_H5_V1.2.0RC2, STM32Cube_FW_H7_V1.11.0, STM32Cube_FW_L0_V1.12.2, STM32Cube_FW_L5_V1.5.0, STM32Cube_FW_U5_V1.3.0RC4, STM32Cube_FW_U5_V1.4.0, STM32Cube_FW_WBA_V1.0.0RC1, STM32Cube_FW_WBA_V1.1.0RC1, STM32Cube_FW_WBA_V1.2.0, STM32Cube_FW_WBA_V1.2.0RC2, STM32Cube_FW_WB_V1.15.0RC1, STM32Cube_FW_WB_V1.16.0, STM32Cube_FW_WB_V1.16.0RC2, STM32Cube_FW_WB_V1.18.0, STM32Cube_FW_WL_V1.3.0, X-CUBE-ALGOBUILD_V1.3.0, X-CUBE-ALS_V1.0.1, X-CUBE-AZRTOS-F4_V1.1.0, X-CUBE-AZRTOS-F7_V1.1.0, X-CUBE-AZRTOS-G0_V1.1.0, X-CUBE-AZRTOS-G4_V2.0.0, X-CUBE-AZRTOS-H7_V3.1.0, X-CUBE-AZRTOS-L4_V1.0.0, X-CUBE-AZRTOS-L4_V2.0.0, X-CUBE-AZRTOS-L5_V1.1.0, X-CUBE-AZRTOS-WB_V2.0.0, X-CUBE-AZRTOS-WL_V2.0.0, X-CUBE-BLE1_V7.0.0, X-CUBE-BLE2_V3.3.0, X-CUBE-BLEMGR_V2.0.0, X-CUBE-EEPRMA1_V4.1.0, X-CUBE-EEPRMA1_V4.2.0, X-CUBE-FREERTOS_V1.1.0, X-CUBE-GNSS1_V6.0.0, X-CUBE-MEMS1_V10.0.0, X-CUBE-MEMS1_V9.1.0, X-CUBE-MEMS1_V9.4.0, X-CUBE-MEMS1_V9.6.0, X-CUBE-NFC4_V3.0.0, X-CUBE-NFC7_V1.0.1, X-CUBE-SFXS2LP1_V4.0.0, X-CUBE-SUBG2_V5.0.0, X-CUBE-TOF1_V3.3.1]
2023-12-17 16:11:46,870 [INFO] ApiDb:240 - Found 371 in-development CPN: [B-G473E-ZEST1S, B-WB1M-WPAN1, B-WL5M-SUBG1, NUCLEO-C031C6, NUCLEO-H503RB, NUCLEO-H563ZI, NUCLEO-U545RE-Q, NUCLEO-U5A5ZJ-Q, NUCLEO-WBA52CG, NUCLEO-WBA55CG, STEVAL-MKBOXPRO, STEVAL-PROTEUS1, STEVAL-STWINBX1, STM320518-EVAL, STM32C0116-DK, STM32C011D6Y3TR, STM32C011D6Y6TR, STM32C011F4P3, STM32C011F4P6, STM32C011F4U3, STM32C011F4U6TR, STM32C011F6P3, STM32C011F6P6, STM32C011F6U3, STM32C011F6U6TR, STM32C011J4M3, STM32C011J4M6, STM32C011J6M3, STM32C011J6M6, STM32C0316-DK, STM32C031C4T3, STM32C031C4T6, STM32C031C4U3, STM32C031C4U6, STM32C031C6T3, STM32C031C6T6, STM32C031C6U3, STM32C031C6U6, STM32C031F4P3, STM32C031F4P6, STM32C031F6P3, STM32C031F6P6, STM32C031G4U3, STM32C031G4U6, STM32C031G6U3, STM32C031G6U6, STM32C031K4T3, STM32C031K4T6, STM32C031K4U3, STM32C031K4U6, STM32C031K6T3, STM32C031K6T6, STM32C031K6U3, STM32C031K6U6, STM32G071K8TXN, STM32G071K8UXN, STM32G081GBU6N, STM32G081KBT6N, STM32G081KBUXN, STM32G0B1CCT6N, STM32G0B1KCT6, STM32G0B1NEY6TR, STM32G0B1RCT6N, STM32G0C1CCT6, STM32G0C1CCT6N, STM32G0C1CCU6N, STM32G0C1CET6N, STM32G0C1CEU6N, STM32G0C1KCT6, STM32G0C1NEY6TR, STM32G0C1RCI6N, STM32G0C1RCT6N, STM32G0C1REI6N, STM32G0C1RET6N, STM32G0C1VCI6, STM32G0C1VEI6, STM32G471CCT6, STM32G471CCU6, STM32G471CET3, STM32G471CET6, STM32G471CEU3, STM32G471CEU6, STM32G471MCT6, STM32G471MET3, STM32G471MET6, STM32G471MEY6TR, STM32G471QCT6, STM32G471QET3, STM32G471RCT6, STM32G471RET3, STM32G471RET6, STM32G471VCH6, STM32G471VCI6, STM32G471VCT6, STM32G471VEH3, STM32G471VEH6, STM32G471VEI3, STM32G471VEI6, STM32G471VET3, STM32G471VET6, STM32G474CCT6, STM32H503CBT6, STM32H503CBU6, STM32H503EBY6TR, STM32H503KBU6, STM32H503RBT6, STM32H562AGI6, STM32H562AII6, STM32H562IGK6, STM32H562IGT6, STM32H562IIK6, STM32H562IIT6, STM32H562RGT6, STM32H562RGV6, STM32H562RIT6, STM32H562RIV6, STM32H562VGT6, STM32H562VIT6, STM32H562ZGT6, STM32H562ZIT6, STM32H563AGI6, STM32H563AII3Q, STM32H563AII6, STM32H563IGK6, STM32H563IGT6, STM32H563IIK3Q, STM32H563IIK6, STM32H563IIT3Q, STM32H563IIT6, STM32H563MIY3QTR, STM32H563RGT6, STM32H563RGV6, STM32H563RIT6, STM32H563RIV6, STM32H563VGT6, STM32H563VIT3Q, STM32H563VIT6, STM32H563ZGT6, STM32H563ZIT3Q, STM32H563ZIT6, STM32H573AII3Q, STM32H573AII6, STM32H573I-DK, STM32H573IIK3Q, STM32H573IIK6, STM32H573IIT3Q, STM32H573IIT6, STM32H573MIY3QTR, STM32H573RIT6, STM32H573RIV6, STM32H573VIT3Q, STM32H573VIT6, STM32H573ZIT3Q, STM32H573ZIT6, STM32L4R5QGI6STR, STM32MP131AAE3, STM32MP131AAF3, STM32MP131AAG3, STM32MP131CAE3, STM32MP131CAF3, STM32MP131CAG3, STM32MP131DAE7, STM32MP131DAF7, STM32MP131DAG7, STM32MP131FAE7, STM32MP131FAF7, STM32MP131FAG7, STM32MP133AAE3, STM32MP133AAF3, STM32MP133AAG3, STM32MP133CAE3, STM32MP133CAF3, STM32MP133CAG3, STM32MP133DAE7, STM32MP133DAF7, STM32MP133DAG7, STM32MP133FAE7, STM32MP133FAF7, STM32MP133FAG7, STM32MP135AAE3, STM32MP135AAF3, STM32MP135AAG3, STM32MP135CAE3, STM32MP135CAF3, STM32MP135CAG3, STM32MP135DAE7, STM32MP135DAF7, STM32MP135DAG7, STM32MP135F-DK, STM32MP135FAE7, STM32MP135FAF7, STM32MP135FAF7T, STM32MP135FAF7U, STM32MP135FAG7, STM32U535CBT6, STM32U535CBT6Q, STM32U535CBU6, STM32U535CBU6Q, STM32U535CCT6, STM32U535CCT6Q, STM32U535CCU6, STM32U535CCU6Q, STM32U535CET6, STM32U535CET6Q, STM32U535CEU6, STM32U535CEU6Q, STM32U535JEY6QTR, STM32U535NCY6QTR, STM32U535NEY6QTR, STM32U535RBI6, STM32U535RBI6Q, STM32U535RBT6, STM32U535RBT6Q, STM32U535RCI6, STM32U535RCI6Q, STM32U535RCT6, STM32U535RCT6Q, STM32U535REI6, STM32U535REI6Q, STM32U535RET6, STM32U535RET6Q, STM32U535VCI6, STM32U535VCI6Q, STM32U535VCT6, STM32U535VCT6Q, STM32U535VEI6, STM32U535VEI6Q, STM32U535VET6, STM32U535VET6Q, STM32U545CET6, STM32U545CET6Q, STM32U545CEU6, STM32U545CEU6Q, STM32U545JEY6QTR, STM32U545NEY6QTR, STM32U545REI6, STM32U545REI6Q, STM32U545RET6, STM32U545RET6Q, STM32U545VEI6, STM32U545VEI6Q, STM32U545VET6, STM32U545VET6Q, STM32U595AIH6, STM32U595AIH6Q, STM32U595AJH6, STM32U595AJH6Q, STM32U595QII6, STM32U595QII6Q, STM32U595QJI6, STM32U595QJI6Q, STM32U595RIT6, STM32U595RIT6Q, STM32U595RJT6, STM32U595RJT6Q, STM32U595VIT6, STM32U595VIT6Q, STM32U595VJT6, STM32U595VJT6Q, STM32U595ZIT6, STM32U595ZIT6Q, STM32U595ZIY6QTR, STM32U595ZJT6, STM32U595ZJT6Q, STM32U595ZJY6QTR, STM32U599BJY6QTR, STM32U599NIH6Q, STM32U599NJH6Q, STM32U599VIT6Q, STM32U599VJT6, STM32U599VJT6Q, STM32U599ZIT6Q, STM32U599ZIY6QTR, STM32U599ZJT6Q, STM32U599ZJY6QTR, STM32U5A5AJH6, STM32U5A5AJH6Q, STM32U5A5QJI6, STM32U5A5QJI6Q, STM32U5A5RJT6, STM32U5A5RJT6Q, STM32U5A5VJT6, STM32U5A5VJT6Q, STM32U5A5ZJT6, STM32U5A5ZJT6Q, STM32U5A5ZJY6QTR, STM32U5A9BJY6QTR, STM32U5A9J-DK, STM32U5A9NJH6Q, STM32U5A9VJT6Q, STM32U5A9ZJT6Q, STM32U5A9ZJY6QTR, STM32U5F7VIT6, STM32U5F7VIT6Q, STM32U5F7VJT6, STM32U5F7VJT6Q, STM32U5F9BJY6QTR, STM32U5F9NJH6Q, STM32U5F9VIT6Q, STM32U5F9VJT6Q, STM32U5F9ZIJ6QTR, STM32U5F9ZIT6Q, STM32U5F9ZJJ6QTR, STM32U5F9ZJT6Q, STM32U5G7VJT6, STM32U5G7VJT6Q, STM32U5G9BJY6QTR, STM32U5G9J-DK1, STM32U5G9J-DK2, STM32U5G9NJH6Q, STM32U5G9VJT6Q, STM32U5G9ZJJ6QTR, STM32U5G9ZJT6Q, STM32WB1MMCH6, STM32WBA50KEU6, STM32WBA50KEU6TR, STM32WBA50KGU6, STM32WBA50KGU6TR, STM32WBA52CEU6, STM32WBA52CEU6TR, STM32WBA52CEU7, STM32WBA52CEU7TR, STM32WBA52CGU6, STM32WBA52CGU6TR, STM32WBA52CGU6U, STM32WBA52CGU7, STM32WBA52CGU7TR, STM32WBA52KEU6, STM32WBA52KEU6TR, STM32WBA52KGU6, STM32WBA52KGU6TR, STM32WBA54CEU6, STM32WBA54CEU6TR, STM32WBA54CEU7, STM32WBA54CEU7TR, STM32WBA54CGU6, STM32WBA54CGU6TR, STM32WBA54CGU7, STM32WBA54CGU7TR, STM32WBA54KEU6, STM32WBA54KEU6TR, STM32WBA54KEU7, STM32WBA54KEU7TR, STM32WBA54KGU6, STM32WBA54KGU6TR, STM32WBA54KGU7, STM32WBA54KGU7TR, STM32WBA55CEU6, STM32WBA55CEU6TR, STM32WBA55CEU7, STM32WBA55CEU7TR, STM32WBA55CGU6, STM32WBA55CGU6TR, STM32WBA55CGU6U, STM32WBA55CGU7, STM32WBA55CGU7TR, STM32WBA55G-DK1, STM32WBA55HEF6, STM32WBA55HEF7, STM32WBA55HGF6, STM32WBA55HGF7, STM32WBA55UEI6, STM32WBA55UEI6TR, STM32WBA55UEI7, STM32WBA55UEI7TR, STM32WBA55UGI6, STM32WBA55UGI6TR, STM32WBA55UGI7, STM32WBA55UGI7TR, STM32WL5MOCH6, STM32WL5MOCH6TR]
2023-12-17 16:11:46,877 [INFO] DbMcus:218 - Found 3930 MCUs, 3930 are supported
2023-12-17 16:11:46,878 [INFO] ApiDb:423 - Load user favorites file C:\Users\Admin/.stm32cubeide/favorites.mcus.txt: 0 item(s)
2023-12-17 16:11:46,879 [INFO] ApiDb:427 - User favorites MCUs=[]
2023-12-17 16:11:46,879 [INFO] DbMcus:224 - Set 0 / 0 favorites MCUs
2023-12-17 16:11:47,149 [INFO] ApiDb:423 - Load user favorites file C:\Users\Admin/.stm32cubeide/favorites.boards.txt: 0 item(s)
2023-12-17 16:11:47,149 [INFO] ApiDb:427 - User favorites Boards=[]
2023-12-17 16:11:47,149 [INFO] DbBoards:198 - Set 0 / 0 favorites Boards
2023-12-17 16:11:47,150 [INFO] McuFinderGlobals:76 - Set McuFinderConnectedMode to false
2023-12-17 16:11:47,159 [INFO] MultiScanPanel:200 - Auto-refresh data requested => check proxy status ongoing
2023-12-17 16:11:47,159 [INFO] MultiScanPanel:204 - Proxy status is invalid
2023-12-17 16:11:47,162 [INFO] FinderPluginLoader:95 - Searching for filters in installed packs
2023-12-17 16:11:50,066 [INFO] DetailPanel:341 - Set advertising image to C:/Users/Admin/STM32Cube/Repository/\en.prom-stm32wl3-mcu-finder.jpg
2023-12-17 16:13:43,752 [ERROR] ConfigurationRetriever:142 - IOException on connection: sw-center.st.com
2023-12-17 16:13:43,753 [ERROR] ConfigurationRetriever:142 - IOException on connection: sw-center.st.com
2023-12-17 16:13:43,753 [ERROR] ConfigurationRetriever:142 - IOException on connection: sw-center.st.com
2023-12-17 16:13:44,151 [INFO] McuFinderGlobals:76 - Set McuFinderConnectedMode to true
2023-12-17 16:13:44,156 [INFO] ApiDb:448 - Save user favorites file C:\Users\Admin/.stm32cubeide/favorites.mcus.txt: 0 item(s)
2023-12-17 16:13:44,157 [INFO] ApiDb:452 - User favorites MCUs=[]
2023-12-17 16:14:26,430 [ERROR] ConfigurationRetriever:142 - IOException on connection: sw-center.st.com
2023-12-17 16:14:26,432 [ERROR] ConfigurationRetriever:142 - IOException on connection: sw-center.st.com
2023-12-17 16:14:26,432 [ERROR] ConfigurationRetriever:142 - IOException on connection: sw-center.st.com
2023-12-17 16:31:40,383 [INFO] MainUpdater:2873 - connection check result : 22
2023-12-17 16:31:43,415 [INFO] McuFinderGlobals:76 - Set McuFinderConnectedMode to false
2023-12-17 16:31:43,417 [INFO] MultiScanPanel:200 - Auto-refresh data requested => check proxy status ongoing
2023-12-17 16:31:43,417 [INFO] MultiScanPanel:204 - Proxy status is invalid
2023-12-17 16:31:43,418 [INFO] FinderPluginLoader:95 - Searching for filters in installed packs
2023-12-17 16:31:44,605 [INFO] DetailPanel:341 - Set advertising image to C:/Users/Admin/STM32Cube/Repository/\en.prom-stm32wl3-mcu-finder.jpg
2023-12-17 16:32:47,864 [INFO] MultiScanPanel:200 - Auto-refresh data requested => check proxy status ongoing
2023-12-17 16:32:47,864 [INFO] MultiScanPanel:204 - Proxy status is invalid
2023-12-17 16:32:48,074 [INFO] DetailPanel:341 - Set advertising image to C:/Users/Admin/STM32Cube/Repository/\en.prom-stm32wl3-mcu-finder.jpg
2023-12-17 16:32:48,096 [INFO] DbBoards:642 - Loading board mini-images...
2023-12-17 16:32:49,769 [ERROR] DbBoards:659 - Image file not found for board NUCLEO-WBA55CG: C:\Users\Admin\.stmcufinder\plugins\mcufinder//mcu//boards_images/NUCLEO-WBA55CG.jpg
2023-12-17 16:32:51,336 [ERROR] DbBoards:659 - Image file not found for board STM32WBA55G-DK1: C:\Users\Admin\.stmcufinder\plugins\mcufinder//mcu//boards_images/STM32WBA55G-DK1.jpg
2023-12-17 16:32:51,336 [INFO] DbBoards:665 - Loaded 191 board mini-images
2023-12-17 16:35:24,643 [INFO] MultiScanPanel:200 - Auto-refresh data requested => check proxy status ongoing
2023-12-17 16:35:24,644 [INFO] MultiScanPanel:204 - Proxy status is invalid
2023-12-17 16:35:24,651 [INFO] ApiDb:668 - CubeFinder database Data Model version=2.1
2023-12-17 16:35:24,651 [INFO] ApiDb:669 - CubeFinder database Configuration version=3.0.39
2023-12-17 16:35:24,652 [INFO] ApiDb:670 - CubeFinder database generation date=2023-11-06 (1699269565)
2023-12-17 16:35:24,652 [INFO] ApiDb:671 - CubeFinder database FW Pack versions=[FP-ATR-ASTRA1_V2.0.0, FP-SNS-FLIGHT1_V5.0.1, FP-SNS-FLIGHT1_V5.0.2, FP-SNS-MOTENV1_V4.3.1, FP-SNS-MOTENV1_V4.3.2, FP-SNS-MOTENVWB1_V1.3.0, FP-SNS-SMARTAG2_V1.2.0, STM32Cube_FW_C0_V1.1.0, STM32Cube_FW_F4_V1.28.0, STM32Cube_FW_F7_V1.17.0, STM32Cube_FW_G0_V1.6.1, STM32Cube_FW_G4_V1.5.1, STM32Cube_FW_H5_V0.5.1, STM32Cube_FW_H5_V1.1.1, STM32Cube_FW_H5_V1.2.0RC2, STM32Cube_FW_H7_V1.11.0, STM32Cube_FW_L0_V1.12.2, STM32Cube_FW_L5_V1.5.0, STM32Cube_FW_U5_V1.3.0RC4, STM32Cube_FW_U5_V1.4.0, STM32Cube_FW_WBA_V1.0.0RC1, STM32Cube_FW_WBA_V1.1.0RC1, STM32Cube_FW_WBA_V1.2.0, STM32Cube_FW_WBA_V1.2.0RC2, STM32Cube_FW_WB_V1.15.0RC1, STM32Cube_FW_WB_V1.16.0, STM32Cube_FW_WB_V1.16.0RC2, STM32Cube_FW_WB_V1.18.0, STM32Cube_FW_WL_V1.3.0, X-CUBE-ALGOBUILD_V1.3.0, X-CUBE-ALS_V1.0.1, X-CUBE-AZRTOS-F4_V1.1.0, X-CUBE-AZRTOS-F7_V1.1.0, X-CUBE-AZRTOS-G0_V1.1.0, X-CUBE-AZRTOS-G4_V2.0.0, X-CUBE-AZRTOS-H7_V3.1.0, X-CUBE-AZRTOS-L4_V1.0.0, X-CUBE-AZRTOS-L4_V2.0.0, X-CUBE-AZRTOS-L5_V1.1.0, X-CUBE-AZRTOS-WB_V2.0.0, X-CUBE-AZRTOS-WL_V2.0.0, X-CUBE-BLE1_V7.0.0, X-CUBE-BLE2_V3.3.0, X-CUBE-BLEMGR_V2.0.0, X-CUBE-EEPRMA1_V4.1.0, X-CUBE-EEPRMA1_V4.2.0, X-CUBE-FREERTOS_V1.1.0, X-CUBE-GNSS1_V6.0.0, X-CUBE-MEMS1_V10.0.0, X-CUBE-MEMS1_V9.1.0, X-CUBE-MEMS1_V9.4.0, X-CUBE-MEMS1_V9.6.0, X-CUBE-NFC4_V3.0.0, X-CUBE-NFC7_V1.0.1, X-CUBE-SFXS2LP1_V4.0.0, X-CUBE-SUBG2_V5.0.0, X-CUBE-TOF1_V3.3.1]
2023-12-17 16:35:26,276 [ERROR] DbExamplesSqlite:437 - Missing JSON key: board_cpn
2023-12-17 16:35:26,276 [ERROR] DbExamplesSqlite:437 - Missing JSON key: board_cpn
2023-12-17 16:35:26,276 [ERROR] DbExamplesSqlite:437 - Missing JSON key: board_cpn
2023-12-17 16:35:26,277 [ERROR] DbExamplesSqlite:437 - Missing JSON key: board_cpn
2023-12-17 16:35:26,377 [INFO] DbExamplesSqlite:395 - Ignored 55 examples not supported by CubeIDE
2023-12-17 16:35:26,377 [INFO] DbExamplesSqlite:396 - Found 7548 examples active
2023-12-17 16:35:26,378 [INFO] DbExamplesSqlite:397 - Found 848 examples obsolete
2023-12-17 16:35:26,378 [INFO] DbExamplesSqlite:398 - Found 0 examples under development
2023-12-17 16:35:26,378 [INFO] DbExamplesSqlite:399 - Found 8 examples not building
2023-12-17 16:35:26,381 [INFO] DbExamples:125 - Found 7501 examples
2023-12-17 16:35:26,404 [INFO] DbExamples:222 - Found 95 boards with related examples
2023-12-17 16:35:26,406 [INFO] DbExamples:235 - Found 80 MCUs with related examples
2023-12-17 16:35:26,443 [INFO] ApiDb:423 - Load user favorites file C:\Users\Admin/.stm32cubeide/favorites.examples.txt: 0 item(s)
2023-12-17 16:35:26,443 [INFO] ApiDb:427 - User favorites Examples=[]
2023-12-17 16:35:26,447 [INFO] DbExamples:250 - Set 0 / 0 favorites Examples
2023-12-17 16:35:26,575 [INFO] SoftwarePacks:127 - Download is needed for SW pack 'FP-ATR-ASTRA1_V2.0.0'
2023-12-17 16:35:26,575 [INFO] SoftwarePacks:127 - Download is needed for SW pack 'FP-SNS-FLIGHT1_V5.0.2'
2023-12-17 16:35:26,576 [INFO] SoftwarePacks:127 - Download is needed for SW pack 'FP-SNS-MOTENV1_V4.3.2'
2023-12-17 16:35:26,576 [INFO] SoftwarePacks:127 - Download is needed for SW pack 'FP-SNS-SMARTAG2_V1.2.0'
2023-12-17 16:35:26,588 [INFO] SoftwarePacks:127 - Download is needed for SW pack 'STM32Cube_FW_C0_V1.1.0'
2023-12-17 16:35:26,595 [INFO] SoftwarePacks:127 - Download is needed for SW pack 'STM32Cube_FW_F4_V1.28.0'
2023-12-17 16:35:26,602 [INFO] SoftwarePacks:127 - Download is needed for SW pack 'STM32Cube_FW_F7_V1.17.0'
2023-12-17 16:35:26,608 [INFO] SoftwarePacks:127 - Download is needed for SW pack 'STM32Cube_FW_G0_V1.6.1'
2023-12-17 16:35:26,615 [INFO] SoftwarePacks:127 - Download is needed for SW pack 'STM32Cube_FW_G4_V1.5.1'
2023-12-17 16:35:26,622 [INFO] SoftwarePacks:127 - Download is needed for SW pack 'STM32Cube_FW_H5_V1.1.1'
2023-12-17 16:35:26,629 [INFO] SoftwarePacks:127 - Download is needed for SW pack 'STM32Cube_FW_H7_V1.11.0'
2023-12-17 16:35:26,636 [INFO] SoftwarePacks:127 - Download is needed for SW pack 'STM32Cube_FW_L0_V1.12.2'
2023-12-17 16:35:26,643 [INFO] SoftwarePacks:127 - Download is needed for SW pack 'STM32Cube_FW_L5_V1.5.0'
2023-12-17 16:35:26,650 [INFO] SoftwarePacks:127 - Download is needed for SW pack 'STM32Cube_FW_U5_V1.4.0'
2023-12-17 16:35:26,657 [INFO] SoftwarePacks:127 - Download is needed for SW pack 'STM32Cube_FW_WBA_V1.2.0'
2023-12-17 16:35:26,664 [INFO] SoftwarePacks:127 - Download is needed for SW pack 'STM32Cube_FW_WB_V1.18.0'
2023-12-17 16:35:26,671 [INFO] SoftwarePacks:127 - Download is needed for SW pack 'STM32Cube_FW_WL_V1.3.0'
2023-12-17 16:35:26,672 [INFO] SoftwarePacks:127 - Download is needed for SW pack 'X-CUBE-ALGOBUILD_V1.3.0'
2023-12-17 16:35:26,672 [INFO] SoftwarePacks:127 - Download is needed for SW pack 'X-CUBE-ALS_V1.0.1'
2023-12-17 16:35:26,673 [INFO] SoftwarePacks:127 - Download is needed for SW pack 'X-CUBE-AZRTOS-F4_V1.1.0'
2023-12-17 16:35:26,673 [INFO] SoftwarePacks:127 - Download is needed for SW pack 'X-CUBE-AZRTOS-F7_V1.1.0'
2023-12-17 16:35:26,674 [INFO] SoftwarePacks:127 - Download is needed for SW pack 'X-CUBE-AZRTOS-G0_V1.1.0'
2023-12-17 16:35:26,674 [INFO] SoftwarePacks:127 - Download is needed for SW pack 'X-CUBE-AZRTOS-G4_V2.0.0'
2023-12-17 16:35:26,674 [INFO] SoftwarePacks:127 - Download is needed for SW pack 'X-CUBE-AZRTOS-H7_V3.1.0'
2023-12-17 16:35:26,675 [INFO] SoftwarePacks:127 - Download is needed for SW pack 'X-CUBE-AZRTOS-L4_V2.0.0'
2023-12-17 16:35:26,675 [INFO] SoftwarePacks:127 - Download is needed for SW pack 'X-CUBE-AZRTOS-L5_V1.1.0'
2023-12-17 16:35:26,675 [INFO] SoftwarePacks:127 - Download is needed for SW pack 'X-CUBE-AZRTOS-WB_V2.0.0'
2023-12-17 16:35:26,676 [INFO] SoftwarePacks:127 - Download is needed for SW pack 'X-CUBE-AZRTOS-WL_V2.0.0'
2023-12-17 16:35:26,676 [INFO] SoftwarePacks:127 - Download is needed for SW pack 'X-CUBE-BLE1_V7.0.0'
2023-12-17 16:35:26,676 [INFO] SoftwarePacks:127 - Download is needed for SW pack 'X-CUBE-BLE2_V3.3.0'
2023-12-17 16:35:26,677 [INFO] SoftwarePacks:127 - Download is needed for SW pack 'X-CUBE-BLEMGR_V2.0.0'
2023-12-17 16:35:26,677 [INFO] SoftwarePacks:127 - Download is needed for SW pack 'X-CUBE-EEPRMA1_V4.2.0'
2023-12-17 16:35:26,677 [INFO] SoftwarePacks:127 - Download is needed for SW pack 'X-CUBE-FREERTOS_V1.1.0'
2023-12-17 16:35:26,677 [INFO] SoftwarePacks:127 - Download is needed for SW pack 'X-CUBE-GNSS1_V6.0.0'
2023-12-17 16:35:26,678 [INFO] SoftwarePacks:127 - Download is needed for SW pack 'X-CUBE-MEMS1_V10.0.0'
2023-12-17 16:35:26,678 [INFO] SoftwarePacks:127 - Download is needed for SW pack 'X-CUBE-NFC4_V3.0.0'
2023-12-17 16:35:26,678 [INFO] SoftwarePacks:127 - Download is needed for SW pack 'X-CUBE-NFC7_V1.0.1'
2023-12-17 16:35:26,679 [INFO] SoftwarePacks:127 - Download is needed for SW pack 'X-CUBE-SFXS2LP1_V4.0.0'
2023-12-17 16:35:26,679 [INFO] SoftwarePacks:127 - Download is needed for SW pack 'X-CUBE-SUBG2_V5.0.0'
2023-12-17 16:35:26,679 [INFO] SoftwarePacks:127 - Download is needed for SW pack 'X-CUBE-TOF1_V3.3.1'
2023-12-17 16:35:29,338 [INFO] DetailPanel:341 - Set advertising image to C:/Users/Admin/STM32Cube/Repository/\en.prom-stm32wl3-mcu-finder.jpg
2023-12-17 16:37:16,586 [INFO] McuFinderGlobals:76 - Set McuFinderConnectedMode to true
2023-12-17 16:37:16,589 [INFO] ApiDb:448 - Save user favorites file C:\Users\Admin/.stm32cubeide/favorites.mcus.txt: 0 item(s)
2023-12-17 16:37:16,589 [INFO] ApiDb:452 - User favorites MCUs=[]
2023-12-17 16:37:16,595 [INFO] ApiDb:448 - Save user favorites file C:\Users\Admin/.stm32cubeide/favorites.boards.txt: 0 item(s)
2023-12-17 16:37:16,596 [INFO] ApiDb:452 - User favorites Boards=[]
2023-12-17 16:37:16,601 [INFO] ApiDb:448 - Save user favorites file C:\Users\Admin/.stm32cubeide/favorites.examples.txt: 0 item(s)
2023-12-17 16:37:16,601 [INFO] ApiDb:452 - User favorites Examples=[]
2023-12-17 17:25:08,473 [INFO] LogOutputStream:77 - [STDOUT_REDIRECT] StartTraceHandler.execute(), success : Collect=true
2023-12-17 17:25:32,147 [INFO] LogOutputStream:77 - [STDOUT_REDIRECT] StartTraceHandler.execute(), success : Collect=false
2023-12-17 17:26:07,664 [INFO] LogOutputStream:77 - [STDOUT_REDIRECT] StartTraceHandler.execute(), success : Collect=true
2023-12-17 17:26:08,708 [INFO] LogOutputStream:77 - [STDOUT_REDIRECT] StartTraceHandler.execute(), success : Collect=false
2023-12-17 17:26:09,764 [INFO] LogOutputStream:77 - [STDOUT_REDIRECT] StartTraceHandler.execute(), success : Collect=true
2023-12-17 17:26:37,904 [INFO] LogOutputStream:77 - [STDOUT_REDIRECT] StartTraceHandler.execute(), success : Collect=false
2023-12-17 17:26:51,152 [INFO] LogOutputStream:77 - [STDOUT_REDIRECT] StartTraceHandler.execute(), success : Collect=true
2023-12-17 17:26:53,532 [INFO] LogOutputStream:77 - [STDOUT_REDIRECT] StartTraceHandler.execute(), success : Collect=false
2023-12-17 17:26:56,870 [INFO] LogOutputStream:77 - [STDOUT_REDIRECT] StartTraceHandler.execute(), success : Collect=true
