10:02:58 **** Build of configuration Debug for project demolight ****
make -j4 all 
arm-none-eabi-gcc -mcpu=cortex-m4 -g3 -DDEBUG -c -x assembler-with-cpp -MMD -MP -MF"Startup/startup_stm32f429zitx.d" -MT"Startup/startup_stm32f429zitx.o" --specs=nano.specs -mfpu=fpv4-sp-d16 -mfloat-abi=hard -mthumb -o "Startup/startup_stm32f429zitx.o" "../Startup/startup_stm32f429zitx.s"
arm-none-eabi-gcc "../Src/main.c" -mcpu=cortex-m4 -std=gnu11 -g3 -DDEBUG -DSTM32 -DSTM32F429ZITx -DSTM32F4 -c -I../Inc -O0 -ffunction-sections -fdata-sections -Wall -fstack-usage -fcyclomatic-complexity -MMD -MP -MF"Src/main.d" -MT"Src/main.o" --specs=nano.specs -mfpu=fpv4-sp-d16 -mfloat-abi=hard -mthumb -o "Src/main.o"
arm-none-eabi-gcc "../Src/syscalls.c" -mcpu=cortex-m4 -std=gnu11 -g3 -DDEBUG -DSTM32 -DSTM32F429ZITx -DSTM32F4 -c -I../Inc -O0 -ffunction-sections -fdata-sections -Wall -fstack-usage -fcyclomatic-complexity -MMD -MP -MF"Src/syscalls.d" -MT"Src/syscalls.o" --specs=nano.specs -mfpu=fpv4-sp-d16 -mfloat-abi=hard -mthumb -o "Src/syscalls.o"
arm-none-eabi-gcc "../Src/sysmem.c" -mcpu=cortex-m4 -std=gnu11 -g3 -DDEBUG -DSTM32 -DSTM32F429ZITx -DSTM32F4 -c -I../Inc -O0 -ffunction-sections -fdata-sections -Wall -fstack-usage -fcyclomatic-complexity -MMD -MP -MF"Src/sysmem.d" -MT"Src/sysmem.o" --specs=nano.specs -mfpu=fpv4-sp-d16 -mfloat-abi=hard -mthumb -o "Src/sysmem.o"
../Src/main.c: In function 'main':
../Src/main.c:27:9: warning: implicit declaration of function 'HAL_Init' [-Wimplicit-function-declaration]
   27 |         HAL_Init();
      |         ^~~~~~~~
../Src/main.c:38:13: warning: implicit declaration of function 'HAL_GPIO_TogglePin' [-Wimplicit-function-declaration]
   38 |           { HAL_GPIO_TogglePin(GPIOC, GPIO_PIN_13);
      |             ^~~~~~~~~~~~~~~~~~
../Src/main.c:38:32: error: 'GPIOC' undeclared (first use in this function)
   38 |           { HAL_GPIO_TogglePin(GPIOC, GPIO_PIN_13);
      |                                ^~~~~
../Src/main.c:38:32: note: each undeclared identifier is reported only once for each function it appears in
../Src/main.c:38:39: error: 'GPIO_PIN_13' undeclared (first use in this function)
   38 |           { HAL_GPIO_TogglePin(GPIOC, GPIO_PIN_13);
      |                                       ^~~~~~~~~~~
../Src/main.c: In function 'SystemClock_Config':
../Src/main.c:47:3: error: unknown type name 'RCC_OscInitTypeDef'
   47 |   RCC_OscInitTypeDef RCC_OscInitStruct = {0};
      |   ^~~~~~~~~~~~~~~~~~
../Src/main.c:48:3: error: unknown type name 'RCC_ClkInitTypeDef'
   48 |   RCC_ClkInitTypeDef RCC_ClkInitStruct = {0};
      |   ^~~~~~~~~~~~~~~~~~
../Src/main.c:53:20: error: request for member 'OscillatorType' in something not a structure or union
   53 |   RCC_OscInitStruct.OscillatorType = RCC_OSCILLATORTYPE_HSI;
      |                    ^
../Src/main.c:53:38: error: 'RCC_OSCILLATORTYPE_HSI' undeclared (first use in this function)
   53 |   RCC_OscInitStruct.OscillatorType = RCC_OSCILLATORTYPE_HSI;
      |                                      ^~~~~~~~~~~~~~~~~~~~~~
../Src/main.c:54:20: error: request for member 'HSIState' in something not a structure or union
   54 |   RCC_OscInitStruct.HSIState = RCC_HSI_ON;
      |                    ^
../Src/main.c:54:32: error: 'RCC_HSI_ON' undeclared (first use in this function)
   54 |   RCC_OscInitStruct.HSIState = RCC_HSI_ON;
      |                                ^~~~~~~~~~
../Src/main.c:55:20: error: request for member 'HSICalibrationValue' in something not a structure or union
   55 |   RCC_OscInitStruct.HSICalibrationValue = RCC_HSICALIBRATION_DEFAULT;
      |                    ^
../Src/main.c:55:43: error: 'RCC_HSICALIBRATION_DEFAULT' undeclared (first use in this function)
   55 |   RCC_OscInitStruct.HSICalibrationValue = RCC_HSICALIBRATION_DEFAULT;
      |                                           ^~~~~~~~~~~~~~~~~~~~~~~~~~
../Src/main.c:56:20: error: request for member 'PLL' in something not a structure or union
   56 |   RCC_OscInitStruct.PLL.PLLState = RCC_PLL_NONE;
      |                    ^
../Src/main.c:56:36: error: 'RCC_PLL_NONE' undeclared (first use in this function)
   56 |   RCC_OscInitStruct.PLL.PLLState = RCC_PLL_NONE;
      |                                    ^~~~~~~~~~~~
../Src/main.c:57:7: warning: implicit declaration of function 'HAL_RCC_OscConfig' [-Wimplicit-function-declaration]
   57 |   if (HAL_RCC_OscConfig(&RCC_OscInitStruct) != HAL_OK)
      |       ^~~~~~~~~~~~~~~~~
../Src/main.c:57:48: error: 'HAL_OK' undeclared (first use in this function)
   57 |   if (HAL_RCC_OscConfig(&RCC_OscInitStruct) != HAL_OK)
      |                                                ^~~~~~
../Src/main.c:59:5: warning: implicit declaration of function 'Error_Handler' [-Wimplicit-function-declaration]
   59 |     Error_Handler();
      |     ^~~~~~~~~~~~~
../Src/main.c:64:20: error: request for member 'ClockType' in something not a structure or union
   64 |   RCC_ClkInitStruct.ClockType = RCC_CLOCKTYPE_HCLK|RCC_CLOCKTYPE_SYSCLK
      |                    ^
../Src/main.c:64:33: error: 'RCC_CLOCKTYPE_HCLK' undeclared (first use in this function)
   64 |   RCC_ClkInitStruct.ClockType = RCC_CLOCKTYPE_HCLK|RCC_CLOCKTYPE_SYSCLK
      |                                 ^~~~~~~~~~~~~~~~~~
../Src/main.c:64:52: error: 'RCC_CLOCKTYPE_SYSCLK' undeclared (first use in this function)
   64 |   RCC_ClkInitStruct.ClockType = RCC_CLOCKTYPE_HCLK|RCC_CLOCKTYPE_SYSCLK
      |                                                    ^~~~~~~~~~~~~~~~~~~~
../Src/main.c:65:32: error: 'RCC_CLOCKTYPE_PCLK1' undeclared (first use in this function)
   65 |                               |RCC_CLOCKTYPE_PCLK1|RCC_CLOCKTYPE_PCLK2;
      |                                ^~~~~~~~~~~~~~~~~~~
../Src/main.c:65:52: error: 'RCC_CLOCKTYPE_PCLK2' undeclared (first use in this function)
   65 |                               |RCC_CLOCKTYPE_PCLK1|RCC_CLOCKTYPE_PCLK2;
      |                                                    ^~~~~~~~~~~~~~~~~~~
../Src/main.c:66:20: error: request for member 'SYSCLKSource' in something not a structure or union
   66 |   RCC_ClkInitStruct.SYSCLKSource = RCC_SYSCLKSOURCE_HSI;
      |                    ^
../Src/main.c:66:36: error: 'RCC_SYSCLKSOURCE_HSI' undeclared (first use in this function)
   66 |   RCC_ClkInitStruct.SYSCLKSource = RCC_SYSCLKSOURCE_HSI;
      |                                    ^~~~~~~~~~~~~~~~~~~~
../Src/main.c:67:20: error: request for member 'AHBCLKDivider' in something not a structure or union
   67 |   RCC_ClkInitStruct.AHBCLKDivider = RCC_SYSCLK_DIV1;
      |                    ^
../Src/main.c:67:37: error: 'RCC_SYSCLK_DIV1' undeclared (first use in this function)
   67 |   RCC_ClkInitStruct.AHBCLKDivider = RCC_SYSCLK_DIV1;
      |                                     ^~~~~~~~~~~~~~~
../Src/main.c:68:20: error: request for member 'APB1CLKDivider' in something not a structure or union
   68 |   RCC_ClkInitStruct.APB1CLKDivider = RCC_HCLK_DIV1;
      |                    ^
../Src/main.c:68:38: error: 'RCC_HCLK_DIV1' undeclared (first use in this function)
   68 |   RCC_ClkInitStruct.APB1CLKDivider = RCC_HCLK_DIV1;
      |                                      ^~~~~~~~~~~~~
../Src/main.c:69:20: error: request for member 'APB2CLKDivider' in something not a structure or union
   69 |   RCC_ClkInitStruct.APB2CLKDivider = RCC_HCLK_DIV1;
      |                    ^
../Src/main.c:71:7: warning: implicit declaration of function 'HAL_RCC_ClockConfig' [-Wimplicit-function-declaration]
   71 |   if (HAL_RCC_ClockConfig(&RCC_ClkInitStruct, FLASH_LATENCY_0) != HAL_OK)
      |       ^~~~~~~~~~~~~~~~~~~
../Src/main.c:71:47: error: 'FLASH_LATENCY_0' undeclared (first use in this function)
   71 |   if (HAL_RCC_ClockConfig(&RCC_ClkInitStruct, FLASH_LATENCY_0) != HAL_OK)
      |                                               ^~~~~~~~~~~~~~~
../Src/main.c: In function 'MX_GPIO_Init':
../Src/main.c:79:17: error: unknown type name 'GPIO_InitTypeDef'
   79 |                 GPIO_InitTypeDef GPIO_InitStruct = {0};
      |                 ^~~~~~~~~~~~~~~~
../Src/main.c:84:17: warning: implicit declaration of function '___HAL_RCC_GPIOC_CLK_ENABLE' [-Wimplicit-function-declaration]
   84 |                 ___HAL_RCC_GPIOC_CLK_ENABLE();
      |                 ^~~~~~~~~~~~~~~~~~~~~~~~~~~
../Src/main.c:87:17: warning: implicit declaration of function 'HAL_GPIO_WritePin' [-Wimplicit-function-declaration]
   87 |                 HAL_GPIO_WritePin(GPIOC, GPIO_PIN_13, GPIO_PIN_RESET);
      |                 ^~~~~~~~~~~~~~~~~
../Src/main.c:87:35: error: 'GPIOC' undeclared (first use in this function)
   87 |                 HAL_GPIO_WritePin(GPIOC, GPIO_PIN_13, GPIO_PIN_RESET);
      |                                   ^~~~~
../Src/main.c:87:42: error: 'GPIO_PIN_13' undeclared (first use in this function)
   87 |                 HAL_GPIO_WritePin(GPIOC, GPIO_PIN_13, GPIO_PIN_RESET);
      |                                          ^~~~~~~~~~~
../Src/main.c:87:55: error: 'GPIO_PIN_RESET' undeclared (first use in this function)
   87 |                 HAL_GPIO_WritePin(GPIOC, GPIO_PIN_13, GPIO_PIN_RESET);
      |                                                       ^~~~~~~~~~~~~~
../Src/main.c:90:17: error: 'GPIO_InitStruot' undeclared (first use in this function); did you mean 'GPIO_InitStruct'?
   90 |                 GPIO_InitStruot.Pin = GPIO_PIN_13;
      |                 ^~~~~~~~~~~~~~~
      |                 GPIO_InitStruct
../Src/main.c:91:40: error: 'GPIO_MODE_OUTPUT_PP' undeclared (first use in this function)
   91 |                 GPIO_InitStruot.Mode = GPIO_MODE_OUTPUT_PP;
      |                                        ^~~~~~~~~~~~~~~~~~~
../Src/main.c:92:40: error: 'GPIO_NOPULL' undeclared (first use in this function)
   92 |                 GPIO_InitStruot.Pull = GPIO_NOPULL;
      |                                        ^~~~~~~~~~~
../Src/main.c:93:41: error: 'GPIO_SPEED_FREQ_LOW' undeclared (first use in this function)
   93 |                 GPIO_InitStruot.Speed = GPIO_SPEED_FREQ_LOW;
      |                                         ^~~~~~~~~~~~~~~~~~~
../Src/main.c:94:17: warning: implicit declaration of function 'HAL_GPIO_Init'; did you mean 'MX_GPIO_Init'? [-Wimplicit-function-declaration]
   94 |                 HAL_GPIO_Init(GPIOC, &GPIO_InitStruo);
      |                 ^~~~~~~~~~~~~
      |                 MX_GPIO_Init
../Src/main.c:94:39: error: 'GPIO_InitStruo' undeclared (first use in this function); did you mean 'GPIO_InitStruct'?
   94 |                 HAL_GPIO_Init(GPIOC, &GPIO_InitStruo);
      |                                       ^~~~~~~~~~~~~~
      |                                       GPIO_InitStruct
../Src/main.c:79:34: warning: unused variable 'GPIO_InitStruct' [-Wunused-variable]
   79 |                 GPIO_InitTypeDef GPIO_InitStruct = {0};
      |                                  ^~~~~~~~~~~~~~~
../Src/main.c: At top level:
../Src/main.c:99:6: warning: conflicting types for 'Error_Handler'; have 'void(void)'
   99 | void Error_Handler(void)
      |      ^~~~~~~~~~~~~
../Src/main.c:59:5: note: previous implicit declaration of 'Error_Handler' with type 'void(void)'
   59 |     Error_Handler();
      |     ^~~~~~~~~~~~~
../Src/main.c: In function 'Error_Handler':
../Src/main.c:103:3: warning: implicit declaration of function '__disable_irq' [-Wimplicit-function-declaration]
  103 |   __disable_irq();
      |   ^~~~~~~~~~~~~
make: *** [Src/subdir.mk:25: Src/main.o] Error 1
make: *** Waiting for unfinished jobs....
"make -j4 all" terminated with exit code 2. Build might be incomplete.

10:02:59 Build Failed. 37 errors, 11 warnings. (took 966ms)

